This is pdfTeX, Version 3.14159265-2.6-1.40.17 (TeX Live 2016/W32TeX) (preloaded format=pdflatex 2016.10.10)  8 NOV 2018 14:06
entering extended mode
 restricted \write18 enabled.
 %&-line parsing enabled.
**./AAAI.tex
(./AAAI.tex
LaTeX2e <2016/03/31> patch level 3
Babel <3.9r> and hyphenation patterns for 83 language(s) loaded.
(f:/texlive/2016/texmf-dist/tex/latex/base/article.cls
Document Class: article 2014/09/29 v1.4h Standard LaTeX document class
(f:/texlive/2016/texmf-dist/tex/latex/base/size10.clo
File: size10.clo 2014/09/29 v1.4h Standard LaTeX file (size option)
)
\c@part=\count79
\c@section=\count80
\c@subsection=\count81
\c@subsubsection=\count82
\c@paragraph=\count83
\c@subparagraph=\count84
\c@figure=\count85
\c@table=\count86
\abovecaptionskip=\skip41
\belowcaptionskip=\skip42
\bibindent=\dimen102
)
(f:/texlive/2016/texmf-dist/tex/latex/multirow/multirow.sty
Package: multirow 2016/09/27 v2.0 Span multiple rows of a table
\multirow@colwidth=\skip43
\multirow@cnta=\count87
\multirow@cntb=\count88
\multirow@dima=\skip44
\bigstrutjot=\dimen103
)
(f:/texlive/2016/texmf-dist/tex/latex/amsmath/amsmath.sty
Package: amsmath 2016/06/28 v2.15d AMS math features
\@mathmargin=\skip45

For additional information on amsmath, use the `?' option.
(f:/texlive/2016/texmf-dist/tex/latex/amsmath/amstext.sty
Package: amstext 2000/06/29 v2.01 AMS text

(f:/texlive/2016/texmf-dist/tex/latex/amsmath/amsgen.sty
File: amsgen.sty 1999/11/30 v2.0 generic functions
\@emptytoks=\toks14
\ex@=\dimen104
))
(f:/texlive/2016/texmf-dist/tex/latex/amsmath/amsbsy.sty
Package: amsbsy 1999/11/29 v1.2d Bold Symbols
\pmbraise@=\dimen105
)
(f:/texlive/2016/texmf-dist/tex/latex/amsmath/amsopn.sty
Package: amsopn 2016/03/08 v2.02 operator names
)
\inf@bad=\count89
LaTeX Info: Redefining \frac on input line 199.
\uproot@=\count90
\leftroot@=\count91
LaTeX Info: Redefining \overline on input line 297.
\classnum@=\count92
\DOTSCASE@=\count93
LaTeX Info: Redefining \ldots on input line 394.
LaTeX Info: Redefining \dots on input line 397.
LaTeX Info: Redefining \cdots on input line 518.
\Mathstrutbox@=\box26
\strutbox@=\box27
\big@size=\dimen106
LaTeX Font Info:    Redeclaring font encoding OML on input line 634.
LaTeX Font Info:    Redeclaring font encoding OMS on input line 635.
\macc@depth=\count94
\c@MaxMatrixCols=\count95
\dotsspace@=\muskip10
\c@parentequation=\count96
\dspbrk@lvl=\count97
\tag@help=\toks15
\row@=\count98
\column@=\count99
\maxfields@=\count100
\andhelp@=\toks16
\eqnshift@=\dimen107
\alignsep@=\dimen108
\tagshift@=\dimen109
\tagwidth@=\dimen110
\totwidth@=\dimen111
\lineht@=\dimen112
\@envbody=\toks17
\multlinegap=\skip46
\multlinetaggap=\skip47
\mathdisplay@stack=\toks18
LaTeX Info: Redefining \[ on input line 2739.
LaTeX Info: Redefining \] on input line 2740.
)
(f:/texlive/2016/texmf-dist/tex/latex/amsfonts/amsfonts.sty
Package: amsfonts 2013/01/14 v3.01 Basic AMSFonts support
\symAMSa=\mathgroup4
\symAMSb=\mathgroup5
LaTeX Font Info:    Overwriting math alphabet `\mathfrak' in version `bold'
(Font)                  U/euf/m/n --> U/euf/b/n on input line 106.
)
(f:/texlive/2016/texmf-dist/tex/latex/booktabs/booktabs.sty
Package: booktabs 2016/04/27 v1.618033 publication quality tables
\heavyrulewidth=\dimen113
\lightrulewidth=\dimen114
\cmidrulewidth=\dimen115
\belowrulesep=\dimen116
\belowbottomsep=\dimen117
\aboverulesep=\dimen118
\abovetopsep=\dimen119
\cmidrulesep=\dimen120
\cmidrulekern=\dimen121
\defaultaddspace=\dimen122
\@cmidla=\count101
\@cmidlb=\count102
\@aboverulesep=\dimen123
\@belowrulesep=\dimen124
\@thisruleclass=\count103
\@lastruleclass=\count104
\@thisrulewidth=\dimen125
)
(f:/texlive/2016/texmf-dist/tex/latex/tools/array.sty
Package: array 2014/10/28 v2.4c Tabular extension package (FMi)
\col@sep=\dimen126
\extrarowheight=\dimen127
\NC@list=\toks19
\extratabsurround=\skip48
\backup@length=\skip49
) (./aaai19.sty
Conference Style for AAAI for LaTeX 2e -- version for the AAAI-19 conference
\titlebox=\skip50
) (f:/texlive/2016/texmf-dist/tex/latex/psnfss/times.sty
Package: times 2005/04/12 PSNFSS-v9.2a (SPQR) 
)
(f:/texlive/2016/texmf-dist/tex/latex/psnfss/helvet.sty
Package: helvet 2005/04/12 PSNFSS-v9.2a (WaS) 

(f:/texlive/2016/texmf-dist/tex/latex/graphics/keyval.sty
Package: keyval 2014/10/28 v1.15 key=value parser (DPC)
\KV@toks@=\toks20
))
(f:/texlive/2016/texmf-dist/tex/latex/psnfss/courier.sty
Package: courier 2005/04/12 PSNFSS-v9.2a (WaS) 
)
(f:/texlive/2016/texmf-dist/tex/latex/url/url.sty
\Urlmuskip=\muskip11
Package: url 2013/09/16  ver 3.4  Verb mode for urls, etc.
)
(f:/texlive/2016/texmf-dist/tex/latex/graphics/graphicx.sty
Package: graphicx 2014/10/28 v1.0g Enhanced LaTeX Graphics (DPC,SPQR)

(f:/texlive/2016/texmf-dist/tex/latex/graphics/graphics.sty
Package: graphics 2016/07/10 v1.0t Standard LaTeX Graphics (DPC,SPQR)

(f:/texlive/2016/texmf-dist/tex/latex/graphics/trig.sty
Package: trig 2016/01/03 v1.10 sin cos tan (DPC)
)
(f:/texlive/2016/texmf-dist/tex/latex/graphics-cfg/graphics.cfg
File: graphics.cfg 2016/06/04 v1.11 sample graphics configuration
)
Package graphics Info: Driver file: pdftex.def on input line 99.

(f:/texlive/2016/texmf-dist/tex/latex/graphics-def/pdftex.def
File: pdftex.def 2016/07/10 v0.06j Graphics/color for pdfTeX

(f:/texlive/2016/texmf-dist/tex/generic/oberdiek/infwarerr.sty
Package: infwarerr 2016/05/16 v1.4 Providing info/warning/error messages (HO)
)
(f:/texlive/2016/texmf-dist/tex/generic/oberdiek/ltxcmds.sty
Package: ltxcmds 2016/05/16 v1.23 LaTeX kernel commands for general use (HO)
)
\Gread@gobject=\count105
))
\Gin@req@height=\dimen128
\Gin@req@width=\dimen129
) (./AAAI.aux)
\openout1 = `AAAI.aux'.

LaTeX Font Info:    Checking defaults for OML/cmm/m/it on input line 32.
LaTeX Font Info:    ... okay on input line 32.
LaTeX Font Info:    Checking defaults for T1/cmr/m/n on input line 32.
LaTeX Font Info:    ... okay on input line 32.
LaTeX Font Info:    Checking defaults for OT1/cmr/m/n on input line 32.
LaTeX Font Info:    ... okay on input line 32.
LaTeX Font Info:    Checking defaults for OMS/cmsy/m/n on input line 32.
LaTeX Font Info:    ... okay on input line 32.
LaTeX Font Info:    Checking defaults for OMX/cmex/m/n on input line 32.
LaTeX Font Info:    ... okay on input line 32.
LaTeX Font Info:    Checking defaults for U/cmr/m/n on input line 32.
LaTeX Font Info:    ... okay on input line 32.
LaTeX Font Info:    Try loading font information for OT1+ptm on input line 32.

(f:/texlive/2016/texmf-dist/tex/latex/psnfss/ot1ptm.fd
File: ot1ptm.fd 2001/06/04 font definitions for OT1/ptm.
)
(f:/texlive/2016/texmf-dist/tex/context/base/mkii/supp-pdf.mkii
[Loading MPS to PDF converter (version 2006.09.02).]
\scratchcounter=\count106
\scratchdimen=\dimen130
\scratchbox=\box28
\nofMPsegments=\count107
\nofMParguments=\count108
\everyMPshowfont=\toks21
\MPscratchCnt=\count109
\MPscratchDim=\dimen131
\MPnumerator=\count110
\makeMPintoPDFobject=\count111
\everyMPtoPDFconversion=\toks22
) (f:/texlive/2016/texmf-dist/tex/generic/oberdiek/pdftexcmds.sty
Package: pdftexcmds 2016/05/21 v0.22 Utility functions of pdfTeX for LuaTeX (HO
)

(f:/texlive/2016/texmf-dist/tex/generic/oberdiek/ifluatex.sty
Package: ifluatex 2016/05/16 v1.4 Provides the ifluatex switch (HO)
Package ifluatex Info: LuaTeX not detected.
)
(f:/texlive/2016/texmf-dist/tex/generic/oberdiek/ifpdf.sty
Package: ifpdf 2016/05/14 v3.1 Provides the ifpdf switch
)
Package pdftexcmds Info: LuaTeX not detected.
Package pdftexcmds Info: \pdf@primitive is available.
Package pdftexcmds Info: \pdf@ifprimitive is available.
Package pdftexcmds Info: \pdfdraftmode found.
)
(f:/texlive/2016/texmf-dist/tex/latex/oberdiek/epstopdf-base.sty
Package: epstopdf-base 2016/05/15 v2.6 Base part for package epstopdf

(f:/texlive/2016/texmf-dist/tex/latex/oberdiek/grfext.sty
Package: grfext 2016/05/16 v1.2 Manage graphics extensions (HO)

(f:/texlive/2016/texmf-dist/tex/generic/oberdiek/kvdefinekeys.sty
Package: kvdefinekeys 2016/05/16 v1.4 Define keys (HO)
))
(f:/texlive/2016/texmf-dist/tex/latex/oberdiek/kvoptions.sty
Package: kvoptions 2016/05/16 v3.12 Key value format for package options (HO)

(f:/texlive/2016/texmf-dist/tex/generic/oberdiek/kvsetkeys.sty
Package: kvsetkeys 2016/05/16 v1.17 Key value parser (HO)

(f:/texlive/2016/texmf-dist/tex/generic/oberdiek/etexcmds.sty
Package: etexcmds 2016/05/16 v1.6 Avoid name clashes with e-TeX commands (HO)
Package etexcmds Info: Could not find \expanded.
(etexcmds)             That can mean that you are not using pdfTeX 1.50 or
(etexcmds)             that some package has redefined \expanded.
(etexcmds)             In the latter case, load this package earlier.
)))
Package epstopdf-base Info: Redefining graphics rule for `.eps' on input line 4
38.
Package grfext Info: Graphics extension search list:
(grfext)             [.png,.pdf,.jpg,.mps,.jpeg,.jbig2,.jb2,.PNG,.PDF,.JPG,.JPE
G,.JBIG2,.JB2,.eps]
(grfext)             \AppendGraphicsExtensions on input line 456.

(f:/texlive/2016/texmf-dist/tex/latex/latexconfig/epstopdf-sys.cfg
File: epstopdf-sys.cfg 2010/07/13 v1.3 Configuration of (r)epstopdf for TeX Liv
e
))
LaTeX Font Info:    Font shape `OT1/ptm/bx/n' in size <14.4> not available
(Font)              Font shape `OT1/ptm/b/n' tried instead on input line 39.
LaTeX Font Info:    Try loading font information for U+msa on input line 39.

(f:/texlive/2016/texmf-dist/tex/latex/amsfonts/umsa.fd
File: umsa.fd 2013/01/14 v3.01 AMS symbols A
)
LaTeX Font Info:    Try loading font information for U+msb on input line 39.

(f:/texlive/2016/texmf-dist/tex/latex/amsfonts/umsb.fd
File: umsb.fd 2013/01/14 v3.01 AMS symbols B
)
LaTeX Font Info:    Font shape `OT1/ptm/bx/n' in size <12> not available
(Font)              Font shape `OT1/ptm/b/n' tried instead on input line 39.
LaTeX Font Info:    Try loading font information for OMS+ptm on input line 39.

(f:/texlive/2016/texmf-dist/tex/latex/psnfss/omsptm.fd
File: omsptm.fd 
)
LaTeX Font Info:    Font shape `OMS/ptm/m/n' in size <9> not available
(Font)              Font shape `OMS/cmsy/m/n' tried instead on input line 39.
LaTeX Font Info:    Font shape `OT1/ptm/bx/n' in size <10> not available
(Font)              Font shape `OT1/ptm/b/n' tried instead on input line 41.
 [1{f:/texlive/2016/texmf-var/fonts/map/pdftex/updmap/pdftex.map}



]
Underfull \hbox (badness 6792) in paragraph at lines 62--62
[]\OT1/ptm/m/n/10 Table 1: The cell-phone ex-am-ple to il-lus-trate non-
 []


Overfull \hbox (2.7534pt too wide) in paragraph at lines 64--72
 [] 
 []

LaTeX Font Info:    Font shape `OT1/ptm/bx/n' in size <10.95> not available
(Font)              Font shape `OT1/ptm/b/n' tried instead on input line 107.

Underfull \hbox (badness 1902) in paragraph at lines 121--122
[]\OT1/ptm/b/n/10 Neighborhood Fac-tor-iza-tion\OT1/ptm/m/n/10 . In tra-di-tion
al mem-ory
 []

[2]
Underfull \hbox (badness 4713) in paragraph at lines 153--154
[]\OT1/ptm/b/n/10 Bradley-Terry Model. \OT1/ptm/m/n/10 An-other ex-ten-sively s
tud-ied
 []

[3] <conceptualmodel.pdf, id=25, 426.57867pt x 252.20422pt>
File: conceptualmodel.pdf Graphic file (type pdf)

<use conceptualmodel.pdf>
Package pdftex.def Info: conceptualmodel.pdf used on input line 170.
(pdftex.def)             Requested size: 202.3529pt x 119.6366pt.

Underfull \hbox (badness 10000) in paragraph at lines 186--187
[]\OT1/ptm/b/n/10 Non-compensatory Neigh-bor-hood Fac-tor-iza-tion:
 []


Underfull \hbox (badness 10000) in paragraph at lines 186--187
\OT1/ptm/b/n/10 AMF-N \OT1/ptm/m/n/10 im-ple-ments a sim-i-lar scheme by set-ti
ng
 []


Overfull \hbox (27.68806pt too wide) detected at line 189
[] \OT1/cmr/m/n/10 = [] [][\OT1/cmr/bx/n/10 q[] [] \OML/cmm/m/it/10 ^^R \OT1/cm
r/m/n/10 + [](\OT1/cmr/bx/n/10 q[] \OMS/cmsy/m/n/10 ^^@ \OT1/cmr/bx/n/10 b[]\OT
1/cmr/m/n/10 )]\OML/cmm/m/it/10 :
 []


Underfull \hbox (badness 1975) in paragraph at lines 203--204
\OT1/ptm/m/n/10 tic gra-di-ent de-scent (SGD) in in-fer-ence with $[] \OT1/cmr/
m/n/10 =
 []


Underfull \hbox (badness 2529) in paragraph at lines 203--204
[]$\OT1/ptm/m/n/10 . The same pro-ce-dure ap-plies to mod-i-fy-ing FS-
 []

[4 <./conceptualmodel.pdf

pdfTeX warning: pdflatex.exe (file ./conceptualmodel.pdf): PDF inclusion: inval
id other resource which is no dict (key 'ColorSpace', type <null>); ignored.


pdfTeX warning: pdflatex.exe (file ./conceptualmodel.pdf): PDF inclusion: inval
id other resource which is no dict (key 'Pattern', type <null>); ignored.


pdfTeX warning: pdflatex.exe (file ./conceptualmodel.pdf): PDF inclusion: inval
id other resource which is no dict (key 'ExtGState', type <null>); ignored.
>]
Underfull \hbox (badness 10000) in paragraph at lines 252--253
[]\OT1/ptm/b/n/10 Comparative Meth-ods\OT1/ptm/m/n/10 . We com-pare the non-
 []


Overfull \hbox (6.61273pt too wide) in paragraph at lines 262--262
 []|\OT1/ptm/m/n/6 Dataset| 
 []


Overfull \hbox (3.07611pt too wide) in paragraph at lines 262--262
[]|\OT1/ptm/m/n/6 Improve| 
 []


Overfull \hbox (2.7715pt too wide) in paragraph at lines 262--262
[]|\OT1/ptm/m/n/6 NDCG| 
 []


Overfull \hbox (3.07611pt too wide) in paragraph at lines 262--262
[]|\OT1/ptm/m/n/6 Improve| 
 []


Overfull \hbox (3.07611pt too wide) in paragraph at lines 262--262
[]|\OT1/ptm/m/n/6 Improve| 
 []


Overfull \hbox (4.19496pt too wide) in paragraph at lines 263--263
 []|[]| 
 []


Overfull \hbox (6.38445pt too wide) in paragraph at lines 263--263
[]|$\OT1/cmr/m/n/6 0\OML/cmm/m/it/6 :\OT1/cmr/m/n/6 6661$| 
 []


Overfull \hbox (6.38445pt too wide) in paragraph at lines 263--263
[]|$\OT1/cmr/m/n/6 0\OML/cmm/m/it/6 :\OT1/cmr/m/n/6 6856$| 
 []


Overfull \hbox (6.38445pt too wide) in paragraph at lines 263--263
[]|$\OT1/cmr/m/n/6 0\OML/cmm/m/it/6 :\OT1/cmr/m/n/6 8391$| 
 []


Overfull \hbox (6.38445pt too wide) in paragraph at lines 265--265
[]|$\OT1/cmr/m/n/6 0\OML/cmm/m/it/6 :\OT1/cmr/m/n/6 6990$| 
 []


Overfull \hbox (2.20569pt too wide) in paragraph at lines 265--265
[]|$\OT1/cmr/m/n/6 4\OML/cmm/m/it/6 :\OT1/cmr/m/n/6 94%$| 
 []


Overfull \hbox (6.38445pt too wide) in paragraph at lines 265--265
[]|$\OT1/cmr/m/n/6 0\OML/cmm/m/it/6 :\OT1/cmr/m/n/6 7107$| 
 []


Overfull \hbox (2.20569pt too wide) in paragraph at lines 265--265
[]|$\OT1/cmr/m/n/6 3\OML/cmm/m/it/6 :\OT1/cmr/m/n/6 67%$| 
 []


Overfull \hbox (6.38445pt too wide) in paragraph at lines 265--265
[]|$\OT1/cmr/m/n/6 0\OML/cmm/m/it/6 :\OT1/cmr/m/n/6 8745$| 
 []


Overfull \hbox (2.20569pt too wide) in paragraph at lines 265--267
[]|$\OT1/cmr/m/n/6 4\OML/cmm/m/it/6 :\OT1/cmr/m/n/6 23%$| 
 []


Overfull \hbox (6.38445pt too wide) in paragraph at lines 267--267
[]|$\OT1/cmr/m/n/6 0\OML/cmm/m/it/6 :\OT1/cmr/m/n/6 6043$| 
 []


Overfull \hbox (6.38445pt too wide) in paragraph at lines 267--267
[]|$\OT1/cmr/m/n/6 0\OML/cmm/m/it/6 :\OT1/cmr/m/n/6 5003$| 
 []


Overfull \hbox (6.38445pt too wide) in paragraph at lines 267--267
[]|$\OT1/cmr/m/n/6 0\OML/cmm/m/it/6 :\OT1/cmr/m/n/6 7506$| 
 []


Overfull \hbox (6.38445pt too wide) in paragraph at lines 269--269
[]|$\OT1/cmr/m/n/6 0\OML/cmm/m/it/6 :\OT1/cmr/m/n/6 6129$| 
 []


Overfull \hbox (2.20569pt too wide) in paragraph at lines 269--269
[]|$\OT1/cmr/m/n/6 1\OML/cmm/m/it/6 :\OT1/cmr/m/n/6 43%$| 
 []


Overfull \hbox (6.38445pt too wide) in paragraph at lines 269--269
[]|$\OT1/cmr/m/n/6 0\OML/cmm/m/it/6 :\OT1/cmr/m/n/6 5027$| 
 []


Overfull \hbox (2.20569pt too wide) in paragraph at lines 269--269
[]|$\OT1/cmr/m/n/6 0\OML/cmm/m/it/6 :\OT1/cmr/m/n/6 48%$| 
 []


Overfull \hbox (6.38445pt too wide) in paragraph at lines 269--269
[]|$\OT1/cmr/m/n/6 0\OML/cmm/m/it/6 :\OT1/cmr/m/n/6 7559$| 
 []


Overfull \hbox (2.20569pt too wide) in paragraph at lines 269--271
[]|$\OT1/cmr/m/n/6 0\OML/cmm/m/it/6 :\OT1/cmr/m/n/6 71%$| 
 []


Overfull \hbox (6.38445pt too wide) in paragraph at lines 271--271
[]|$\OT1/cmr/m/n/6 0\OML/cmm/m/it/6 :\OT1/cmr/m/n/6 6453$| 
 []


Overfull \hbox (6.38445pt too wide) in paragraph at lines 271--271
[]|$\OT1/cmr/m/n/6 0\OML/cmm/m/it/6 :\OT1/cmr/m/n/6 8734$| 
 []


Overfull \hbox (6.38445pt too wide) in paragraph at lines 271--271
[]|$\OT1/cmr/m/n/6 0\OML/cmm/m/it/6 :\OT1/cmr/m/n/6 7015$| 
 []


Overfull \hbox (6.38445pt too wide) in paragraph at lines 273--273
[]|$\OT1/cmr/m/n/6 0\OML/cmm/m/it/6 :\OT1/cmr/m/n/6 6518$| 
 []


Overfull \hbox (2.20569pt too wide) in paragraph at lines 273--273
[]|$\OT1/cmr/m/n/6 1\OML/cmm/m/it/6 :\OT1/cmr/m/n/6 01%$| 
 []


Overfull \hbox (6.38445pt too wide) in paragraph at lines 273--273
[]|$\OT1/cmr/m/n/6 0\OML/cmm/m/it/6 :\OT1/cmr/m/n/6 8999$| 
 []


Overfull \hbox (2.20569pt too wide) in paragraph at lines 273--273
[]|$\OT1/cmr/m/n/6 3\OML/cmm/m/it/6 :\OT1/cmr/m/n/6 03%$| 
 []


Overfull \hbox (6.38445pt too wide) in paragraph at lines 273--273
[]|$\OT1/cmr/m/n/6 0\OML/cmm/m/it/6 :\OT1/cmr/m/n/6 7187$| 
 []


Overfull \hbox (2.20569pt too wide) in paragraph at lines 273--274
[]|$\OT1/cmr/m/n/6 2\OML/cmm/m/it/6 :\OT1/cmr/m/n/6 45%$| 
 []


Overfull \hbox (6.38445pt too wide) in paragraph at lines 275--275
[]|$\OT1/cmr/m/n/6 0\OML/cmm/m/it/6 :\OT1/cmr/m/n/6 6056$| 
 []


Overfull \hbox (6.38445pt too wide) in paragraph at lines 275--275
[]|$\OT1/cmr/m/n/6 0\OML/cmm/m/it/6 :\OT1/cmr/m/n/6 5240$| 
 []


Overfull \hbox (6.38445pt too wide) in paragraph at lines 275--275
[]|$\OT1/cmr/m/n/6 0\OML/cmm/m/it/6 :\OT1/cmr/m/n/6 7522$| 
 []


Overfull \hbox (6.38445pt too wide) in paragraph at lines 277--277
[]|$\OT1/cmr/m/n/6 0\OML/cmm/m/it/6 :\OT1/cmr/m/n/6 6166$| 
 []


Overfull \hbox (2.20569pt too wide) in paragraph at lines 277--277
[]|$\OT1/cmr/m/n/6 1\OML/cmm/m/it/6 :\OT1/cmr/m/n/6 81%$| 
 []


Overfull \hbox (6.38445pt too wide) in paragraph at lines 277--277
[]|$\OT1/cmr/m/n/6 0\OML/cmm/m/it/6 :\OT1/cmr/m/n/6 5252$| 
 []


Overfull \hbox (2.20569pt too wide) in paragraph at lines 277--277
[]|$\OT1/cmr/m/n/6 0\OML/cmm/m/it/6 :\OT1/cmr/m/n/6 24%$| 
 []


Overfull \hbox (6.38445pt too wide) in paragraph at lines 277--277
[]|$\OT1/cmr/m/n/6 0\OML/cmm/m/it/6 :\OT1/cmr/m/n/6 7624$| 
 []


Overfull \hbox (2.20569pt too wide) in paragraph at lines 277--279
[]|$\OT1/cmr/m/n/6 1\OML/cmm/m/it/6 :\OT1/cmr/m/n/6 35%$| 
 []


Overfull \hbox (6.38445pt too wide) in paragraph at lines 279--279
[]|$\OT1/cmr/m/n/6 0\OML/cmm/m/it/6 :\OT1/cmr/m/n/6 6244$| 
 []


Overfull \hbox (6.38445pt too wide) in paragraph at lines 279--279
[]|$\OT1/cmr/m/n/6 0\OML/cmm/m/it/6 :\OT1/cmr/m/n/6 5055$| 
 []


Overfull \hbox (6.38445pt too wide) in paragraph at lines 279--279
[]|$\OT1/cmr/m/n/6 0\OML/cmm/m/it/6 :\OT1/cmr/m/n/6 7622$| 
 []


Overfull \hbox (6.38445pt too wide) in paragraph at lines 281--281
[]|$\OT1/cmr/m/n/6 0\OML/cmm/m/it/6 :\OT1/cmr/m/n/6 6436$| 
 []


Overfull \hbox (2.20569pt too wide) in paragraph at lines 281--281
[]|$\OT1/cmr/m/n/6 3\OML/cmm/m/it/6 :\OT1/cmr/m/n/6 07%$| 
 []


Overfull \hbox (6.38445pt too wide) in paragraph at lines 281--281
[]|$\OT1/cmr/m/n/6 0\OML/cmm/m/it/6 :\OT1/cmr/m/n/6 5098$| 
 []


Overfull \hbox (2.20569pt too wide) in paragraph at lines 281--281
[]|$\OT1/cmr/m/n/6 0\OML/cmm/m/it/6 :\OT1/cmr/m/n/6 85%$| 
 []


Overfull \hbox (6.38445pt too wide) in paragraph at lines 281--281
[]|$\OT1/cmr/m/n/6 0\OML/cmm/m/it/6 :\OT1/cmr/m/n/6 7717$| 
 []


Overfull \hbox (2.20569pt too wide) in paragraph at lines 281--283
[]|$\OT1/cmr/m/n/6 1\OML/cmm/m/it/6 :\OT1/cmr/m/n/6 24%$| 
 []


Overfull \hbox (6.38445pt too wide) in paragraph at lines 283--283
[]|$\OT1/cmr/m/n/6 0\OML/cmm/m/it/6 :\OT1/cmr/m/n/6 5336$| 
 []


Overfull \hbox (6.38445pt too wide) in paragraph at lines 283--283
[]|$\OT1/cmr/m/n/6 0\OML/cmm/m/it/6 :\OT1/cmr/m/n/6 8596$| 
 []


Overfull \hbox (6.38445pt too wide) in paragraph at lines 283--283
[]|$\OT1/cmr/m/n/6 0\OML/cmm/m/it/6 :\OT1/cmr/m/n/6 7857$| 
 []


Overfull \hbox (6.38445pt too wide) in paragraph at lines 285--285
[]|$\OT1/cmr/m/n/6 0\OML/cmm/m/it/6 :\OT1/cmr/m/n/6 5517$| 
 []


Overfull \hbox (2.20569pt too wide) in paragraph at lines 285--285
[]|$\OT1/cmr/m/n/6 3\OML/cmm/m/it/6 :\OT1/cmr/m/n/6 39%$| 
 []


Overfull \hbox (6.38445pt too wide) in paragraph at lines 285--285
[]|$\OT1/cmr/m/n/6 0\OML/cmm/m/it/6 :\OT1/cmr/m/n/6 8684$| 
 []


Overfull \hbox (2.20569pt too wide) in paragraph at lines 285--285
[]|$\OT1/cmr/m/n/6 1\OML/cmm/m/it/6 :\OT1/cmr/m/n/6 02%$| 
 []


Overfull \hbox (6.38445pt too wide) in paragraph at lines 285--285
[]|$\OT1/cmr/m/n/6 0\OML/cmm/m/it/6 :\OT1/cmr/m/n/6 8068$| 
 []


Overfull \hbox (2.20569pt too wide) in paragraph at lines 285--286
[]|$\OT1/cmr/m/n/6 2\OML/cmm/m/it/6 :\OT1/cmr/m/n/6 69%$| 
 []


Overfull \hbox (1.37505pt too wide) in paragraph at lines 287--287
 []|[]| 
 []


Overfull \hbox (6.38445pt too wide) in paragraph at lines 287--287
[]|$\OT1/cmr/m/n/6 0\OML/cmm/m/it/6 :\OT1/cmr/m/n/6 5915$| 
 []


Overfull \hbox (6.38445pt too wide) in paragraph at lines 287--287
[]|$\OT1/cmr/m/n/6 0\OML/cmm/m/it/6 :\OT1/cmr/m/n/6 6497$| 
 []


Overfull \hbox (6.38445pt too wide) in paragraph at lines 287--287
[]|$\OT1/cmr/m/n/6 0\OML/cmm/m/it/6 :\OT1/cmr/m/n/6 8427$| 
 []


Overfull \hbox (6.38445pt too wide) in paragraph at lines 289--289
[]|$\OT1/cmr/m/n/6 0\OML/cmm/m/it/6 :\OT1/cmr/m/n/6 6948$| 
 []


Overfull \hbox (5.8723pt too wide) in paragraph at lines 289--289
[]|$\OT1/cmr/m/n/6 17\OML/cmm/m/it/6 :\OT1/cmr/m/n/6 45%$| 
 []


Overfull \hbox (6.38445pt too wide) in paragraph at lines 289--289
[]|$\OT1/cmr/m/n/6 0\OML/cmm/m/it/6 :\OT1/cmr/m/n/6 6872$| 
 []


Overfull \hbox (2.20569pt too wide) in paragraph at lines 289--289
[]|$\OT1/cmr/m/n/6 5\OML/cmm/m/it/6 :\OT1/cmr/m/n/6 77%$| 
 []


Overfull \hbox (6.38445pt too wide) in paragraph at lines 289--289
[]|$\OT1/cmr/m/n/6 0\OML/cmm/m/it/6 :\OT1/cmr/m/n/6 8969$| 
 []


Overfull \hbox (2.20569pt too wide) in paragraph at lines 289--291
[]|$\OT1/cmr/m/n/6 6\OML/cmm/m/it/6 :\OT1/cmr/m/n/6 43%$| 
 []


Overfull \hbox (6.38445pt too wide) in paragraph at lines 291--291
[]|$\OT1/cmr/m/n/6 0\OML/cmm/m/it/6 :\OT1/cmr/m/n/6 6211$| 
 []


Overfull \hbox (6.38445pt too wide) in paragraph at lines 291--291
[]|$\OT1/cmr/m/n/6 0\OML/cmm/m/it/6 :\OT1/cmr/m/n/6 5048$| 
 []


Overfull \hbox (6.38445pt too wide) in paragraph at lines 291--291
[]|$\OT1/cmr/m/n/6 0\OML/cmm/m/it/6 :\OT1/cmr/m/n/6 7607$| 
 []


Overfull \hbox (6.38445pt too wide) in paragraph at lines 293--293
[]|$\OT1/cmr/m/n/6 0\OML/cmm/m/it/6 :\OT1/cmr/m/n/6 7993$| 
 []


Overfull \hbox (5.8723pt too wide) in paragraph at lines 293--293
[]|$\OT1/cmr/m/n/6 28\OML/cmm/m/it/6 :\OT1/cmr/m/n/6 69%$| 
 []


Overfull \hbox (6.38445pt too wide) in paragraph at lines 293--293
[]|$\OT1/cmr/m/n/6 0\OML/cmm/m/it/6 :\OT1/cmr/m/n/6 5657$| 
 []


Overfull \hbox (5.8723pt too wide) in paragraph at lines 293--293
[]|$\OT1/cmr/m/n/6 12\OML/cmm/m/it/6 :\OT1/cmr/m/n/6 05%$| 
 []


Overfull \hbox (6.38445pt too wide) in paragraph at lines 293--293
[]|$\OT1/cmr/m/n/6 0\OML/cmm/m/it/6 :\OT1/cmr/m/n/6 8950$| 
 []


Overfull \hbox (5.8723pt too wide) in paragraph at lines 293--295
[]|$\OT1/cmr/m/n/6 17\OML/cmm/m/it/6 :\OT1/cmr/m/n/6 67%$| 
 []


Overfull \hbox (6.38445pt too wide) in paragraph at lines 295--295
[]|$\OT1/cmr/m/n/6 0\OML/cmm/m/it/6 :\OT1/cmr/m/n/6 6986$| 
 []


Overfull \hbox (6.38445pt too wide) in paragraph at lines 295--295
[]|$\OT1/cmr/m/n/6 0\OML/cmm/m/it/6 :\OT1/cmr/m/n/6 7827$| 
 []


Overfull \hbox (6.38445pt too wide) in paragraph at lines 295--295
[]|$\OT1/cmr/m/n/6 0\OML/cmm/m/it/6 :\OT1/cmr/m/n/6 8267$| 
 []


Overfull \hbox (6.38445pt too wide) in paragraph at lines 297--297
[]|$\OT1/cmr/m/n/6 0\OML/cmm/m/it/6 :\OT1/cmr/m/n/6 7064$| 
 []


Overfull \hbox (2.20569pt too wide) in paragraph at lines 297--297
[]|$\OT1/cmr/m/n/6 1\OML/cmm/m/it/6 :\OT1/cmr/m/n/6 12%$| 
 []


Overfull \hbox (6.38445pt too wide) in paragraph at lines 297--297
[]|$\OT1/cmr/m/n/6 0\OML/cmm/m/it/6 :\OT1/cmr/m/n/6 7984$| 
 []


Overfull \hbox (2.20569pt too wide) in paragraph at lines 297--297
[]|$\OT1/cmr/m/n/6 2\OML/cmm/m/it/6 :\OT1/cmr/m/n/6 00%$| 
 []


Overfull \hbox (6.38445pt too wide) in paragraph at lines 297--297
[]|$\OT1/cmr/m/n/6 0\OML/cmm/m/it/6 :\OT1/cmr/m/n/6 8384$| 
 []


Overfull \hbox (2.20569pt too wide) in paragraph at lines 297--298
[]|$\OT1/cmr/m/n/6 1\OML/cmm/m/it/6 :\OT1/cmr/m/n/6 42%$| 
 []

[5]
Underfull \hbox (badness 10000) in paragraph at lines 312--313
[]\OT1/ptm/b/n/10 Comparative Meth-ods\OT1/ptm/m/n/10 . We com-pare the non-
 []


Underfull \hbox (badness 4013) in paragraph at lines 312--313
\OT1/ptm/m/n/10 compensatory ver-sions with the orig-i-nal ver-sions on
 []


Underfull \hbox (badness 1158) in paragraph at lines 312--313
\OT1/ptm/m/n/10 pre-dic-tion for-mula, (2) BPR ( Ren-dle et al[] 2009): the
 []


Underfull \hbox (badness 1990) in paragraph at lines 312--313
\OT1/ptm/m/n/10 Thursto-nian rank-ing model with MF rat-ing pre-dic-tion
 []


Overfull \hbox (6.61273pt too wide) in paragraph at lines 321--321
 []|\OT1/ptm/m/n/6 Dataset| 
 []


Overfull \hbox (3.07611pt too wide) in paragraph at lines 321--321
[]|\OT1/ptm/m/n/6 Improve| 
 []


Overfull \hbox (2.7715pt too wide) in paragraph at lines 321--321
[]|\OT1/ptm/m/n/6 NDCG| 
 []


Overfull \hbox (3.07611pt too wide) in paragraph at lines 321--321
[]|\OT1/ptm/m/n/6 Improve| 
 []


Overfull \hbox (3.07611pt too wide) in paragraph at lines 321--321
[]|\OT1/ptm/m/n/6 Improve| 
 []


Overfull \hbox (4.19496pt too wide) in paragraph at lines 322--322
 []|[]| 
 []


Overfull \hbox (6.38445pt too wide) in paragraph at lines 322--322
[]|$\OT1/cmr/m/n/6 0\OML/cmm/m/it/6 :\OT1/cmr/m/n/6 6021$| 
 []


Overfull \hbox (6.38445pt too wide) in paragraph at lines 322--322
[]|$\OT1/cmr/m/n/6 0\OML/cmm/m/it/6 :\OT1/cmr/m/n/6 5070$| 
 []


Overfull \hbox (6.38445pt too wide) in paragraph at lines 322--322
[]|$\OT1/cmr/m/n/6 0\OML/cmm/m/it/6 :\OT1/cmr/m/n/6 7654$| 
 []


Overfull \hbox (6.38445pt too wide) in paragraph at lines 324--324
[]|$\OT1/cmr/m/n/6 0\OML/cmm/m/it/6 :\OT1/cmr/m/n/6 6434$| 
 []


Overfull \hbox (2.20569pt too wide) in paragraph at lines 324--324
[]|$\OT1/cmr/m/n/6 6\OML/cmm/m/it/6 :\OT1/cmr/m/n/6 86%$| 
 []


Overfull \hbox (6.38445pt too wide) in paragraph at lines 324--324
[]|$\OT1/cmr/m/n/6 0\OML/cmm/m/it/6 :\OT1/cmr/m/n/6 5425$| 
 []


Overfull \hbox (2.20569pt too wide) in paragraph at lines 324--324
[]|$\OT1/cmr/m/n/6 7\OML/cmm/m/it/6 :\OT1/cmr/m/n/6 02%$| 
 []


Overfull \hbox (6.38445pt too wide) in paragraph at lines 324--324
[]|$\OT1/cmr/m/n/6 0\OML/cmm/m/it/6 :\OT1/cmr/m/n/6 8440$| 
 []


Overfull \hbox (5.8723pt too wide) in paragraph at lines 324--326
[]|$\OT1/cmr/m/n/6 10\OML/cmm/m/it/6 :\OT1/cmr/m/n/6 27%$| 
 []


Overfull \hbox (6.38445pt too wide) in paragraph at lines 326--326
[]|$\OT1/cmr/m/n/6 0\OML/cmm/m/it/6 :\OT1/cmr/m/n/6 7002$| 
 []


Overfull \hbox (6.38445pt too wide) in paragraph at lines 326--326
[]|$\OT1/cmr/m/n/6 0\OML/cmm/m/it/6 :\OT1/cmr/m/n/6 5443$| 
 []


Overfull \hbox (6.38445pt too wide) in paragraph at lines 326--326
[]|$\OT1/cmr/m/n/6 0\OML/cmm/m/it/6 :\OT1/cmr/m/n/6 8478$| 
 []


Overfull \hbox (6.38445pt too wide) in paragraph at lines 328--328
[]|$\OT1/cmr/m/n/6 0\OML/cmm/m/it/6 :\OT1/cmr/m/n/6 7246$| 
 []


Overfull \hbox (2.20569pt too wide) in paragraph at lines 328--328
[]|$\OT1/cmr/m/n/6 3\OML/cmm/m/it/6 :\OT1/cmr/m/n/6 48%$| 
 []


Overfull \hbox (6.38445pt too wide) in paragraph at lines 328--328
[]|$\OT1/cmr/m/n/6 0\OML/cmm/m/it/6 :\OT1/cmr/m/n/6 5508$| 
 []


Overfull \hbox (2.20569pt too wide) in paragraph at lines 328--328
[]|$\OT1/cmr/m/n/6 1\OML/cmm/m/it/6 :\OT1/cmr/m/n/6 20%$| 
 []


Overfull \hbox (6.38445pt too wide) in paragraph at lines 328--328
[]|$\OT1/cmr/m/n/6 0\OML/cmm/m/it/6 :\OT1/cmr/m/n/6 8623$| 
 []


Overfull \hbox (2.20569pt too wide) in paragraph at lines 328--330
[]|$\OT1/cmr/m/n/6 1\OML/cmm/m/it/6 :\OT1/cmr/m/n/6 71%$| 
 []


Overfull \hbox (6.38445pt too wide) in paragraph at lines 330--330
[]|$\OT1/cmr/m/n/6 0\OML/cmm/m/it/6 :\OT1/cmr/m/n/6 5923$| 
 []


Overfull \hbox (6.38445pt too wide) in paragraph at lines 330--330
[]|$\OT1/cmr/m/n/6 0\OML/cmm/m/it/6 :\OT1/cmr/m/n/6 4990$| 
 []


Overfull \hbox (6.38445pt too wide) in paragraph at lines 330--330
[]|$\OT1/cmr/m/n/6 0\OML/cmm/m/it/6 :\OT1/cmr/m/n/6 7484$| 
 []


Overfull \hbox (6.38445pt too wide) in paragraph at lines 332--332
[]|$\OT1/cmr/m/n/6 0\OML/cmm/m/it/6 :\OT1/cmr/m/n/6 6512$| 
 []


Overfull \hbox (2.20569pt too wide) in paragraph at lines 332--332
[]|$\OT1/cmr/m/n/6 9\OML/cmm/m/it/6 :\OT1/cmr/m/n/6 94%$| 
 []


Overfull \hbox (6.38445pt too wide) in paragraph at lines 332--332
[]|$\OT1/cmr/m/n/6 0\OML/cmm/m/it/6 :\OT1/cmr/m/n/6 5205$| 
 []


Overfull \hbox (2.20569pt too wide) in paragraph at lines 332--332
[]|$\OT1/cmr/m/n/6 4\OML/cmm/m/it/6 :\OT1/cmr/m/n/6 26%$| 
 []


Overfull \hbox (6.38445pt too wide) in paragraph at lines 332--332
[]|$\OT1/cmr/m/n/6 0\OML/cmm/m/it/6 :\OT1/cmr/m/n/6 7954$| 
 []


Overfull \hbox (2.20569pt too wide) in paragraph at lines 332--334
[]|$\OT1/cmr/m/n/6 6\OML/cmm/m/it/6 :\OT1/cmr/m/n/6 28%$| 
 []


Overfull \hbox (6.38445pt too wide) in paragraph at lines 334--334
[]|$\OT1/cmr/m/n/6 0\OML/cmm/m/it/6 :\OT1/cmr/m/n/6 6103$| 
 []


Overfull \hbox (6.38445pt too wide) in paragraph at lines 334--334
[]|$\OT1/cmr/m/n/6 0\OML/cmm/m/it/6 :\OT1/cmr/m/n/6 8278$| 
 []


Overfull \hbox (6.38445pt too wide) in paragraph at lines 334--334
[]|$\OT1/cmr/m/n/6 0\OML/cmm/m/it/6 :\OT1/cmr/m/n/6 6793$| 
 []


Overfull \hbox (6.38445pt too wide) in paragraph at lines 336--336
[]|$\OT1/cmr/m/n/6 0\OML/cmm/m/it/6 :\OT1/cmr/m/n/6 6212$| 
 []


Overfull \hbox (2.20569pt too wide) in paragraph at lines 336--336
[]|$\OT1/cmr/m/n/6 1\OML/cmm/m/it/6 :\OT1/cmr/m/n/6 79%$| 
 []


Overfull \hbox (6.38445pt too wide) in paragraph at lines 336--336
[]|$\OT1/cmr/m/n/6 0\OML/cmm/m/it/6 :\OT1/cmr/m/n/6 8365$| 
 []


Overfull \hbox (2.20569pt too wide) in paragraph at lines 336--336
[]|$\OT1/cmr/m/n/6 1\OML/cmm/m/it/6 :\OT1/cmr/m/n/6 05%$| 
 []


Overfull \hbox (6.38445pt too wide) in paragraph at lines 336--336
[]|$\OT1/cmr/m/n/6 0\OML/cmm/m/it/6 :\OT1/cmr/m/n/6 6862$| 
 []


Overfull \hbox (2.20569pt too wide) in paragraph at lines 336--337
[]|$\OT1/cmr/m/n/6 1\OML/cmm/m/it/6 :\OT1/cmr/m/n/6 02%$| 
 []


Overfull \hbox (6.38445pt too wide) in paragraph at lines 339--339
[]|$\OT1/cmr/m/n/6 0\OML/cmm/m/it/6 :\OT1/cmr/m/n/6 6317$| 
 []


Overfull \hbox (6.38445pt too wide) in paragraph at lines 339--339
[]|$\OT1/cmr/m/n/6 0\OML/cmm/m/it/6 :\OT1/cmr/m/n/6 5070$| 
 []


Overfull \hbox (6.38445pt too wide) in paragraph at lines 339--339
[]|$\OT1/cmr/m/n/6 0\OML/cmm/m/it/6 :\OT1/cmr/m/n/6 7654$| 
 []


Overfull \hbox (6.38445pt too wide) in paragraph at lines 341--341
[]|$\OT1/cmr/m/n/6 0\OML/cmm/m/it/6 :\OT1/cmr/m/n/6 7269$| 
 []


Overfull \hbox (5.8723pt too wide) in paragraph at lines 341--341
[]|$\OT1/cmr/m/n/6 15\OML/cmm/m/it/6 :\OT1/cmr/m/n/6 07%$| 
 []


Overfull \hbox (6.38445pt too wide) in paragraph at lines 341--341
[]|$\OT1/cmr/m/n/6 0\OML/cmm/m/it/6 :\OT1/cmr/m/n/6 5312$| 
 []


Overfull \hbox (2.20569pt too wide) in paragraph at lines 341--341
[]|$\OT1/cmr/m/n/6 4\OML/cmm/m/it/6 :\OT1/cmr/m/n/6 79%$| 
 []


Overfull \hbox (6.38445pt too wide) in paragraph at lines 341--341
[]|$\OT1/cmr/m/n/6 0\OML/cmm/m/it/6 :\OT1/cmr/m/n/6 8190$| 
 []


Overfull \hbox (2.20569pt too wide) in paragraph at lines 341--343
[]|$\OT1/cmr/m/n/6 7\OML/cmm/m/it/6 :\OT1/cmr/m/n/6 00%$| 
 []


Overfull \hbox (6.38445pt too wide) in paragraph at lines 343--343
[]|$\OT1/cmr/m/n/6 0\OML/cmm/m/it/6 :\OT1/cmr/m/n/6 7825$| 
 []


Overfull \hbox (6.38445pt too wide) in paragraph at lines 343--343
[]|$\OT1/cmr/m/n/6 0\OML/cmm/m/it/6 :\OT1/cmr/m/n/6 5147$| 
 []


Overfull \hbox (6.38445pt too wide) in paragraph at lines 343--343
[]|$\OT1/cmr/m/n/6 0\OML/cmm/m/it/6 :\OT1/cmr/m/n/6 7825$| 
 []


Overfull \hbox (6.38445pt too wide) in paragraph at lines 345--345
[]|$\OT1/cmr/m/n/6 0\OML/cmm/m/it/6 :\OT1/cmr/m/n/6 6728$| 
 []


Overfull \hbox (11.65002pt too wide) in paragraph at lines 345--345
[]|$\OMS/cmsy/m/n/6 ^^@\OT1/cmr/m/n/6 14\OML/cmm/m/it/6 :\OT1/cmr/m/n/6 02%$| 
 []


Overfull \hbox (6.38445pt too wide) in paragraph at lines 345--345
[]|$\OT1/cmr/m/n/6 0\OML/cmm/m/it/6 :\OT1/cmr/m/n/6 5392$| 
 []


Overfull \hbox (2.20569pt too wide) in paragraph at lines 345--345
[]|$\OT1/cmr/m/n/6 4\OML/cmm/m/it/6 :\OT1/cmr/m/n/6 75%$| 
 []


Overfull \hbox (6.38445pt too wide) in paragraph at lines 345--345
[]|$\OT1/cmr/m/n/6 0\OML/cmm/m/it/6 :\OT1/cmr/m/n/6 8365$| 
 []


Overfull \hbox (2.20569pt too wide) in paragraph at lines 345--347
[]|$\OT1/cmr/m/n/6 6\OML/cmm/m/it/6 :\OT1/cmr/m/n/6 91%$| 
 []


Overfull \hbox (6.38445pt too wide) in paragraph at lines 347--347
[]|$\OT1/cmr/m/n/6 0\OML/cmm/m/it/6 :\OT1/cmr/m/n/6 5970$| 
 []


Overfull \hbox (6.38445pt too wide) in paragraph at lines 347--347
[]|$\OT1/cmr/m/n/6 0\OML/cmm/m/it/6 :\OT1/cmr/m/n/6 4996$| 
 []


Overfull \hbox (6.38445pt too wide) in paragraph at lines 347--347
[]|$\OT1/cmr/m/n/6 0\OML/cmm/m/it/6 :\OT1/cmr/m/n/6 7490$| 
 []


Overfull \hbox (6.38445pt too wide) in paragraph at lines 349--349
[]|$\OT1/cmr/m/n/6 0\OML/cmm/m/it/6 :\OT1/cmr/m/n/6 7165$| 
 []


Overfull \hbox (5.8723pt too wide) in paragraph at lines 349--349
[]|$\OT1/cmr/m/n/6 20\OML/cmm/m/it/6 :\OT1/cmr/m/n/6 01%$| 
 []


Overfull \hbox (6.38445pt too wide) in paragraph at lines 349--349
[]|$\OT1/cmr/m/n/6 0\OML/cmm/m/it/6 :\OT1/cmr/m/n/6 5205$| 
 []


Overfull \hbox (2.20569pt too wide) in paragraph at lines 349--349
[]|$\OT1/cmr/m/n/6 4\OML/cmm/m/it/6 :\OT1/cmr/m/n/6 20%$| 
 []


Overfull \hbox (6.38445pt too wide) in paragraph at lines 349--349
[]|$\OT1/cmr/m/n/6 0\OML/cmm/m/it/6 :\OT1/cmr/m/n/6 7954$| 
 []


Overfull \hbox (2.20569pt too wide) in paragraph at lines 349--351
[]|$\OT1/cmr/m/n/6 6\OML/cmm/m/it/6 :\OT1/cmr/m/n/6 19%$| 
 []


Overfull \hbox (6.38445pt too wide) in paragraph at lines 351--351
[]|$\OT1/cmr/m/n/6 0\OML/cmm/m/it/6 :\OT1/cmr/m/n/6 5207$| 
 []


Overfull \hbox (6.38445pt too wide) in paragraph at lines 351--351
[]|$\OT1/cmr/m/n/6 0\OML/cmm/m/it/6 :\OT1/cmr/m/n/6 9020$| 
 []


Overfull \hbox (6.38445pt too wide) in paragraph at lines 351--351
[]|$\OT1/cmr/m/n/6 0\OML/cmm/m/it/6 :\OT1/cmr/m/n/6 7336$| 
 []


Overfull \hbox (6.38445pt too wide) in paragraph at lines 353--353
[]|$\OT1/cmr/m/n/6 0\OML/cmm/m/it/6 :\OT1/cmr/m/n/6 5262$| 
 []


Overfull \hbox (2.20569pt too wide) in paragraph at lines 353--353
[]|$\OT1/cmr/m/n/6 1\OML/cmm/m/it/6 :\OT1/cmr/m/n/6 06%$| 
 []


Overfull \hbox (6.38445pt too wide) in paragraph at lines 353--353
[]|$\OT1/cmr/m/n/6 0\OML/cmm/m/it/6 :\OT1/cmr/m/n/6 9056$| 
 []


Overfull \hbox (2.20569pt too wide) in paragraph at lines 353--353
[]|$\OT1/cmr/m/n/6 0\OML/cmm/m/it/6 :\OT1/cmr/m/n/6 40%$| 
 []


Overfull \hbox (6.38445pt too wide) in paragraph at lines 353--353
[]|$\OT1/cmr/m/n/6 0\OML/cmm/m/it/6 :\OT1/cmr/m/n/6 7533$| 
 []


Overfull \hbox (2.20569pt too wide) in paragraph at lines 353--354
[]|$\OT1/cmr/m/n/6 2\OML/cmm/m/it/6 :\OT1/cmr/m/n/6 69%$| 
 []


Overfull \hbox (1.37505pt too wide) in paragraph at lines 356--356
 []|[]| 
 []


Overfull \hbox (6.38445pt too wide) in paragraph at lines 356--356
[]|$\OT1/cmr/m/n/6 0\OML/cmm/m/it/6 :\OT1/cmr/m/n/6 6136$| 
 []


Overfull \hbox (6.38445pt too wide) in paragraph at lines 356--356
[]|$\OT1/cmr/m/n/6 0\OML/cmm/m/it/6 :\OT1/cmr/m/n/6 5203$| 
 []


Overfull \hbox (6.38445pt too wide) in paragraph at lines 356--356
[]|$\OT1/cmr/m/n/6 0\OML/cmm/m/it/6 :\OT1/cmr/m/n/6 8008$| 
 []


Overfull \hbox (6.38445pt too wide) in paragraph at lines 358--358
[]|$\OT1/cmr/m/n/6 0\OML/cmm/m/it/6 :\OT1/cmr/m/n/6 7892$| 
 []


Overfull \hbox (5.8723pt too wide) in paragraph at lines 358--358
[]|$\OT1/cmr/m/n/6 28\OML/cmm/m/it/6 :\OT1/cmr/m/n/6 62%$| 
 []


Overfull \hbox (6.38445pt too wide) in paragraph at lines 358--358
[]|$\OT1/cmr/m/n/6 0\OML/cmm/m/it/6 :\OT1/cmr/m/n/6 5857$| 
 []


Overfull \hbox (5.8723pt too wide) in paragraph at lines 358--358
[]|$\OT1/cmr/m/n/6 11\OML/cmm/m/it/6 :\OT1/cmr/m/n/6 99%$| 
 []


Overfull \hbox (6.38445pt too wide) in paragraph at lines 358--358
[]|$\OT1/cmr/m/n/6 0\OML/cmm/m/it/6 :\OT1/cmr/m/n/6 9393$| 
 []


Overfull \hbox (5.8723pt too wide) in paragraph at lines 358--360
[]|$\OT1/cmr/m/n/6 17\OML/cmm/m/it/6 :\OT1/cmr/m/n/6 30%$| 
 []


Overfull \hbox (6.38445pt too wide) in paragraph at lines 360--360
[]|$\OT1/cmr/m/n/6 0\OML/cmm/m/it/6 :\OT1/cmr/m/n/6 6380$| 
 []


Overfull \hbox (6.38445pt too wide) in paragraph at lines 360--360
[]|$\OT1/cmr/m/n/6 0\OML/cmm/m/it/6 :\OT1/cmr/m/n/6 4883$| 
 []


Overfull \hbox (6.38445pt too wide) in paragraph at lines 360--360
[]|$\OT1/cmr/m/n/6 0\OML/cmm/m/it/6 :\OT1/cmr/m/n/6 7240$| 
 []


Overfull \hbox (6.38445pt too wide) in paragraph at lines 362--362
[]|$\OT1/cmr/m/n/6 0\OML/cmm/m/it/6 :\OT1/cmr/m/n/6 8982$| 
 []


Overfull \hbox (5.8723pt too wide) in paragraph at lines 362--362
[]|$\OT1/cmr/m/n/6 40\OML/cmm/m/it/6 :\OT1/cmr/m/n/6 78%$| 
 []


Overfull \hbox (6.38445pt too wide) in paragraph at lines 362--362
[]|$\OT1/cmr/m/n/6 0\OML/cmm/m/it/6 :\OT1/cmr/m/n/6 5922$| 
 []


Overfull \hbox (5.8723pt too wide) in paragraph at lines 362--362
[]|$\OT1/cmr/m/n/6 21\OML/cmm/m/it/6 :\OT1/cmr/m/n/6 28%$| 
 []


Overfull \hbox (6.38445pt too wide) in paragraph at lines 362--362
[]|$\OT1/cmr/m/n/6 0\OML/cmm/m/it/6 :\OT1/cmr/m/n/6 9537$| 
 []


Overfull \hbox (5.8723pt too wide) in paragraph at lines 362--364
[]|$\OT1/cmr/m/n/6 31\OML/cmm/m/it/6 :\OT1/cmr/m/n/6 71%$| 
 []


Overfull \hbox (6.38445pt too wide) in paragraph at lines 364--364
[]|$\OT1/cmr/m/n/6 0\OML/cmm/m/it/6 :\OT1/cmr/m/n/6 6003$| 
 []


Overfull \hbox (6.38445pt too wide) in paragraph at lines 364--364
[]|$\OT1/cmr/m/n/6 0\OML/cmm/m/it/6 :\OT1/cmr/m/n/6 5001$| 
 []


Overfull \hbox (6.38445pt too wide) in paragraph at lines 364--364
[]|$\OT1/cmr/m/n/6 0\OML/cmm/m/it/6 :\OT1/cmr/m/n/6 7502$| 
 []


Overfull \hbox (6.38445pt too wide) in paragraph at lines 366--366
[]|$\OT1/cmr/m/n/6 0\OML/cmm/m/it/6 :\OT1/cmr/m/n/6 6589$| 
 []


Overfull \hbox (2.20569pt too wide) in paragraph at lines 366--366
[]|$\OT1/cmr/m/n/6 9\OML/cmm/m/it/6 :\OT1/cmr/m/n/6 76%$| 
 []


Overfull \hbox (6.38445pt too wide) in paragraph at lines 366--366
[]|$\OT1/cmr/m/n/6 0\OML/cmm/m/it/6 :\OT1/cmr/m/n/6 5637$| 
 []


Overfull \hbox (5.8723pt too wide) in paragraph at lines 366--366
[]|$\OT1/cmr/m/n/6 12\OML/cmm/m/it/6 :\OT1/cmr/m/n/6 72%$| 
 []


Overfull \hbox (6.38445pt too wide) in paragraph at lines 366--366
[]|$\OT1/cmr/m/n/6 0\OML/cmm/m/it/6 :\OT1/cmr/m/n/6 8908$| 
 []


Overfull \hbox (5.8723pt too wide) in paragraph at lines 366--368
[]|$\OT1/cmr/m/n/6 18\OML/cmm/m/it/6 :\OT1/cmr/m/n/6 73%$| 
 []


Overfull \hbox (6.38445pt too wide) in paragraph at lines 368--368
[]|$\OT1/cmr/m/n/6 0\OML/cmm/m/it/6 :\OT1/cmr/m/n/6 6931$| 
 []


Overfull \hbox (6.38445pt too wide) in paragraph at lines 368--368
[]|$\OT1/cmr/m/n/6 0\OML/cmm/m/it/6 :\OT1/cmr/m/n/6 9380$| 
 []


Overfull \hbox (6.38445pt too wide) in paragraph at lines 368--368
[]|$\OT1/cmr/m/n/6 0\OML/cmm/m/it/6 :\OT1/cmr/m/n/6 8122$| 
 []


Overfull \hbox (6.38445pt too wide) in paragraph at lines 370--370
[]|$\OT1/cmr/m/n/6 0\OML/cmm/m/it/6 :\OT1/cmr/m/n/6 7001$| 
 []


Overfull \hbox (2.20569pt too wide) in paragraph at lines 370--370
[]|$\OT1/cmr/m/n/6 1\OML/cmm/m/it/6 :\OT1/cmr/m/n/6 01%$| 
 []


Overfull \hbox (6.38445pt too wide) in paragraph at lines 370--370
[]|$\OT1/cmr/m/n/6 0\OML/cmm/m/it/6 :\OT1/cmr/m/n/6 9513$| 
 []


Overfull \hbox (2.20569pt too wide) in paragraph at lines 370--370
[]|$\OT1/cmr/m/n/6 1\OML/cmm/m/it/6 :\OT1/cmr/m/n/6 42%$| 
 []


Overfull \hbox (6.38445pt too wide) in paragraph at lines 370--370
[]|$\OT1/cmr/m/n/6 0\OML/cmm/m/it/6 :\OT1/cmr/m/n/6 8248$| 
 []


Overfull \hbox (2.20569pt too wide) in paragraph at lines 370--371
[]|$\OT1/cmr/m/n/6 1\OML/cmm/m/it/6 :\OT1/cmr/m/n/6 55%$| 
 []


Overfull \hbox (3.31476pt too wide) in paragraph at lines 319--373
 [] 
 []


Underfull \hbox (badness 10000) in paragraph at lines 401--401
[][]\OT1/ptm/m/n/9 https://ijcai-15.org/index.php/repeat-buyers-prediction-
 []


Overfull \hbox (3.07611pt too wide) in paragraph at lines 411--411
[]|\OT1/ptm/m/n/6 Improve| 
 []


Overfull \hbox (2.7715pt too wide) in paragraph at lines 411--411
[]|\OT1/ptm/m/n/6 NDCG| 
 []


Overfull \hbox (3.07611pt too wide) in paragraph at lines 411--411
[]|\OT1/ptm/m/n/6 Improve| 
 []


Overfull \hbox (3.07611pt too wide) in paragraph at lines 411--411
[]|\OT1/ptm/m/n/6 Improve| 
 []


Overfull \hbox (3.07611pt too wide) in paragraph at lines 411--411
[]|\OT1/ptm/m/n/6 Improve| 
 []


Overfull \hbox (3.07611pt too wide) in paragraph at lines 411--411
[]|\OT1/ptm/m/n/6 Improve| 
 []


Overfull \hbox (6.38445pt too wide) in paragraph at lines 412--412
[]|$\OT1/cmr/m/n/6 0\OML/cmm/m/it/6 :\OT1/cmr/m/n/6 7253$| 
 []


Overfull \hbox (6.38445pt too wide) in paragraph at lines 412--412
[]|$\OT1/cmr/m/n/6 0\OML/cmm/m/it/6 :\OT1/cmr/m/n/6 2814$| 
 []


Overfull \hbox (6.38445pt too wide) in paragraph at lines 412--412
[]|$\OT1/cmr/m/n/6 0\OML/cmm/m/it/6 :\OT1/cmr/m/n/6 4890$| 
 []


Overfull \hbox (6.38445pt too wide) in paragraph at lines 412--412
[]|$\OT1/cmr/m/n/6 0\OML/cmm/m/it/6 :\OT1/cmr/m/n/6 4348$| 
 []


Overfull \hbox (6.38445pt too wide) in paragraph at lines 412--412
[]|$\OT1/cmr/m/n/6 0\OML/cmm/m/it/6 :\OT1/cmr/m/n/6 2787$| 
 []


Overfull \hbox (6.38445pt too wide) in paragraph at lines 414--414
[]|$\OT1/cmr/m/n/6 0\OML/cmm/m/it/6 :\OT1/cmr/m/n/6 7308$| 
 []


Overfull \hbox (2.20569pt too wide) in paragraph at lines 414--414
[]|$\OT1/cmr/m/n/6 0\OML/cmm/m/it/6 :\OT1/cmr/m/n/6 76%$| 
 []


Overfull \hbox (6.38445pt too wide) in paragraph at lines 414--414
[]|$\OT1/cmr/m/n/6 0\OML/cmm/m/it/6 :\OT1/cmr/m/n/6 2853$| 
 []


Overfull \hbox (2.20569pt too wide) in paragraph at lines 414--414
[]|$\OT1/cmr/m/n/6 1\OML/cmm/m/it/6 :\OT1/cmr/m/n/6 36%$| 
 []


Overfull \hbox (6.38445pt too wide) in paragraph at lines 414--414
[]|$\OT1/cmr/m/n/6 0\OML/cmm/m/it/6 :\OT1/cmr/m/n/6 4973$| 
 []


Overfull \hbox (2.20569pt too wide) in paragraph at lines 414--414
[]|$\OT1/cmr/m/n/6 1\OML/cmm/m/it/6 :\OT1/cmr/m/n/6 70%$| 
 []


Overfull \hbox (6.38445pt too wide) in paragraph at lines 414--414
[]|$\OT1/cmr/m/n/6 0\OML/cmm/m/it/6 :\OT1/cmr/m/n/6 4408$| 
 []


Overfull \hbox (2.20569pt too wide) in paragraph at lines 414--414
[]|$\OT1/cmr/m/n/6 1\OML/cmm/m/it/6 :\OT1/cmr/m/n/6 38%$| 
 []


Overfull \hbox (6.38445pt too wide) in paragraph at lines 414--414
[]|$\OT1/cmr/m/n/6 0\OML/cmm/m/it/6 :\OT1/cmr/m/n/6 2810$| 
 []


Overfull \hbox (2.20569pt too wide) in paragraph at lines 414--416
[]|$\OT1/cmr/m/n/6 0\OML/cmm/m/it/6 :\OT1/cmr/m/n/6 81%$| 
 []


Overfull \hbox (6.38445pt too wide) in paragraph at lines 416--416
[]|$\OT1/cmr/m/n/6 0\OML/cmm/m/it/6 :\OT1/cmr/m/n/6 7252$| 
 []


Overfull \hbox (6.38445pt too wide) in paragraph at lines 416--416
[]|$\OT1/cmr/m/n/6 0\OML/cmm/m/it/6 :\OT1/cmr/m/n/6 2826$| 
 []


Overfull \hbox (6.38445pt too wide) in paragraph at lines 416--416
[]|$\OT1/cmr/m/n/6 0\OML/cmm/m/it/6 :\OT1/cmr/m/n/6 4932$| 
 []


Overfull \hbox (6.38445pt too wide) in paragraph at lines 416--416
[]|$\OT1/cmr/m/n/6 0\OML/cmm/m/it/6 :\OT1/cmr/m/n/6 4359$| 
 []


Overfull \hbox (6.38445pt too wide) in paragraph at lines 416--416
[]|$\OT1/cmr/m/n/6 0\OML/cmm/m/it/6 :\OT1/cmr/m/n/6 2789$| 
 []


Overfull \hbox (6.38445pt too wide) in paragraph at lines 418--418
[]|$\OT1/cmr/m/n/6 0\OML/cmm/m/it/6 :\OT1/cmr/m/n/6 7305$| 
 []


Overfull \hbox (2.20569pt too wide) in paragraph at lines 418--418
[]|$\OT1/cmr/m/n/6 0\OML/cmm/m/it/6 :\OT1/cmr/m/n/6 73%$| 
 []


Overfull \hbox (6.38445pt too wide) in paragraph at lines 418--418
[]|$\OT1/cmr/m/n/6 0\OML/cmm/m/it/6 :\OT1/cmr/m/n/6 2854$| 
 []


Overfull \hbox (2.20569pt too wide) in paragraph at lines 418--418
[]|$\OT1/cmr/m/n/6 0\OML/cmm/m/it/6 :\OT1/cmr/m/n/6 99%$| 
 []


Overfull \hbox (6.38445pt too wide) in paragraph at lines 418--418
[]|$\OT1/cmr/m/n/6 0\OML/cmm/m/it/6 :\OT1/cmr/m/n/6 4977$| 
 []


Overfull \hbox (2.20569pt too wide) in paragraph at lines 418--418
[]|$\OT1/cmr/m/n/6 0\OML/cmm/m/it/6 :\OT1/cmr/m/n/6 91%$| 
 []


Overfull \hbox (6.38445pt too wide) in paragraph at lines 418--418
[]|$\OT1/cmr/m/n/6 0\OML/cmm/m/it/6 :\OT1/cmr/m/n/6 4410$| 
 []


Overfull \hbox (2.20569pt too wide) in paragraph at lines 418--418
[]|$\OT1/cmr/m/n/6 1\OML/cmm/m/it/6 :\OT1/cmr/m/n/6 17%$| 
 []


Overfull \hbox (6.38445pt too wide) in paragraph at lines 418--418
[]|$\OT1/cmr/m/n/6 0\OML/cmm/m/it/6 :\OT1/cmr/m/n/6 2810$| 
 []


Overfull \hbox (2.20569pt too wide) in paragraph at lines 418--420
[]|$\OT1/cmr/m/n/6 0\OML/cmm/m/it/6 :\OT1/cmr/m/n/6 77%$| 
 []


Overfull \hbox (6.38445pt too wide) in paragraph at lines 420--420
[]|$\OT1/cmr/m/n/6 0\OML/cmm/m/it/6 :\OT1/cmr/m/n/6 7092$| 
 []


Overfull \hbox (6.38445pt too wide) in paragraph at lines 420--420
[]|$\OT1/cmr/m/n/6 0\OML/cmm/m/it/6 :\OT1/cmr/m/n/6 2732$| 
 []


Overfull \hbox (6.38445pt too wide) in paragraph at lines 420--420
[]|$\OT1/cmr/m/n/6 0\OML/cmm/m/it/6 :\OT1/cmr/m/n/6 4717$| 
 []


Overfull \hbox (6.38445pt too wide) in paragraph at lines 420--420
[]|$\OT1/cmr/m/n/6 0\OML/cmm/m/it/6 :\OT1/cmr/m/n/6 4163$| 
 []


Overfull \hbox (6.38445pt too wide) in paragraph at lines 420--420
[]|$\OT1/cmr/m/n/6 0\OML/cmm/m/it/6 :\OT1/cmr/m/n/6 2734$| 
 []


Overfull \hbox (6.38445pt too wide) in paragraph at lines 422--422
[]|$\OT1/cmr/m/n/6 0\OML/cmm/m/it/6 :\OT1/cmr/m/n/6 7130$| 
 []


Overfull \hbox (2.20569pt too wide) in paragraph at lines 422--422
[]|$\OT1/cmr/m/n/6 0\OML/cmm/m/it/6 :\OT1/cmr/m/n/6 53%$| 
 []


Overfull \hbox (6.38445pt too wide) in paragraph at lines 422--422
[]|$\OT1/cmr/m/n/6 0\OML/cmm/m/it/6 :\OT1/cmr/m/n/6 2747$| 
 []


Overfull \hbox (2.20569pt too wide) in paragraph at lines 422--422
[]|$\OT1/cmr/m/n/6 0\OML/cmm/m/it/6 :\OT1/cmr/m/n/6 57%$| 
 []


Overfull \hbox (6.38445pt too wide) in paragraph at lines 422--422
[]|$\OT1/cmr/m/n/6 0\OML/cmm/m/it/6 :\OT1/cmr/m/n/6 4740$| 
 []


Overfull \hbox (2.20569pt too wide) in paragraph at lines 422--422
[]|$\OT1/cmr/m/n/6 0\OML/cmm/m/it/6 :\OT1/cmr/m/n/6 48%$| 
 []


Overfull \hbox (6.38445pt too wide) in paragraph at lines 422--422
[]|$\OT1/cmr/m/n/6 0\OML/cmm/m/it/6 :\OT1/cmr/m/n/6 4193$| 
 []


Overfull \hbox (2.20569pt too wide) in paragraph at lines 422--422
[]|$\OT1/cmr/m/n/6 0\OML/cmm/m/it/6 :\OT1/cmr/m/n/6 72%$| 
 []


Overfull \hbox (6.38445pt too wide) in paragraph at lines 422--422
[]|$\OT1/cmr/m/n/6 0\OML/cmm/m/it/6 :\OT1/cmr/m/n/6 2747$| 
 []


Overfull \hbox (2.20569pt too wide) in paragraph at lines 422--424
[]|$\OT1/cmr/m/n/6 0\OML/cmm/m/it/6 :\OT1/cmr/m/n/6 48%$| 
 []


Overfull \hbox (6.38445pt too wide) in paragraph at lines 424--424
[]|$\OT1/cmr/m/n/6 0\OML/cmm/m/it/6 :\OT1/cmr/m/n/6 5231$| 
 []


Overfull \hbox (6.38445pt too wide) in paragraph at lines 424--424
[]|$\OT1/cmr/m/n/6 0\OML/cmm/m/it/6 :\OT1/cmr/m/n/6 8116$| 
 []


Overfull \hbox (6.38445pt too wide) in paragraph at lines 424--424
[]|$\OT1/cmr/m/n/6 0\OML/cmm/m/it/6 :\OT1/cmr/m/n/6 4093$| 
 []


Overfull \hbox (6.38445pt too wide) in paragraph at lines 424--424
[]|$\OT1/cmr/m/n/6 0\OML/cmm/m/it/6 :\OT1/cmr/m/n/6 3407$| 
 []


Overfull \hbox (6.38445pt too wide) in paragraph at lines 424--424
[]|$\OT1/cmr/m/n/6 0\OML/cmm/m/it/6 :\OT1/cmr/m/n/6 2430$| 
 []


Overfull \hbox (6.38445pt too wide) in paragraph at lines 426--426
[]|$\OT1/cmr/m/n/6 0\OML/cmm/m/it/6 :\OT1/cmr/m/n/6 5263$| 
 []


Overfull \hbox (2.20569pt too wide) in paragraph at lines 426--426
[]|$\OT1/cmr/m/n/6 0\OML/cmm/m/it/6 :\OT1/cmr/m/n/6 61%$| 
 []


Overfull \hbox (6.38445pt too wide) in paragraph at lines 426--426
[]|$\OT1/cmr/m/n/6 0\OML/cmm/m/it/6 :\OT1/cmr/m/n/6 8141$| 
 []


Overfull \hbox (2.20569pt too wide) in paragraph at lines 426--426
[]|$\OT1/cmr/m/n/6 0\OML/cmm/m/it/6 :\OT1/cmr/m/n/6 31%$| 
 []


Overfull \hbox (6.38445pt too wide) in paragraph at lines 426--426
[]|$\OT1/cmr/m/n/6 0\OML/cmm/m/it/6 :\OT1/cmr/m/n/6 4126$| 
 []


Overfull \hbox (2.20569pt too wide) in paragraph at lines 426--426
[]|$\OT1/cmr/m/n/6 0\OML/cmm/m/it/6 :\OT1/cmr/m/n/6 81%$| 
 []


Overfull \hbox (6.38445pt too wide) in paragraph at lines 426--426
[]|$\OT1/cmr/m/n/6 0\OML/cmm/m/it/6 :\OT1/cmr/m/n/6 3436$| 
 []


Overfull \hbox (2.20569pt too wide) in paragraph at lines 426--426
[]|$\OT1/cmr/m/n/6 0\OML/cmm/m/it/6 :\OT1/cmr/m/n/6 85%$| 
 []


Overfull \hbox (6.38445pt too wide) in paragraph at lines 426--426
[]|$\OT1/cmr/m/n/6 0\OML/cmm/m/it/6 :\OT1/cmr/m/n/6 2462$| 
 []


Overfull \hbox (2.20569pt too wide) in paragraph at lines 426--427
[]|$\OT1/cmr/m/n/6 1\OML/cmm/m/it/6 :\OT1/cmr/m/n/6 32%$| 
 []


Overfull \hbox (6.38445pt too wide) in paragraph at lines 429--429
[]|$\OT1/cmr/m/n/6 0\OML/cmm/m/it/6 :\OT1/cmr/m/n/6 7931$| 
 []


Overfull \hbox (6.38445pt too wide) in paragraph at lines 429--429
[]|$\OT1/cmr/m/n/6 0\OML/cmm/m/it/6 :\OT1/cmr/m/n/6 3056$| 
 []


Overfull \hbox (6.38445pt too wide) in paragraph at lines 429--429
[]|$\OT1/cmr/m/n/6 0\OML/cmm/m/it/6 :\OT1/cmr/m/n/6 5458$| 
 []


Overfull \hbox (6.38445pt too wide) in paragraph at lines 429--429
[]|$\OT1/cmr/m/n/6 0\OML/cmm/m/it/6 :\OT1/cmr/m/n/6 5015$| 
 []


Overfull \hbox (6.38445pt too wide) in paragraph at lines 429--429
[]|$\OT1/cmr/m/n/6 0\OML/cmm/m/it/6 :\OT1/cmr/m/n/6 2934$| 
 []


Overfull \hbox (6.38445pt too wide) in paragraph at lines 431--431
[]|$\OT1/cmr/m/n/6 0\OML/cmm/m/it/6 :\OT1/cmr/m/n/6 8249$| 
 []


Overfull \hbox (2.20569pt too wide) in paragraph at lines 431--431
[]|$\OT1/cmr/m/n/6 4\OML/cmm/m/it/6 :\OT1/cmr/m/n/6 01%$| 
 []


Overfull \hbox (6.38445pt too wide) in paragraph at lines 431--431
[]|$\OT1/cmr/m/n/6 0\OML/cmm/m/it/6 :\OT1/cmr/m/n/6 3305$| 
 []


Overfull \hbox (2.20569pt too wide) in paragraph at lines 431--431
[]|$\OT1/cmr/m/n/6 8\OML/cmm/m/it/6 :\OT1/cmr/m/n/6 15%$| 
 []


Overfull \hbox (6.38445pt too wide) in paragraph at lines 431--431
[]|$\OT1/cmr/m/n/6 0\OML/cmm/m/it/6 :\OT1/cmr/m/n/6 6063$| 
 []


Overfull \hbox (5.8723pt too wide) in paragraph at lines 431--431
[]|$\OT1/cmr/m/n/6 11\OML/cmm/m/it/6 :\OT1/cmr/m/n/6 09%$| 
 []


Overfull \hbox (6.38445pt too wide) in paragraph at lines 431--431
[]|$\OT1/cmr/m/n/6 0\OML/cmm/m/it/6 :\OT1/cmr/m/n/6 5592$| 
 []


Overfull \hbox (5.8723pt too wide) in paragraph at lines 431--431
[]|$\OT1/cmr/m/n/6 11\OML/cmm/m/it/6 :\OT1/cmr/m/n/6 50%$| 
 []


Overfull \hbox (6.38445pt too wide) in paragraph at lines 431--431
[]|$\OT1/cmr/m/n/6 0\OML/cmm/m/it/6 :\OT1/cmr/m/n/6 3044$| 
 []


Overfull \hbox (2.20569pt too wide) in paragraph at lines 431--433
[]|$\OT1/cmr/m/n/6 3\OML/cmm/m/it/6 :\OT1/cmr/m/n/6 75%$| 
 []


Overfull \hbox (6.38445pt too wide) in paragraph at lines 433--433
[]|$\OT1/cmr/m/n/6 0\OML/cmm/m/it/6 :\OT1/cmr/m/n/6 8132$| 
 []


Overfull \hbox (6.38445pt too wide) in paragraph at lines 433--433
[]|$\OT1/cmr/m/n/6 0\OML/cmm/m/it/6 :\OT1/cmr/m/n/6 3248$| 
 []


Overfull \hbox (6.38445pt too wide) in paragraph at lines 433--433
[]|$\OT1/cmr/m/n/6 0\OML/cmm/m/it/6 :\OT1/cmr/m/n/6 5950$| 
 []


Overfull \hbox (6.38445pt too wide) in paragraph at lines 433--433
[]|$\OT1/cmr/m/n/6 0\OML/cmm/m/it/6 :\OT1/cmr/m/n/6 5463$| 
 []


Overfull \hbox (6.38445pt too wide) in paragraph at lines 433--433
[]|$\OT1/cmr/m/n/6 0\OML/cmm/m/it/6 :\OT1/cmr/m/n/6 3006$| 
 []


Overfull \hbox (6.38445pt too wide) in paragraph at lines 435--435
[]|$\OT1/cmr/m/n/6 0\OML/cmm/m/it/6 :\OT1/cmr/m/n/6 8267$| 
 []


Overfull \hbox (2.20569pt too wide) in paragraph at lines 435--435
[]|$\OT1/cmr/m/n/6 1\OML/cmm/m/it/6 :\OT1/cmr/m/n/6 66%$| 
 []


Overfull \hbox (6.38445pt too wide) in paragraph at lines 435--435
[]|$\OT1/cmr/m/n/6 0\OML/cmm/m/it/6 :\OT1/cmr/m/n/6 3324$| 
 []


Overfull \hbox (2.20569pt too wide) in paragraph at lines 435--435
[]|$\OT1/cmr/m/n/6 2\OML/cmm/m/it/6 :\OT1/cmr/m/n/6 33%$| 
 []


Overfull \hbox (6.38445pt too wide) in paragraph at lines 435--435
[]|$\OT1/cmr/m/n/6 0\OML/cmm/m/it/6 :\OT1/cmr/m/n/6 6112$| 
 []


Overfull \hbox (2.20569pt too wide) in paragraph at lines 435--435
[]|$\OT1/cmr/m/n/6 2\OML/cmm/m/it/6 :\OT1/cmr/m/n/6 72%$| 
 []


Overfull \hbox (6.38445pt too wide) in paragraph at lines 435--435
[]|$\OT1/cmr/m/n/6 0\OML/cmm/m/it/6 :\OT1/cmr/m/n/6 5635$| 
 []


Overfull \hbox (2.20569pt too wide) in paragraph at lines 435--435
[]|$\OT1/cmr/m/n/6 3\OML/cmm/m/it/6 :\OT1/cmr/m/n/6 15%$| 
 []


Overfull \hbox (6.38445pt too wide) in paragraph at lines 435--435
[]|$\OT1/cmr/m/n/6 0\OML/cmm/m/it/6 :\OT1/cmr/m/n/6 3050$| 
 []


Overfull \hbox (2.20569pt too wide) in paragraph at lines 435--437
[]|$\OT1/cmr/m/n/6 1\OML/cmm/m/it/6 :\OT1/cmr/m/n/6 45%$| 
 []


Overfull \hbox (6.38445pt too wide) in paragraph at lines 437--437
[]|$\OT1/cmr/m/n/6 0\OML/cmm/m/it/6 :\OT1/cmr/m/n/6 7431$| 
 []


Overfull \hbox (6.38445pt too wide) in paragraph at lines 437--437
[]|$\OT1/cmr/m/n/6 0\OML/cmm/m/it/6 :\OT1/cmr/m/n/6 2770$| 
 []


Overfull \hbox (6.38445pt too wide) in paragraph at lines 437--437
[]|$\OT1/cmr/m/n/6 0\OML/cmm/m/it/6 :\OT1/cmr/m/n/6 4817$| 
 []


Overfull \hbox (6.38445pt too wide) in paragraph at lines 437--437
[]|$\OT1/cmr/m/n/6 0\OML/cmm/m/it/6 :\OT1/cmr/m/n/6 4398$| 
 []


Overfull \hbox (6.38445pt too wide) in paragraph at lines 437--437
[]|$\OT1/cmr/m/n/6 0\OML/cmm/m/it/6 :\OT1/cmr/m/n/6 2768$| 
 []


Overfull \hbox (6.38445pt too wide) in paragraph at lines 439--439
[]|$\OT1/cmr/m/n/6 0\OML/cmm/m/it/6 :\OT1/cmr/m/n/6 7624$| 
 []


Overfull \hbox (2.20569pt too wide) in paragraph at lines 439--439
[]|$\OT1/cmr/m/n/6 2\OML/cmm/m/it/6 :\OT1/cmr/m/n/6 60%$| 
 []


Overfull \hbox (6.38445pt too wide) in paragraph at lines 439--439
[]|$\OT1/cmr/m/n/6 0\OML/cmm/m/it/6 :\OT1/cmr/m/n/6 2865$| 
 []


Overfull \hbox (2.20569pt too wide) in paragraph at lines 439--439
[]|$\OT1/cmr/m/n/6 3\OML/cmm/m/it/6 :\OT1/cmr/m/n/6 44%$| 
 []


Overfull \hbox (6.38445pt too wide) in paragraph at lines 439--439
[]|$\OT1/cmr/m/n/6 0\OML/cmm/m/it/6 :\OT1/cmr/m/n/6 5007$| 
 []


Overfull \hbox (2.20569pt too wide) in paragraph at lines 439--439
[]|$\OT1/cmr/m/n/6 3\OML/cmm/m/it/6 :\OT1/cmr/m/n/6 95%$| 
 []


Overfull \hbox (6.38445pt too wide) in paragraph at lines 439--439
[]|$\OT1/cmr/m/n/6 0\OML/cmm/m/it/6 :\OT1/cmr/m/n/6 4597$| 
 []


Overfull \hbox (2.20569pt too wide) in paragraph at lines 439--439
[]|$\OT1/cmr/m/n/6 4\OML/cmm/m/it/6 :\OT1/cmr/m/n/6 53%$| 
 []


Overfull \hbox (6.38445pt too wide) in paragraph at lines 439--439
[]|$\OT1/cmr/m/n/6 0\OML/cmm/m/it/6 :\OT1/cmr/m/n/6 2831$| 
 []


Overfull \hbox (2.20569pt too wide) in paragraph at lines 439--441
[]|$\OT1/cmr/m/n/6 2\OML/cmm/m/it/6 :\OT1/cmr/m/n/6 24%$| 
 []


Overfull \hbox (6.38445pt too wide) in paragraph at lines 441--441
[]|$\OT1/cmr/m/n/6 0\OML/cmm/m/it/6 :\OT1/cmr/m/n/6 5395$| 
 []


Overfull \hbox (6.38445pt too wide) in paragraph at lines 441--441
[]|$\OT1/cmr/m/n/6 0\OML/cmm/m/it/6 :\OT1/cmr/m/n/6 6778$| 
 []


Overfull \hbox (6.38445pt too wide) in paragraph at lines 441--441
[]|$\OT1/cmr/m/n/6 0\OML/cmm/m/it/6 :\OT1/cmr/m/n/6 4826$| 
 []


Overfull \hbox (6.38445pt too wide) in paragraph at lines 441--441
[]|$\OT1/cmr/m/n/6 0\OML/cmm/m/it/6 :\OT1/cmr/m/n/6 3975$| 
 []


Overfull \hbox (6.38445pt too wide) in paragraph at lines 441--441
[]|$\OT1/cmr/m/n/6 0\OML/cmm/m/it/6 :\OT1/cmr/m/n/6 2717$| 
 []


Overfull \hbox (6.38445pt too wide) in paragraph at lines 443--443
[]|$\OT1/cmr/m/n/6 0\OML/cmm/m/it/6 :\OT1/cmr/m/n/6 5636$| 
 []


Overfull \hbox (2.20569pt too wide) in paragraph at lines 443--443
[]|$\OT1/cmr/m/n/6 4\OML/cmm/m/it/6 :\OT1/cmr/m/n/6 47%$| 
 []


Overfull \hbox (6.38445pt too wide) in paragraph at lines 443--443
[]|$\OT1/cmr/m/n/6 0\OML/cmm/m/it/6 :\OT1/cmr/m/n/6 6933$| 
 []


Overfull \hbox (2.20569pt too wide) in paragraph at lines 443--443
[]|$\OT1/cmr/m/n/6 2\OML/cmm/m/it/6 :\OT1/cmr/m/n/6 29%$| 
 []


Overfull \hbox (6.38445pt too wide) in paragraph at lines 443--443
[]|$\OT1/cmr/m/n/6 0\OML/cmm/m/it/6 :\OT1/cmr/m/n/6 5140$| 
 []


Overfull \hbox (2.20569pt too wide) in paragraph at lines 443--443
[]|$\OT1/cmr/m/n/6 6\OML/cmm/m/it/6 :\OT1/cmr/m/n/6 51%$| 
 []


Overfull \hbox (6.38445pt too wide) in paragraph at lines 443--443
[]|$\OT1/cmr/m/n/6 0\OML/cmm/m/it/6 :\OT1/cmr/m/n/6 4242$| 
 []


Overfull \hbox (2.20569pt too wide) in paragraph at lines 443--443
[]|$\OT1/cmr/m/n/6 6\OML/cmm/m/it/6 :\OT1/cmr/m/n/6 72%$| 
 []


Overfull \hbox (6.38445pt too wide) in paragraph at lines 443--443
[]|$\OT1/cmr/m/n/6 0\OML/cmm/m/it/6 :\OT1/cmr/m/n/6 2858$| 
 []


Overfull \hbox (2.20569pt too wide) in paragraph at lines 443--444
[]|$\OT1/cmr/m/n/6 5\OML/cmm/m/it/6 :\OT1/cmr/m/n/6 19%$| 
 []


Overfull \hbox (6.38445pt too wide) in paragraph at lines 446--446
[]|$\OT1/cmr/m/n/6 0\OML/cmm/m/it/6 :\OT1/cmr/m/n/6 8732$| 
 []


Overfull \hbox (6.38445pt too wide) in paragraph at lines 446--446
[]|$\OT1/cmr/m/n/6 0\OML/cmm/m/it/6 :\OT1/cmr/m/n/6 4742$| 
 []


Overfull \hbox (6.38445pt too wide) in paragraph at lines 446--446
[]|$\OT1/cmr/m/n/6 0\OML/cmm/m/it/6 :\OT1/cmr/m/n/6 7156$| 
 []


Overfull \hbox (6.38445pt too wide) in paragraph at lines 446--446
[]|$\OT1/cmr/m/n/6 0\OML/cmm/m/it/6 :\OT1/cmr/m/n/6 6368$| 
 []


Overfull \hbox (6.38445pt too wide) in paragraph at lines 446--446
[]|$\OT1/cmr/m/n/6 0\OML/cmm/m/it/6 :\OT1/cmr/m/n/6 4569$| 
 []


Overfull \hbox (6.38445pt too wide) in paragraph at lines 448--448
[]|$\OT1/cmr/m/n/6 0\OML/cmm/m/it/6 :\OT1/cmr/m/n/6 8966$| 
 []


Overfull \hbox (2.20569pt too wide) in paragraph at lines 448--448
[]|$\OT1/cmr/m/n/6 2\OML/cmm/m/it/6 :\OT1/cmr/m/n/6 67%$| 
 []


Overfull \hbox (6.38445pt too wide) in paragraph at lines 448--448
[]|$\OT1/cmr/m/n/6 0\OML/cmm/m/it/6 :\OT1/cmr/m/n/6 5166$| 
 []


Overfull \hbox (2.20569pt too wide) in paragraph at lines 448--448
[]|$\OT1/cmr/m/n/6 8\OML/cmm/m/it/6 :\OT1/cmr/m/n/6 94%$| 
 []


Overfull \hbox (6.38445pt too wide) in paragraph at lines 448--448
[]|$\OT1/cmr/m/n/6 0\OML/cmm/m/it/6 :\OT1/cmr/m/n/6 7882$| 
 []


Overfull \hbox (5.8723pt too wide) in paragraph at lines 448--448
[]|$\OT1/cmr/m/n/6 10\OML/cmm/m/it/6 :\OT1/cmr/m/n/6 14%$| 
 []


Overfull \hbox (6.38445pt too wide) in paragraph at lines 448--448
[]|$\OT1/cmr/m/n/6 0\OML/cmm/m/it/6 :\OT1/cmr/m/n/6 7112$| 
 []


Overfull \hbox (5.8723pt too wide) in paragraph at lines 448--448
[]|$\OT1/cmr/m/n/6 11\OML/cmm/m/it/6 :\OT1/cmr/m/n/6 69%$| 
 []


Overfull \hbox (6.38445pt too wide) in paragraph at lines 448--448
[]|$\OT1/cmr/m/n/6 0\OML/cmm/m/it/6 :\OT1/cmr/m/n/6 4786$| 
 []


Overfull \hbox (2.20569pt too wide) in paragraph at lines 448--450
[]|$\OT1/cmr/m/n/6 4\OML/cmm/m/it/6 :\OT1/cmr/m/n/6 76%$| 
 []


Overfull \hbox (6.38445pt too wide) in paragraph at lines 450--450
[]|$\OT1/cmr/m/n/6 0\OML/cmm/m/it/6 :\OT1/cmr/m/n/6 8934$| 
 []


Overfull \hbox (6.38445pt too wide) in paragraph at lines 450--450
[]|$\OT1/cmr/m/n/6 0\OML/cmm/m/it/6 :\OT1/cmr/m/n/6 5019$| 
 []


Overfull \hbox (6.38445pt too wide) in paragraph at lines 450--450
[]|$\OT1/cmr/m/n/6 0\OML/cmm/m/it/6 :\OT1/cmr/m/n/6 7639$| 
 []


Overfull \hbox (6.38445pt too wide) in paragraph at lines 450--450
[]|$\OT1/cmr/m/n/6 0\OML/cmm/m/it/6 :\OT1/cmr/m/n/6 6821$| 
 []


Overfull \hbox (6.38445pt too wide) in paragraph at lines 450--450
[]|$\OT1/cmr/m/n/6 0\OML/cmm/m/it/6 :\OT1/cmr/m/n/6 4711$| 
 []


Overfull \hbox (6.38445pt too wide) in paragraph at lines 452--452
[]|$\OT1/cmr/m/n/6 0\OML/cmm/m/it/6 :\OT1/cmr/m/n/6 9034$| 
 []


Overfull \hbox (2.20569pt too wide) in paragraph at lines 452--452
[]|$\OT1/cmr/m/n/6 1\OML/cmm/m/it/6 :\OT1/cmr/m/n/6 12%$| 
 []


Overfull \hbox (6.38445pt too wide) in paragraph at lines 452--452
[]|$\OT1/cmr/m/n/6 0\OML/cmm/m/it/6 :\OT1/cmr/m/n/6 5149$| 
 []


Overfull \hbox (2.20569pt too wide) in paragraph at lines 452--452
[]|$\OT1/cmr/m/n/6 2\OML/cmm/m/it/6 :\OT1/cmr/m/n/6 59%$| 
 []


Overfull \hbox (6.38445pt too wide) in paragraph at lines 452--452
[]|$\OT1/cmr/m/n/6 0\OML/cmm/m/it/6 :\OT1/cmr/m/n/6 7854$| 
 []


Overfull \hbox (2.20569pt too wide) in paragraph at lines 452--452
[]|$\OT1/cmr/m/n/6 2\OML/cmm/m/it/6 :\OT1/cmr/m/n/6 82%$| 
 []


Overfull \hbox (6.38445pt too wide) in paragraph at lines 452--452
[]|$\OT1/cmr/m/n/6 0\OML/cmm/m/it/6 :\OT1/cmr/m/n/6 7057$| 
 []


Overfull \hbox (2.20569pt too wide) in paragraph at lines 452--452
[]|$\OT1/cmr/m/n/6 3\OML/cmm/m/it/6 :\OT1/cmr/m/n/6 46%$| 
 []


Overfull \hbox (6.38445pt too wide) in paragraph at lines 452--452
[]|$\OT1/cmr/m/n/6 0\OML/cmm/m/it/6 :\OT1/cmr/m/n/6 4777$| 
 []


Overfull \hbox (2.20569pt too wide) in paragraph at lines 452--454
[]|$\OT1/cmr/m/n/6 1\OML/cmm/m/it/6 :\OT1/cmr/m/n/6 39%$| 
 []


Overfull \hbox (6.38445pt too wide) in paragraph at lines 454--454
[]|$\OT1/cmr/m/n/6 0\OML/cmm/m/it/6 :\OT1/cmr/m/n/6 8405$| 
 []


Overfull \hbox (6.38445pt too wide) in paragraph at lines 454--454
[]|$\OT1/cmr/m/n/6 0\OML/cmm/m/it/6 :\OT1/cmr/m/n/6 4379$| 
 []


Overfull \hbox (6.38445pt too wide) in paragraph at lines 454--454
[]|$\OT1/cmr/m/n/6 0\OML/cmm/m/it/6 :\OT1/cmr/m/n/6 6541$| 
 []


Overfull \hbox (6.38445pt too wide) in paragraph at lines 454--454
[]|$\OT1/cmr/m/n/6 0\OML/cmm/m/it/6 :\OT1/cmr/m/n/6 5685$| 
 []


Overfull \hbox (6.38445pt too wide) in paragraph at lines 454--454
[]|$\OT1/cmr/m/n/6 0\OML/cmm/m/it/6 :\OT1/cmr/m/n/6 4374$| 
 []


Overfull \hbox (6.38445pt too wide) in paragraph at lines 456--456
[]|$\OT1/cmr/m/n/6 0\OML/cmm/m/it/6 :\OT1/cmr/m/n/6 8839$| 
 []


Overfull \hbox (2.20569pt too wide) in paragraph at lines 456--456
[]|$\OT1/cmr/m/n/6 5\OML/cmm/m/it/6 :\OT1/cmr/m/n/6 15%$| 
 []


Overfull \hbox (6.38445pt too wide) in paragraph at lines 456--456
[]|$\OT1/cmr/m/n/6 0\OML/cmm/m/it/6 :\OT1/cmr/m/n/6 5445$| 
 []


Overfull \hbox (5.8723pt too wide) in paragraph at lines 456--456
[]|$\OT1/cmr/m/n/6 24\OML/cmm/m/it/6 :\OT1/cmr/m/n/6 34%$| 
 []


Overfull \hbox (6.38445pt too wide) in paragraph at lines 456--456
[]|$\OT1/cmr/m/n/6 0\OML/cmm/m/it/6 :\OT1/cmr/m/n/6 7987$| 
 []


Overfull \hbox (5.8723pt too wide) in paragraph at lines 456--456
[]|$\OT1/cmr/m/n/6 22\OML/cmm/m/it/6 :\OT1/cmr/m/n/6 11%$| 
 []


Overfull \hbox (6.38445pt too wide) in paragraph at lines 456--456
[]|$\OT1/cmr/m/n/6 0\OML/cmm/m/it/6 :\OT1/cmr/m/n/6 6825$| 
 []


Overfull \hbox (5.8723pt too wide) in paragraph at lines 456--456
[]|$\OT1/cmr/m/n/6 20\OML/cmm/m/it/6 :\OT1/cmr/m/n/6 06%$| 
 []


Overfull \hbox (6.38445pt too wide) in paragraph at lines 456--456
[]|$\OT1/cmr/m/n/6 0\OML/cmm/m/it/6 :\OT1/cmr/m/n/6 5362$| 
 []


Overfull \hbox (5.8723pt too wide) in paragraph at lines 456--458
[]|$\OT1/cmr/m/n/6 22\OML/cmm/m/it/6 :\OT1/cmr/m/n/6 59%$| 
 []


Overfull \hbox (6.38445pt too wide) in paragraph at lines 458--458
[]|$\OT1/cmr/m/n/6 0\OML/cmm/m/it/6 :\OT1/cmr/m/n/6 7933$| 
 []


Overfull \hbox (6.38445pt too wide) in paragraph at lines 458--458
[]|$\OT1/cmr/m/n/6 0\OML/cmm/m/it/6 :\OT1/cmr/m/n/6 9748$| 
 []


Overfull \hbox (6.38445pt too wide) in paragraph at lines 458--458
[]|$\OT1/cmr/m/n/6 0\OML/cmm/m/it/6 :\OT1/cmr/m/n/6 8177$| 
 []


Overfull \hbox (6.38445pt too wide) in paragraph at lines 458--458
[]|$\OT1/cmr/m/n/6 0\OML/cmm/m/it/6 :\OT1/cmr/m/n/6 8104$| 
 []


Overfull \hbox (6.38445pt too wide) in paragraph at lines 458--458
[]|$\OT1/cmr/m/n/6 0\OML/cmm/m/it/6 :\OT1/cmr/m/n/6 7834$| 
 []


Overfull \hbox (6.38445pt too wide) in paragraph at lines 460--460
[]|$\OT1/cmr/m/n/6 0\OML/cmm/m/it/6 :\OT1/cmr/m/n/6 8012$| 
 []


Overfull \hbox (2.20569pt too wide) in paragraph at lines 460--460
[]|$\OT1/cmr/m/n/6 1\OML/cmm/m/it/6 :\OT1/cmr/m/n/6 00%$| 
 []


Overfull \hbox (6.38445pt too wide) in paragraph at lines 460--460
[]|$\OT1/cmr/m/n/6 0\OML/cmm/m/it/6 :\OT1/cmr/m/n/6 9768$| 
 []


Overfull \hbox (2.20569pt too wide) in paragraph at lines 460--460
[]|$\OT1/cmr/m/n/6 0\OML/cmm/m/it/6 :\OT1/cmr/m/n/6 21%$| 
 []


Overfull \hbox (6.38445pt too wide) in paragraph at lines 460--460
[]|$\OT1/cmr/m/n/6 0\OML/cmm/m/it/6 :\OT1/cmr/m/n/6 8334$| 
 []


Overfull \hbox (2.20569pt too wide) in paragraph at lines 460--460
[]|$\OT1/cmr/m/n/6 1\OML/cmm/m/it/6 :\OT1/cmr/m/n/6 92%$| 
 []


Overfull \hbox (6.38445pt too wide) in paragraph at lines 460--460
[]|$\OT1/cmr/m/n/6 0\OML/cmm/m/it/6 :\OT1/cmr/m/n/6 8264$| 
 []


Overfull \hbox (2.20569pt too wide) in paragraph at lines 460--460
[]|$\OT1/cmr/m/n/6 1\OML/cmm/m/it/6 :\OT1/cmr/m/n/6 97%$| 
 []


Overfull \hbox (6.38445pt too wide) in paragraph at lines 460--460
[]|$\OT1/cmr/m/n/6 0\OML/cmm/m/it/6 :\OT1/cmr/m/n/6 7975$| 
 []


Overfull \hbox (2.20569pt too wide) in paragraph at lines 460--461
[]|$\OT1/cmr/m/n/6 1\OML/cmm/m/it/6 :\OT1/cmr/m/n/6 80%$| 
 []


Underfull \hbox (badness 10000) in paragraph at lines 468--469
[]\OT1/ptm/b/n/10 Comparative Meth-ods\OT1/ptm/m/n/10 . We com-pare the non-
 []


Underfull \hbox (badness 4013) in paragraph at lines 468--469
\OT1/ptm/m/n/10 compensatory ver-sions with the orig-i-nal ver-sions on
 []


Underfull \hbox (badness 1389) in paragraph at lines 468--469
\OT1/ptm/m/n/10 In our model the promi-nent as-pect is as-so-ci-ated with
 []

[6] (./AAAI.bbl [7]) [8] (./AAAI.aux) ) 
Here is how much of TeX's memory you used:
 2593 strings out of 493013
 34895 string characters out of 6136992
 157546 words of memory out of 5000000
 6064 multiletter control sequences out of 15000+600000
 26037 words of font info for 60 fonts, out of 8000000 for 9000
 1141 hyphenation exceptions out of 8191
 40i,15n,25p,1117b,300s stack positions out of 5000i,500n,10000p,200000b,80000s
{f:/texlive/2016/texmf-dist/fonts/enc/dv
ips/base/8r.enc}<f:/texlive/2016/texmf-dist/fonts/type1/public/amsfonts/cm/cmbx
10.pfb><f:/texlive/2016/texmf-dist/fonts/type1/public/amsfonts/cm/cmbx12.pfb><f
:/texlive/2016/texmf-dist/fonts/type1/public/amsfonts/cm/cmbx6.pfb><f:/texlive/
2016/texmf-dist/fonts/type1/public/amsfonts/cm/cmbx7.pfb><f:/texlive/2016/texmf
-dist/fonts/type1/public/amsfonts/cm/cmex10.pfb><f:/texlive/2016/texmf-dist/fon
ts/type1/public/amsfonts/cmextra/cmex7.pfb><f:/texlive/2016/texmf-dist/fonts/ty
pe1/public/amsfonts/cm/cmmi10.pfb><f:/texlive/2016/texmf-dist/fonts/type1/publi
c/amsfonts/cm/cmmi12.pfb><f:/texlive/2016/texmf-dist/fonts/type1/public/amsfont
s/cm/cmmi5.pfb><f:/texlive/2016/texmf-dist/fonts/type1/public/amsfonts/cm/cmmi6
.pfb><f:/texlive/2016/texmf-dist/fonts/type1/public/amsfonts/cm/cmmi7.pfb><f:/t
exlive/2016/texmf-dist/fonts/type1/public/amsfonts/cm/cmmi9.pfb><f:/texlive/201
6/texmf-dist/fonts/type1/public/amsfonts/cm/cmr10.pfb><f:/texlive/2016/texmf-di
st/fonts/type1/public/amsfonts/cm/cmr5.pfb><f:/texlive/2016/texmf-dist/fonts/ty
pe1/public/amsfonts/cm/cmr6.pfb><f:/texlive/2016/texmf-dist/fonts/type1/public/
amsfonts/cm/cmr7.pfb><f:/texlive/2016/texmf-dist/fonts/type1/public/amsfonts/cm
/cmssbx10.pfb><f:/texlive/2016/texmf-dist/fonts/type1/public/amsfonts/cm/cmssi1
2.pfb><f:/texlive/2016/texmf-dist/fonts/type1/public/amsfonts/cm/cmsy10.pfb><f:
/texlive/2016/texmf-dist/fonts/type1/public/amsfonts/cm/cmsy5.pfb><f:/texlive/2
016/texmf-dist/fonts/type1/public/amsfonts/cm/cmsy6.pfb><f:/texlive/2016/texmf-
dist/fonts/type1/public/amsfonts/cm/cmsy7.pfb><f:/texlive/2016/texmf-dist/fonts
/type1/public/amsfonts/cm/cmsy9.pfb><f:/texlive/2016/texmf-dist/fonts/type1/urw
/times/utmb8a.pfb><f:/texlive/2016/texmf-dist/fonts/type1/urw/times/utmr8a.pfb>
<f:/texlive/2016/texmf-dist/fonts/type1/urw/times/utmri8a.pfb>
Output written on AAAI.pdf (8 pages, 301282 bytes).
PDF statistics:
 151 PDF objects out of 1000 (max. 8388607)
 112 compressed objects within 2 object streams
 0 named destinations out of 1000 (max. 500000)
 6 words of extra memory for PDF output out of 10000 (max. 10000000)

