This is pdfTeX, Version 3.14159265-2.6-1.40.17 (TeX Live 2016/W32TeX) (preloaded format=pdflatex 2016.10.10)  2 APR 2018 16:35
entering extended mode
 restricted \write18 enabled.
 %&-line parsing enabled.
**./Appendix.tex
(./Appendix.tex
LaTeX2e <2016/03/31> patch level 3
Babel <3.9r> and hyphenation patterns for 83 language(s) loaded.
(f:/texlive/2016/texmf-dist/tex/latex/base/article.cls
Document Class: article 2014/09/29 v1.4h Standard LaTeX document class
(f:/texlive/2016/texmf-dist/tex/latex/base/size10.clo
File: size10.clo 2014/09/29 v1.4h Standard LaTeX file (size option)
)
\c@part=\count79
\c@section=\count80
\c@subsection=\count81
\c@subsubsection=\count82
\c@paragraph=\count83
\c@subparagraph=\count84
\c@figure=\count85
\c@table=\count86
\abovecaptionskip=\skip41
\belowcaptionskip=\skip42
\bibindent=\dimen102
) (./Appendix.aux)
\openout1 = `Appendix.aux'.

LaTeX Font Info:    Checking defaults for OML/cmm/m/it on input line 3.
LaTeX Font Info:    ... okay on input line 3.
LaTeX Font Info:    Checking defaults for T1/cmr/m/n on input line 3.
LaTeX Font Info:    ... okay on input line 3.
LaTeX Font Info:    Checking defaults for OT1/cmr/m/n on input line 3.
LaTeX Font Info:    ... okay on input line 3.
LaTeX Font Info:    Checking defaults for OMS/cmsy/m/n on input line 3.
LaTeX Font Info:    ... okay on input line 3.
LaTeX Font Info:    Checking defaults for OMX/cmex/m/n on input line 3.
LaTeX Font Info:    ... okay on input line 3.
LaTeX Font Info:    Checking defaults for U/cmr/m/n on input line 3.
LaTeX Font Info:    ... okay on input line 3.
LaTeX Font Info:    External font `cmex10' loaded for size
(Font)              <7> on input line 5.
LaTeX Font Info:    External font `cmex10' loaded for size
(Font)              <5> on input line 5.

[1

{f:/texlive/2016/texmf-var/fonts/map/pdftex/updmap/pdftex.map}]
(./Appendix.aux) ) 
Here is how much of TeX's memory you used:
 210 strings out of 493013
 2253 string characters out of 6136992
 56632 words of memory out of 5000000
 3837 multiletter control sequences out of 15000+600000
 4553 words of font info for 17 fonts, out of 8000000 for 9000
 1141 hyphenation exceptions out of 8191
 23i,4n,17p,245b,107s stack positions out of 5000i,500n,10000p,200000b,80000s
<f:/texlive/2016/texmf-dist/fonts/type1/public/amsfonts/cm/cm
bx10.pfb><f:/texlive/2016/texmf-dist/fonts/type1/public/amsfonts/cm/cmbx12.pfb>
<f:/texlive/2016/texmf-dist/fonts/type1/public/amsfonts/cm/cmex10.pfb><f:/texli
ve/2016/texmf-dist/fonts/type1/public/amsfonts/cm/cmmi10.pfb><f:/texlive/2016/t
exmf-dist/fonts/type1/public/amsfonts/cm/cmmi5.pfb><f:/texlive/2016/texmf-dist/
fonts/type1/public/amsfonts/cm/cmmi7.pfb><f:/texlive/2016/texmf-dist/fonts/type
1/public/amsfonts/cm/cmr10.pfb><f:/texlive/2016/texmf-dist/fonts/type1/public/a
msfonts/cm/cmr7.pfb><f:/texlive/2016/texmf-dist/fonts/type1/public/amsfonts/cm/
cmsy10.pfb><f:/texlive/2016/texmf-dist/fonts/type1/public/amsfonts/cm/cmsy7.pfb
>
Output written on Appendix.pdf (1 page, 96362 bytes).
PDF statistics:
 48 PDF objects out of 1000 (max. 8388607)
 34 compressed objects within 1 object stream
 0 named destinations out of 1000 (max. 500000)
 1 words of extra memory for PDF output out of 10000 (max. 10000000)

