This is pdfTeX, Version 3.14159265-2.6-1.40.17 (TeX Live 2016/W32TeX) (preloaded format=pdflatex 2016.10.10)  11 NOV 2018 17:03
entering extended mode
 restricted \write18 enabled.
 %&-line parsing enabled.
**./AAAIsubmission.tex
(./AAAIsubmission.tex
LaTeX2e <2016/03/31> patch level 3
Babel <3.9r> and hyphenation patterns for 83 language(s) loaded.
(f:/texlive/2016/texmf-dist/tex/latex/base/article.cls
Document Class: article 2014/09/29 v1.4h Standard LaTeX document class
(f:/texlive/2016/texmf-dist/tex/latex/base/size10.clo
File: size10.clo 2014/09/29 v1.4h Standard LaTeX file (size option)
)
\c@part=\count79
\c@section=\count80
\c@subsection=\count81
\c@subsubsection=\count82
\c@paragraph=\count83
\c@subparagraph=\count84
\c@figure=\count85
\c@table=\count86
\abovecaptionskip=\skip41
\belowcaptionskip=\skip42
\bibindent=\dimen102
) (./aaai19.sty
Conference Style for AAAI for LaTeX 2e -- version for the AAAI-19 conference
\titlebox=\skip43
) (f:/texlive/2016/texmf-dist/tex/latex/psnfss/times.sty
Package: times 2005/04/12 PSNFSS-v9.2a (SPQR) 
)
(f:/texlive/2016/texmf-dist/tex/latex/psnfss/helvet.sty
Package: helvet 2005/04/12 PSNFSS-v9.2a (WaS) 

(f:/texlive/2016/texmf-dist/tex/latex/graphics/keyval.sty
Package: keyval 2014/10/28 v1.15 key=value parser (DPC)
\KV@toks@=\toks14
))
(f:/texlive/2016/texmf-dist/tex/latex/psnfss/courier.sty
Package: courier 2005/04/12 PSNFSS-v9.2a (WaS) 
)
(f:/texlive/2016/texmf-dist/tex/latex/url/url.sty
\Urlmuskip=\muskip10
Package: url 2013/09/16  ver 3.4  Verb mode for urls, etc.
)
(f:/texlive/2016/texmf-dist/tex/latex/graphics/graphicx.sty
Package: graphicx 2014/10/28 v1.0g Enhanced LaTeX Graphics (DPC,SPQR)

(f:/texlive/2016/texmf-dist/tex/latex/graphics/graphics.sty
Package: graphics 2016/07/10 v1.0t Standard LaTeX Graphics (DPC,SPQR)

(f:/texlive/2016/texmf-dist/tex/latex/graphics/trig.sty
Package: trig 2016/01/03 v1.10 sin cos tan (DPC)
)
(f:/texlive/2016/texmf-dist/tex/latex/graphics-cfg/graphics.cfg
File: graphics.cfg 2016/06/04 v1.11 sample graphics configuration
)
Package graphics Info: Driver file: pdftex.def on input line 99.

(f:/texlive/2016/texmf-dist/tex/latex/graphics-def/pdftex.def
File: pdftex.def 2016/07/10 v0.06j Graphics/color for pdfTeX

(f:/texlive/2016/texmf-dist/tex/generic/oberdiek/infwarerr.sty
Package: infwarerr 2016/05/16 v1.4 Providing info/warning/error messages (HO)
)
(f:/texlive/2016/texmf-dist/tex/generic/oberdiek/ltxcmds.sty
Package: ltxcmds 2016/05/16 v1.23 LaTeX kernel commands for general use (HO)
)
\Gread@gobject=\count87
))
\Gin@req@height=\dimen103
\Gin@req@width=\dimen104
)
(f:/texlive/2016/texmf-dist/tex/latex/multirow/multirow.sty
Package: multirow 2016/09/27 v2.0 Span multiple rows of a table
\multirow@colwidth=\skip44
\multirow@cnta=\count88
\multirow@cntb=\count89
\multirow@dima=\skip45
\bigstrutjot=\dimen105
)
(f:/texlive/2016/texmf-dist/tex/latex/amsmath/amsmath.sty
Package: amsmath 2016/06/28 v2.15d AMS math features
\@mathmargin=\skip46

For additional information on amsmath, use the `?' option.
(f:/texlive/2016/texmf-dist/tex/latex/amsmath/amstext.sty
Package: amstext 2000/06/29 v2.01 AMS text

(f:/texlive/2016/texmf-dist/tex/latex/amsmath/amsgen.sty
File: amsgen.sty 1999/11/30 v2.0 generic functions
\@emptytoks=\toks15
\ex@=\dimen106
))
(f:/texlive/2016/texmf-dist/tex/latex/amsmath/amsbsy.sty
Package: amsbsy 1999/11/29 v1.2d Bold Symbols
\pmbraise@=\dimen107
)
(f:/texlive/2016/texmf-dist/tex/latex/amsmath/amsopn.sty
Package: amsopn 2016/03/08 v2.02 operator names
)
\inf@bad=\count90
LaTeX Info: Redefining \frac on input line 199.
\uproot@=\count91
\leftroot@=\count92
LaTeX Info: Redefining \overline on input line 297.
\classnum@=\count93
\DOTSCASE@=\count94
LaTeX Info: Redefining \ldots on input line 394.
LaTeX Info: Redefining \dots on input line 397.
LaTeX Info: Redefining \cdots on input line 518.
\Mathstrutbox@=\box26
\strutbox@=\box27
\big@size=\dimen108
LaTeX Font Info:    Redeclaring font encoding OML on input line 634.
LaTeX Font Info:    Redeclaring font encoding OMS on input line 635.
\macc@depth=\count95
\c@MaxMatrixCols=\count96
\dotsspace@=\muskip11
\c@parentequation=\count97
\dspbrk@lvl=\count98
\tag@help=\toks16
\row@=\count99
\column@=\count100
\maxfields@=\count101
\andhelp@=\toks17
\eqnshift@=\dimen109
\alignsep@=\dimen110
\tagshift@=\dimen111
\tagwidth@=\dimen112
\totwidth@=\dimen113
\lineht@=\dimen114
\@envbody=\toks18
\multlinegap=\skip47
\multlinetaggap=\skip48
\mathdisplay@stack=\toks19
LaTeX Info: Redefining \[ on input line 2739.
LaTeX Info: Redefining \] on input line 2740.
)
(f:/texlive/2016/texmf-dist/tex/latex/amsfonts/amsfonts.sty
Package: amsfonts 2013/01/14 v3.01 Basic AMSFonts support
\symAMSa=\mathgroup4
\symAMSb=\mathgroup5
LaTeX Font Info:    Overwriting math alphabet `\mathfrak' in version `bold'
(Font)                  U/euf/m/n --> U/euf/b/n on input line 106.
)
(f:/texlive/2016/texmf-dist/tex/latex/booktabs/booktabs.sty
Package: booktabs 2016/04/27 v1.618033 publication quality tables
\heavyrulewidth=\dimen115
\lightrulewidth=\dimen116
\cmidrulewidth=\dimen117
\belowrulesep=\dimen118
\belowbottomsep=\dimen119
\aboverulesep=\dimen120
\abovetopsep=\dimen121
\cmidrulesep=\dimen122
\cmidrulekern=\dimen123
\defaultaddspace=\dimen124
\@cmidla=\count102
\@cmidlb=\count103
\@aboverulesep=\dimen125
\@belowrulesep=\dimen126
\@thisruleclass=\count104
\@lastruleclass=\count105
\@thisrulewidth=\dimen127
)
(f:/texlive/2016/texmf-dist/tex/latex/tools/array.sty
Package: array 2014/10/28 v2.4c Tabular extension package (FMi)
\col@sep=\dimen128
\extrarowheight=\dimen129
\NC@list=\toks20
\extratabsurround=\skip49
\backup@length=\skip50
) (./AAAIsubmission.aux)
\openout1 = `AAAIsubmission.aux'.

LaTeX Font Info:    Checking defaults for OML/cmm/m/it on input line 27.
LaTeX Font Info:    ... okay on input line 27.
LaTeX Font Info:    Checking defaults for T1/cmr/m/n on input line 27.
LaTeX Font Info:    ... okay on input line 27.
LaTeX Font Info:    Checking defaults for OT1/cmr/m/n on input line 27.
LaTeX Font Info:    ... okay on input line 27.
LaTeX Font Info:    Checking defaults for OMS/cmsy/m/n on input line 27.
LaTeX Font Info:    ... okay on input line 27.
LaTeX Font Info:    Checking defaults for OMX/cmex/m/n on input line 27.
LaTeX Font Info:    ... okay on input line 27.
LaTeX Font Info:    Checking defaults for U/cmr/m/n on input line 27.
LaTeX Font Info:    ... okay on input line 27.
LaTeX Font Info:    Try loading font information for OT1+ptm on input line 27.

(f:/texlive/2016/texmf-dist/tex/latex/psnfss/ot1ptm.fd
File: ot1ptm.fd 2001/06/04 font definitions for OT1/ptm.
)
(f:/texlive/2016/texmf-dist/tex/context/base/mkii/supp-pdf.mkii
[Loading MPS to PDF converter (version 2006.09.02).]
\scratchcounter=\count106
\scratchdimen=\dimen130
\scratchbox=\box28
\nofMPsegments=\count107
\nofMParguments=\count108
\everyMPshowfont=\toks21
\MPscratchCnt=\count109
\MPscratchDim=\dimen131
\MPnumerator=\count110
\makeMPintoPDFobject=\count111
\everyMPtoPDFconversion=\toks22
) (f:/texlive/2016/texmf-dist/tex/generic/oberdiek/pdftexcmds.sty
Package: pdftexcmds 2016/05/21 v0.22 Utility functions of pdfTeX for LuaTeX (HO
)

(f:/texlive/2016/texmf-dist/tex/generic/oberdiek/ifluatex.sty
Package: ifluatex 2016/05/16 v1.4 Provides the ifluatex switch (HO)
Package ifluatex Info: LuaTeX not detected.
)
(f:/texlive/2016/texmf-dist/tex/generic/oberdiek/ifpdf.sty
Package: ifpdf 2016/05/14 v3.1 Provides the ifpdf switch
)
Package pdftexcmds Info: LuaTeX not detected.
Package pdftexcmds Info: \pdf@primitive is available.
Package pdftexcmds Info: \pdf@ifprimitive is available.
Package pdftexcmds Info: \pdfdraftmode found.
)
(f:/texlive/2016/texmf-dist/tex/latex/oberdiek/epstopdf-base.sty
Package: epstopdf-base 2016/05/15 v2.6 Base part for package epstopdf

(f:/texlive/2016/texmf-dist/tex/latex/oberdiek/grfext.sty
Package: grfext 2016/05/16 v1.2 Manage graphics extensions (HO)

(f:/texlive/2016/texmf-dist/tex/generic/oberdiek/kvdefinekeys.sty
Package: kvdefinekeys 2016/05/16 v1.4 Define keys (HO)
))
(f:/texlive/2016/texmf-dist/tex/latex/oberdiek/kvoptions.sty
Package: kvoptions 2016/05/16 v3.12 Key value format for package options (HO)

(f:/texlive/2016/texmf-dist/tex/generic/oberdiek/kvsetkeys.sty
Package: kvsetkeys 2016/05/16 v1.17 Key value parser (HO)

(f:/texlive/2016/texmf-dist/tex/generic/oberdiek/etexcmds.sty
Package: etexcmds 2016/05/16 v1.6 Avoid name clashes with e-TeX commands (HO)
Package etexcmds Info: Could not find \expanded.
(etexcmds)             That can mean that you are not using pdfTeX 1.50 or
(etexcmds)             that some package has redefined \expanded.
(etexcmds)             In the latter case, load this package earlier.
)))
Package epstopdf-base Info: Redefining graphics rule for `.eps' on input line 4
38.
Package grfext Info: Graphics extension search list:
(grfext)             [.png,.pdf,.jpg,.mps,.jpeg,.jbig2,.jb2,.PNG,.PDF,.JPG,.JPE
G,.JBIG2,.JB2,.eps]
(grfext)             \AppendGraphicsExtensions on input line 456.

(f:/texlive/2016/texmf-dist/tex/latex/latexconfig/epstopdf-sys.cfg
File: epstopdf-sys.cfg 2010/07/13 v1.3 Configuration of (r)epstopdf for TeX Liv
e
))
LaTeX Font Info:    Font shape `OT1/ptm/bx/n' in size <14.4> not available
(Font)              Font shape `OT1/ptm/b/n' tried instead on input line 34.
LaTeX Font Info:    Try loading font information for U+msa on input line 34.

(f:/texlive/2016/texmf-dist/tex/latex/amsfonts/umsa.fd
File: umsa.fd 2013/01/14 v3.01 AMS symbols A
)
LaTeX Font Info:    Try loading font information for U+msb on input line 34.

(f:/texlive/2016/texmf-dist/tex/latex/amsfonts/umsb.fd
File: umsb.fd 2013/01/14 v3.01 AMS symbols B
)
LaTeX Font Info:    Font shape `OT1/ptm/bx/n' in size <12> not available
(Font)              Font shape `OT1/ptm/b/n' tried instead on input line 34.
LaTeX Font Info:    Font shape `OT1/ptm/bx/n' in size <8> not available
(Font)              Font shape `OT1/ptm/b/n' tried instead on input line 34.
LaTeX Font Info:    Try loading font information for OMS+ptm on input line 34.

(f:/texlive/2016/texmf-dist/tex/latex/psnfss/omsptm.fd
File: omsptm.fd 
)
LaTeX Font Info:    Font shape `OMS/ptm/m/n' in size <9> not available
(Font)              Font shape `OMS/cmsy/m/n' tried instead on input line 34.
LaTeX Font Info:    Font shape `OT1/ptm/bx/n' in size <10> not available
(Font)              Font shape `OT1/ptm/b/n' tried instead on input line 35.

Underfull \hbox (badness 6792) in paragraph at lines 56--56
[]\OT1/ptm/m/n/10 Table 1: The cell-phone ex-am-ple to il-lus-trate non-
 []

[1{f:/texlive/2016/texmf-var/fonts/map/pdftex/updmap/pdftex.map}



]
LaTeX Font Info:    Font shape `OT1/ptm/bx/n' in size <10.95> not available
(Font)              Font shape `OT1/ptm/b/n' tried instead on input line 101.

Underfull \hbox (badness 1910) in paragraph at lines 115--116
[]\OT1/ptm/b/n/10 Neighborhood Fac-tor-iza-tion\OT1/ptm/m/n/10 . In tra-di-tion
al mem-ory
 []

[2]
Underfull \hbox (badness 1960) in paragraph at lines 131--132
[]\OT1/ptm/b/n/10 Thurstone Model \OT1/ptm/m/n/10 The Thur-stone model ( Thur-s
tone
 []


Underfull \hbox (badness 4739) in paragraph at lines 143--144
[]\OT1/ptm/b/n/10 Bradley-Terry Model. \OT1/ptm/m/n/10 An-other ex-ten-sively s
tud-ied
 []

[3] <conceptualmodel.pdf, id=27, 426.57867pt x 252.20422pt>
File: conceptualmodel.pdf Graphic file (type pdf)

<use conceptualmodel.pdf>
Package pdftex.def Info: conceptualmodel.pdf used on input line 164.
(pdftex.def)             Requested size: 202.3529pt x 119.6366pt.

Underfull \hbox (badness 10000) in paragraph at lines 180--181
[]\OT1/ptm/b/n/10 Non-compensatory Neigh-bor-hood Fac-tor-iza-tion:
 []


Underfull \hbox (badness 10000) in paragraph at lines 180--181
\OT1/ptm/b/n/10 AMF-N \OT1/ptm/m/n/10 im-ple-ments a sim-i-lar scheme by set-ti
ng
 []

[4 <./conceptualmodel.pdf

pdfTeX warning: pdflatex.exe (file ./conceptualmodel.pdf): PDF inclusion: inval
id other resource which is no dict (key 'ColorSpace', type <null>); ignored.


pdfTeX warning: pdflatex.exe (file ./conceptualmodel.pdf): PDF inclusion: inval
id other resource which is no dict (key 'Pattern', type <null>); ignored.


pdfTeX warning: pdflatex.exe (file ./conceptualmodel.pdf): PDF inclusion: inval
id other resource which is no dict (key 'ExtGState', type <null>); ignored.
>]
Underfull \hbox (badness 10000) in paragraph at lines 245--246
[]\OT1/ptm/b/n/10 Comparative Meth-ods\OT1/ptm/m/n/10 . We com-pare the non-
 []


Overfull \hbox (6.61273pt too wide) in paragraph at lines 255--255
 []|\OT1/ptm/m/n/6 Dataset| 
 []


Overfull \hbox (3.07611pt too wide) in paragraph at lines 255--255
[]|\OT1/ptm/m/n/6 Improve| 
 []


Overfull \hbox (2.7715pt too wide) in paragraph at lines 255--255
[]|\OT1/ptm/m/n/6 NDCG| 
 []


Overfull \hbox (3.07611pt too wide) in paragraph at lines 255--255
[]|\OT1/ptm/m/n/6 Improve| 
 []


Overfull \hbox (3.07611pt too wide) in paragraph at lines 255--255
[]|\OT1/ptm/m/n/6 Improve| 
 []


Overfull \hbox (4.19496pt too wide) in paragraph at lines 256--256
 []|[]| 
 []


Overfull \hbox (6.38445pt too wide) in paragraph at lines 256--256
[]|$\OT1/cmr/m/n/6 0\OML/cmm/m/it/6 :\OT1/cmr/m/n/6 6661$| 
 []


Overfull \hbox (6.38445pt too wide) in paragraph at lines 256--256
[]|$\OT1/cmr/m/n/6 0\OML/cmm/m/it/6 :\OT1/cmr/m/n/6 6856$| 
 []


Overfull \hbox (6.38445pt too wide) in paragraph at lines 256--256
[]|$\OT1/cmr/m/n/6 0\OML/cmm/m/it/6 :\OT1/cmr/m/n/6 8391$| 
 []


Overfull \hbox (6.38445pt too wide) in paragraph at lines 257--257
[]|$\OT1/cmr/m/n/6 0\OML/cmm/m/it/6 :\OT1/cmr/m/n/6 6990$| 
 []


Overfull \hbox (2.20569pt too wide) in paragraph at lines 257--257
[]|$\OT1/cmr/m/n/6 4\OML/cmm/m/it/6 :\OT1/cmr/m/n/6 94%$| 
 []


Overfull \hbox (6.38445pt too wide) in paragraph at lines 257--257
[]|$\OT1/cmr/m/n/6 0\OML/cmm/m/it/6 :\OT1/cmr/m/n/6 7107$| 
 []


Overfull \hbox (2.20569pt too wide) in paragraph at lines 257--257
[]|$\OT1/cmr/m/n/6 3\OML/cmm/m/it/6 :\OT1/cmr/m/n/6 67%$| 
 []


Overfull \hbox (6.38445pt too wide) in paragraph at lines 257--257
[]|$\OT1/cmr/m/n/6 0\OML/cmm/m/it/6 :\OT1/cmr/m/n/6 8745$| 
 []


Overfull \hbox (2.20569pt too wide) in paragraph at lines 257--258
[]|$\OT1/cmr/m/n/6 4\OML/cmm/m/it/6 :\OT1/cmr/m/n/6 23%$| 
 []


Overfull \hbox (6.38445pt too wide) in paragraph at lines 258--258
[]|$\OT1/cmr/m/n/6 0\OML/cmm/m/it/6 :\OT1/cmr/m/n/6 6043$| 
 []


Overfull \hbox (6.38445pt too wide) in paragraph at lines 258--258
[]|$\OT1/cmr/m/n/6 0\OML/cmm/m/it/6 :\OT1/cmr/m/n/6 5003$| 
 []


Overfull \hbox (6.38445pt too wide) in paragraph at lines 258--258
[]|$\OT1/cmr/m/n/6 0\OML/cmm/m/it/6 :\OT1/cmr/m/n/6 7506$| 
 []


Overfull \hbox (6.38445pt too wide) in paragraph at lines 259--259
[]|$\OT1/cmr/m/n/6 0\OML/cmm/m/it/6 :\OT1/cmr/m/n/6 6129$| 
 []


Overfull \hbox (2.20569pt too wide) in paragraph at lines 259--259
[]|$\OT1/cmr/m/n/6 1\OML/cmm/m/it/6 :\OT1/cmr/m/n/6 43%$| 
 []


Overfull \hbox (6.38445pt too wide) in paragraph at lines 259--259
[]|$\OT1/cmr/m/n/6 0\OML/cmm/m/it/6 :\OT1/cmr/m/n/6 5027$| 
 []


Overfull \hbox (2.20569pt too wide) in paragraph at lines 259--259
[]|$\OT1/cmr/m/n/6 0\OML/cmm/m/it/6 :\OT1/cmr/m/n/6 48%$| 
 []


Overfull \hbox (6.38445pt too wide) in paragraph at lines 259--259
[]|$\OT1/cmr/m/n/6 0\OML/cmm/m/it/6 :\OT1/cmr/m/n/6 7559$| 
 []


Overfull \hbox (2.20569pt too wide) in paragraph at lines 259--260
[]|$\OT1/cmr/m/n/6 0\OML/cmm/m/it/6 :\OT1/cmr/m/n/6 71%$| 
 []


Overfull \hbox (6.38445pt too wide) in paragraph at lines 260--260
[]|$\OT1/cmr/m/n/6 0\OML/cmm/m/it/6 :\OT1/cmr/m/n/6 6453$| 
 []


Overfull \hbox (6.38445pt too wide) in paragraph at lines 260--260
[]|$\OT1/cmr/m/n/6 0\OML/cmm/m/it/6 :\OT1/cmr/m/n/6 8734$| 
 []


Overfull \hbox (6.38445pt too wide) in paragraph at lines 260--260
[]|$\OT1/cmr/m/n/6 0\OML/cmm/m/it/6 :\OT1/cmr/m/n/6 7015$| 
 []


Overfull \hbox (6.38445pt too wide) in paragraph at lines 261--261
[]|$\OT1/cmr/m/n/6 0\OML/cmm/m/it/6 :\OT1/cmr/m/n/6 6518$| 
 []


Overfull \hbox (2.20569pt too wide) in paragraph at lines 261--261
[]|$\OT1/cmr/m/n/6 1\OML/cmm/m/it/6 :\OT1/cmr/m/n/6 01%$| 
 []


Overfull \hbox (6.38445pt too wide) in paragraph at lines 261--261
[]|$\OT1/cmr/m/n/6 0\OML/cmm/m/it/6 :\OT1/cmr/m/n/6 8999$| 
 []


Overfull \hbox (2.20569pt too wide) in paragraph at lines 261--261
[]|$\OT1/cmr/m/n/6 3\OML/cmm/m/it/6 :\OT1/cmr/m/n/6 03%$| 
 []


Overfull \hbox (6.38445pt too wide) in paragraph at lines 261--261
[]|$\OT1/cmr/m/n/6 0\OML/cmm/m/it/6 :\OT1/cmr/m/n/6 7187$| 
 []


Overfull \hbox (2.20569pt too wide) in paragraph at lines 261--262
[]|$\OT1/cmr/m/n/6 2\OML/cmm/m/it/6 :\OT1/cmr/m/n/6 45%$| 
 []


Overfull \hbox (6.38445pt too wide) in paragraph at lines 263--263
[]|$\OT1/cmr/m/n/6 0\OML/cmm/m/it/6 :\OT1/cmr/m/n/6 6056$| 
 []


Overfull \hbox (6.38445pt too wide) in paragraph at lines 263--263
[]|$\OT1/cmr/m/n/6 0\OML/cmm/m/it/6 :\OT1/cmr/m/n/6 5240$| 
 []


Overfull \hbox (6.38445pt too wide) in paragraph at lines 263--263
[]|$\OT1/cmr/m/n/6 0\OML/cmm/m/it/6 :\OT1/cmr/m/n/6 7522$| 
 []


Overfull \hbox (6.38445pt too wide) in paragraph at lines 264--264
[]|$\OT1/cmr/m/n/6 0\OML/cmm/m/it/6 :\OT1/cmr/m/n/6 6166$| 
 []


Overfull \hbox (2.20569pt too wide) in paragraph at lines 264--264
[]|$\OT1/cmr/m/n/6 1\OML/cmm/m/it/6 :\OT1/cmr/m/n/6 81%$| 
 []


Overfull \hbox (6.38445pt too wide) in paragraph at lines 264--264
[]|$\OT1/cmr/m/n/6 0\OML/cmm/m/it/6 :\OT1/cmr/m/n/6 5252$| 
 []


Overfull \hbox (2.20569pt too wide) in paragraph at lines 264--264
[]|$\OT1/cmr/m/n/6 0\OML/cmm/m/it/6 :\OT1/cmr/m/n/6 24%$| 
 []


Overfull \hbox (6.38445pt too wide) in paragraph at lines 264--264
[]|$\OT1/cmr/m/n/6 0\OML/cmm/m/it/6 :\OT1/cmr/m/n/6 7624$| 
 []


Overfull \hbox (2.20569pt too wide) in paragraph at lines 264--265
[]|$\OT1/cmr/m/n/6 1\OML/cmm/m/it/6 :\OT1/cmr/m/n/6 35%$| 
 []


Overfull \hbox (6.38445pt too wide) in paragraph at lines 265--265
[]|$\OT1/cmr/m/n/6 0\OML/cmm/m/it/6 :\OT1/cmr/m/n/6 6244$| 
 []


Overfull \hbox (6.38445pt too wide) in paragraph at lines 265--265
[]|$\OT1/cmr/m/n/6 0\OML/cmm/m/it/6 :\OT1/cmr/m/n/6 5055$| 
 []


Overfull \hbox (6.38445pt too wide) in paragraph at lines 265--265
[]|$\OT1/cmr/m/n/6 0\OML/cmm/m/it/6 :\OT1/cmr/m/n/6 7622$| 
 []


Overfull \hbox (6.38445pt too wide) in paragraph at lines 266--266
[]|$\OT1/cmr/m/n/6 0\OML/cmm/m/it/6 :\OT1/cmr/m/n/6 6436$| 
 []


Overfull \hbox (2.20569pt too wide) in paragraph at lines 266--266
[]|$\OT1/cmr/m/n/6 3\OML/cmm/m/it/6 :\OT1/cmr/m/n/6 07%$| 
 []


Overfull \hbox (6.38445pt too wide) in paragraph at lines 266--266
[]|$\OT1/cmr/m/n/6 0\OML/cmm/m/it/6 :\OT1/cmr/m/n/6 5098$| 
 []


Overfull \hbox (2.20569pt too wide) in paragraph at lines 266--266
[]|$\OT1/cmr/m/n/6 0\OML/cmm/m/it/6 :\OT1/cmr/m/n/6 85%$| 
 []


Overfull \hbox (6.38445pt too wide) in paragraph at lines 266--266
[]|$\OT1/cmr/m/n/6 0\OML/cmm/m/it/6 :\OT1/cmr/m/n/6 7717$| 
 []


Overfull \hbox (2.20569pt too wide) in paragraph at lines 266--267
[]|$\OT1/cmr/m/n/6 1\OML/cmm/m/it/6 :\OT1/cmr/m/n/6 24%$| 
 []


Overfull \hbox (6.38445pt too wide) in paragraph at lines 267--267
[]|$\OT1/cmr/m/n/6 0\OML/cmm/m/it/6 :\OT1/cmr/m/n/6 5336$| 
 []


Overfull \hbox (6.38445pt too wide) in paragraph at lines 267--267
[]|$\OT1/cmr/m/n/6 0\OML/cmm/m/it/6 :\OT1/cmr/m/n/6 8596$| 
 []


Overfull \hbox (6.38445pt too wide) in paragraph at lines 267--267
[]|$\OT1/cmr/m/n/6 0\OML/cmm/m/it/6 :\OT1/cmr/m/n/6 7857$| 
 []


Overfull \hbox (6.38445pt too wide) in paragraph at lines 268--268
[]|$\OT1/cmr/m/n/6 0\OML/cmm/m/it/6 :\OT1/cmr/m/n/6 5517$| 
 []


Overfull \hbox (2.20569pt too wide) in paragraph at lines 268--268
[]|$\OT1/cmr/m/n/6 3\OML/cmm/m/it/6 :\OT1/cmr/m/n/6 39%$| 
 []


Overfull \hbox (6.38445pt too wide) in paragraph at lines 268--268
[]|$\OT1/cmr/m/n/6 0\OML/cmm/m/it/6 :\OT1/cmr/m/n/6 8684$| 
 []


Overfull \hbox (2.20569pt too wide) in paragraph at lines 268--268
[]|$\OT1/cmr/m/n/6 1\OML/cmm/m/it/6 :\OT1/cmr/m/n/6 02%$| 
 []


Overfull \hbox (6.38445pt too wide) in paragraph at lines 268--268
[]|$\OT1/cmr/m/n/6 0\OML/cmm/m/it/6 :\OT1/cmr/m/n/6 8068$| 
 []


Overfull \hbox (2.20569pt too wide) in paragraph at lines 268--269
[]|$\OT1/cmr/m/n/6 2\OML/cmm/m/it/6 :\OT1/cmr/m/n/6 69%$| 
 []


Overfull \hbox (1.37505pt too wide) in paragraph at lines 270--270
 []|[]| 
 []


Overfull \hbox (6.38445pt too wide) in paragraph at lines 270--270
[]|$\OT1/cmr/m/n/6 0\OML/cmm/m/it/6 :\OT1/cmr/m/n/6 5915$| 
 []


Overfull \hbox (6.38445pt too wide) in paragraph at lines 270--270
[]|$\OT1/cmr/m/n/6 0\OML/cmm/m/it/6 :\OT1/cmr/m/n/6 6497$| 
 []


Overfull \hbox (6.38445pt too wide) in paragraph at lines 270--270
[]|$\OT1/cmr/m/n/6 0\OML/cmm/m/it/6 :\OT1/cmr/m/n/6 8427$| 
 []


Overfull \hbox (6.38445pt too wide) in paragraph at lines 271--271
[]|$\OT1/cmr/m/n/6 0\OML/cmm/m/it/6 :\OT1/cmr/m/n/6 6948$| 
 []


Overfull \hbox (5.8723pt too wide) in paragraph at lines 271--271
[]|$\OT1/cmr/m/n/6 17\OML/cmm/m/it/6 :\OT1/cmr/m/n/6 45%$| 
 []


Overfull \hbox (6.38445pt too wide) in paragraph at lines 271--271
[]|$\OT1/cmr/m/n/6 0\OML/cmm/m/it/6 :\OT1/cmr/m/n/6 6872$| 
 []


Overfull \hbox (2.20569pt too wide) in paragraph at lines 271--271
[]|$\OT1/cmr/m/n/6 5\OML/cmm/m/it/6 :\OT1/cmr/m/n/6 77%$| 
 []


Overfull \hbox (6.38445pt too wide) in paragraph at lines 271--271
[]|$\OT1/cmr/m/n/6 0\OML/cmm/m/it/6 :\OT1/cmr/m/n/6 8969$| 
 []


Overfull \hbox (2.20569pt too wide) in paragraph at lines 271--272
[]|$\OT1/cmr/m/n/6 6\OML/cmm/m/it/6 :\OT1/cmr/m/n/6 43%$| 
 []


Overfull \hbox (6.38445pt too wide) in paragraph at lines 272--272
[]|$\OT1/cmr/m/n/6 0\OML/cmm/m/it/6 :\OT1/cmr/m/n/6 6211$| 
 []


Overfull \hbox (6.38445pt too wide) in paragraph at lines 272--272
[]|$\OT1/cmr/m/n/6 0\OML/cmm/m/it/6 :\OT1/cmr/m/n/6 5048$| 
 []


Overfull \hbox (6.38445pt too wide) in paragraph at lines 272--272
[]|$\OT1/cmr/m/n/6 0\OML/cmm/m/it/6 :\OT1/cmr/m/n/6 7607$| 
 []


Overfull \hbox (6.38445pt too wide) in paragraph at lines 273--273
[]|$\OT1/cmr/m/n/6 0\OML/cmm/m/it/6 :\OT1/cmr/m/n/6 7993$| 
 []


Overfull \hbox (5.8723pt too wide) in paragraph at lines 273--273
[]|$\OT1/cmr/m/n/6 28\OML/cmm/m/it/6 :\OT1/cmr/m/n/6 69%$| 
 []


Overfull \hbox (6.38445pt too wide) in paragraph at lines 273--273
[]|$\OT1/cmr/m/n/6 0\OML/cmm/m/it/6 :\OT1/cmr/m/n/6 5657$| 
 []


Overfull \hbox (5.8723pt too wide) in paragraph at lines 273--273
[]|$\OT1/cmr/m/n/6 12\OML/cmm/m/it/6 :\OT1/cmr/m/n/6 05%$| 
 []


Overfull \hbox (6.38445pt too wide) in paragraph at lines 273--273
[]|$\OT1/cmr/m/n/6 0\OML/cmm/m/it/6 :\OT1/cmr/m/n/6 8950$| 
 []


Overfull \hbox (5.8723pt too wide) in paragraph at lines 273--274
[]|$\OT1/cmr/m/n/6 17\OML/cmm/m/it/6 :\OT1/cmr/m/n/6 67%$| 
 []


Overfull \hbox (6.38445pt too wide) in paragraph at lines 274--274
[]|$\OT1/cmr/m/n/6 0\OML/cmm/m/it/6 :\OT1/cmr/m/n/6 6986$| 
 []


Overfull \hbox (6.38445pt too wide) in paragraph at lines 274--274
[]|$\OT1/cmr/m/n/6 0\OML/cmm/m/it/6 :\OT1/cmr/m/n/6 7827$| 
 []


Overfull \hbox (6.38445pt too wide) in paragraph at lines 274--274
[]|$\OT1/cmr/m/n/6 0\OML/cmm/m/it/6 :\OT1/cmr/m/n/6 8267$| 
 []


Overfull \hbox (6.38445pt too wide) in paragraph at lines 275--275
[]|$\OT1/cmr/m/n/6 0\OML/cmm/m/it/6 :\OT1/cmr/m/n/6 7064$| 
 []


Overfull \hbox (2.20569pt too wide) in paragraph at lines 275--275
[]|$\OT1/cmr/m/n/6 1\OML/cmm/m/it/6 :\OT1/cmr/m/n/6 12%$| 
 []


Overfull \hbox (6.38445pt too wide) in paragraph at lines 275--275
[]|$\OT1/cmr/m/n/6 0\OML/cmm/m/it/6 :\OT1/cmr/m/n/6 7984$| 
 []


Overfull \hbox (2.20569pt too wide) in paragraph at lines 275--275
[]|$\OT1/cmr/m/n/6 2\OML/cmm/m/it/6 :\OT1/cmr/m/n/6 00%$| 
 []


Overfull \hbox (6.38445pt too wide) in paragraph at lines 275--275
[]|$\OT1/cmr/m/n/6 0\OML/cmm/m/it/6 :\OT1/cmr/m/n/6 8384$| 
 []


Overfull \hbox (2.20569pt too wide) in paragraph at lines 275--276
[]|$\OT1/cmr/m/n/6 1\OML/cmm/m/it/6 :\OT1/cmr/m/n/6 42%$| 
 []


Underfull \hbox (badness 10000) in paragraph at lines 288--289
[]\OT1/ptm/b/n/10 Comparative Meth-ods\OT1/ptm/m/n/10 . We com-pare the non-
 []


Underfull \hbox (badness 4013) in paragraph at lines 288--289
\OT1/ptm/m/n/10 compensatory ver-sions with the orig-i-nal ver-sions on
 []

[5]
Overfull \hbox (6.61273pt too wide) in paragraph at lines 297--297
 []|\OT1/ptm/m/n/6 Dataset| 
 []


Overfull \hbox (3.07611pt too wide) in paragraph at lines 297--297
[]|\OT1/ptm/m/n/6 Improve| 
 []


Overfull \hbox (2.7715pt too wide) in paragraph at lines 297--297
[]|\OT1/ptm/m/n/6 NDCG| 
 []


Overfull \hbox (3.07611pt too wide) in paragraph at lines 297--297
[]|\OT1/ptm/m/n/6 Improve| 
 []


Overfull \hbox (3.07611pt too wide) in paragraph at lines 297--297
[]|\OT1/ptm/m/n/6 Improve| 
 []


Overfull \hbox (4.19496pt too wide) in paragraph at lines 298--298
 []|[]| 
 []


Overfull \hbox (6.38445pt too wide) in paragraph at lines 298--298
[]|$\OT1/cmr/m/n/6 0\OML/cmm/m/it/6 :\OT1/cmr/m/n/6 6021$| 
 []


Overfull \hbox (6.38445pt too wide) in paragraph at lines 298--298
[]|$\OT1/cmr/m/n/6 0\OML/cmm/m/it/6 :\OT1/cmr/m/n/6 5070$| 
 []


Overfull \hbox (6.38445pt too wide) in paragraph at lines 298--298
[]|$\OT1/cmr/m/n/6 0\OML/cmm/m/it/6 :\OT1/cmr/m/n/6 7654$| 
 []


Overfull \hbox (6.38445pt too wide) in paragraph at lines 299--299
[]|$\OT1/cmr/m/n/6 0\OML/cmm/m/it/6 :\OT1/cmr/m/n/6 6434$| 
 []


Overfull \hbox (2.20569pt too wide) in paragraph at lines 299--299
[]|$\OT1/cmr/m/n/6 6\OML/cmm/m/it/6 :\OT1/cmr/m/n/6 86%$| 
 []


Overfull \hbox (6.38445pt too wide) in paragraph at lines 299--299
[]|$\OT1/cmr/m/n/6 0\OML/cmm/m/it/6 :\OT1/cmr/m/n/6 5425$| 
 []


Overfull \hbox (2.20569pt too wide) in paragraph at lines 299--299
[]|$\OT1/cmr/m/n/6 7\OML/cmm/m/it/6 :\OT1/cmr/m/n/6 02%$| 
 []


Overfull \hbox (6.38445pt too wide) in paragraph at lines 299--299
[]|$\OT1/cmr/m/n/6 0\OML/cmm/m/it/6 :\OT1/cmr/m/n/6 8440$| 
 []


Overfull \hbox (5.8723pt too wide) in paragraph at lines 299--299
[]|$\OT1/cmr/m/n/6 10\OML/cmm/m/it/6 :\OT1/cmr/m/n/6 27%$| 
 []


Overfull \hbox (6.38445pt too wide) in paragraph at lines 300--300
[]|$\OT1/cmr/m/n/6 0\OML/cmm/m/it/6 :\OT1/cmr/m/n/6 7002$| 
 []


Overfull \hbox (6.38445pt too wide) in paragraph at lines 300--300
[]|$\OT1/cmr/m/n/6 0\OML/cmm/m/it/6 :\OT1/cmr/m/n/6 5443$| 
 []


Overfull \hbox (6.38445pt too wide) in paragraph at lines 300--300
[]|$\OT1/cmr/m/n/6 0\OML/cmm/m/it/6 :\OT1/cmr/m/n/6 8478$| 
 []


Overfull \hbox (6.38445pt too wide) in paragraph at lines 301--301
[]|$\OT1/cmr/m/n/6 0\OML/cmm/m/it/6 :\OT1/cmr/m/n/6 7246$| 
 []


Overfull \hbox (2.20569pt too wide) in paragraph at lines 301--301
[]|$\OT1/cmr/m/n/6 3\OML/cmm/m/it/6 :\OT1/cmr/m/n/6 48%$| 
 []


Overfull \hbox (6.38445pt too wide) in paragraph at lines 301--301
[]|$\OT1/cmr/m/n/6 0\OML/cmm/m/it/6 :\OT1/cmr/m/n/6 5508$| 
 []


Overfull \hbox (2.20569pt too wide) in paragraph at lines 301--301
[]|$\OT1/cmr/m/n/6 1\OML/cmm/m/it/6 :\OT1/cmr/m/n/6 20%$| 
 []


Overfull \hbox (6.38445pt too wide) in paragraph at lines 301--301
[]|$\OT1/cmr/m/n/6 0\OML/cmm/m/it/6 :\OT1/cmr/m/n/6 8623$| 
 []


Overfull \hbox (2.20569pt too wide) in paragraph at lines 301--301
[]|$\OT1/cmr/m/n/6 1\OML/cmm/m/it/6 :\OT1/cmr/m/n/6 71%$| 
 []


Overfull \hbox (6.38445pt too wide) in paragraph at lines 302--302
[]|$\OT1/cmr/m/n/6 0\OML/cmm/m/it/6 :\OT1/cmr/m/n/6 5923$| 
 []


Overfull \hbox (6.38445pt too wide) in paragraph at lines 302--302
[]|$\OT1/cmr/m/n/6 0\OML/cmm/m/it/6 :\OT1/cmr/m/n/6 4990$| 
 []


Overfull \hbox (6.38445pt too wide) in paragraph at lines 302--302
[]|$\OT1/cmr/m/n/6 0\OML/cmm/m/it/6 :\OT1/cmr/m/n/6 7484$| 
 []


Overfull \hbox (6.38445pt too wide) in paragraph at lines 303--303
[]|$\OT1/cmr/m/n/6 0\OML/cmm/m/it/6 :\OT1/cmr/m/n/6 6512$| 
 []


Overfull \hbox (2.20569pt too wide) in paragraph at lines 303--303
[]|$\OT1/cmr/m/n/6 9\OML/cmm/m/it/6 :\OT1/cmr/m/n/6 94%$| 
 []


Overfull \hbox (6.38445pt too wide) in paragraph at lines 303--303
[]|$\OT1/cmr/m/n/6 0\OML/cmm/m/it/6 :\OT1/cmr/m/n/6 5205$| 
 []


Overfull \hbox (2.20569pt too wide) in paragraph at lines 303--303
[]|$\OT1/cmr/m/n/6 4\OML/cmm/m/it/6 :\OT1/cmr/m/n/6 26%$| 
 []


Overfull \hbox (6.38445pt too wide) in paragraph at lines 303--303
[]|$\OT1/cmr/m/n/6 0\OML/cmm/m/it/6 :\OT1/cmr/m/n/6 7954$| 
 []


Overfull \hbox (2.20569pt too wide) in paragraph at lines 303--303
[]|$\OT1/cmr/m/n/6 6\OML/cmm/m/it/6 :\OT1/cmr/m/n/6 28%$| 
 []


Overfull \hbox (6.38445pt too wide) in paragraph at lines 304--304
[]|$\OT1/cmr/m/n/6 0\OML/cmm/m/it/6 :\OT1/cmr/m/n/6 6103$| 
 []


Overfull \hbox (6.38445pt too wide) in paragraph at lines 304--304
[]|$\OT1/cmr/m/n/6 0\OML/cmm/m/it/6 :\OT1/cmr/m/n/6 8278$| 
 []


Overfull \hbox (6.38445pt too wide) in paragraph at lines 304--304
[]|$\OT1/cmr/m/n/6 0\OML/cmm/m/it/6 :\OT1/cmr/m/n/6 6793$| 
 []


Overfull \hbox (6.38445pt too wide) in paragraph at lines 305--305
[]|$\OT1/cmr/m/n/6 0\OML/cmm/m/it/6 :\OT1/cmr/m/n/6 6212$| 
 []


Overfull \hbox (2.20569pt too wide) in paragraph at lines 305--305
[]|$\OT1/cmr/m/n/6 1\OML/cmm/m/it/6 :\OT1/cmr/m/n/6 79%$| 
 []


Overfull \hbox (6.38445pt too wide) in paragraph at lines 305--305
[]|$\OT1/cmr/m/n/6 0\OML/cmm/m/it/6 :\OT1/cmr/m/n/6 8365$| 
 []


Overfull \hbox (2.20569pt too wide) in paragraph at lines 305--305
[]|$\OT1/cmr/m/n/6 1\OML/cmm/m/it/6 :\OT1/cmr/m/n/6 05%$| 
 []


Overfull \hbox (6.38445pt too wide) in paragraph at lines 305--305
[]|$\OT1/cmr/m/n/6 0\OML/cmm/m/it/6 :\OT1/cmr/m/n/6 6862$| 
 []


Overfull \hbox (2.20569pt too wide) in paragraph at lines 305--305
[]|$\OT1/cmr/m/n/6 1\OML/cmm/m/it/6 :\OT1/cmr/m/n/6 02%$| 
 []


Overfull \hbox (6.38445pt too wide) in paragraph at lines 308--308
[]|$\OT1/cmr/m/n/6 0\OML/cmm/m/it/6 :\OT1/cmr/m/n/6 6317$| 
 []


Overfull \hbox (6.38445pt too wide) in paragraph at lines 308--308
[]|$\OT1/cmr/m/n/6 0\OML/cmm/m/it/6 :\OT1/cmr/m/n/6 5070$| 
 []


Overfull \hbox (6.38445pt too wide) in paragraph at lines 308--308
[]|$\OT1/cmr/m/n/6 0\OML/cmm/m/it/6 :\OT1/cmr/m/n/6 7654$| 
 []


Overfull \hbox (6.38445pt too wide) in paragraph at lines 309--309
[]|$\OT1/cmr/m/n/6 0\OML/cmm/m/it/6 :\OT1/cmr/m/n/6 7269$| 
 []


Overfull \hbox (5.8723pt too wide) in paragraph at lines 309--309
[]|$\OT1/cmr/m/n/6 15\OML/cmm/m/it/6 :\OT1/cmr/m/n/6 07%$| 
 []


Overfull \hbox (6.38445pt too wide) in paragraph at lines 309--309
[]|$\OT1/cmr/m/n/6 0\OML/cmm/m/it/6 :\OT1/cmr/m/n/6 5312$| 
 []


Overfull \hbox (2.20569pt too wide) in paragraph at lines 309--309
[]|$\OT1/cmr/m/n/6 4\OML/cmm/m/it/6 :\OT1/cmr/m/n/6 79%$| 
 []


Overfull \hbox (6.38445pt too wide) in paragraph at lines 309--309
[]|$\OT1/cmr/m/n/6 0\OML/cmm/m/it/6 :\OT1/cmr/m/n/6 8190$| 
 []


Overfull \hbox (2.20569pt too wide) in paragraph at lines 309--309
[]|$\OT1/cmr/m/n/6 7\OML/cmm/m/it/6 :\OT1/cmr/m/n/6 00%$| 
 []


Overfull \hbox (6.38445pt too wide) in paragraph at lines 310--310
[]|$\OT1/cmr/m/n/6 0\OML/cmm/m/it/6 :\OT1/cmr/m/n/6 7825$| 
 []


Overfull \hbox (6.38445pt too wide) in paragraph at lines 310--310
[]|$\OT1/cmr/m/n/6 0\OML/cmm/m/it/6 :\OT1/cmr/m/n/6 5147$| 
 []


Overfull \hbox (6.38445pt too wide) in paragraph at lines 310--310
[]|$\OT1/cmr/m/n/6 0\OML/cmm/m/it/6 :\OT1/cmr/m/n/6 7825$| 
 []


Overfull \hbox (6.38445pt too wide) in paragraph at lines 311--311
[]|$\OT1/cmr/m/n/6 0\OML/cmm/m/it/6 :\OT1/cmr/m/n/6 6728$| 
 []


Overfull \hbox (11.65002pt too wide) in paragraph at lines 311--311
[]|$\OMS/cmsy/m/n/6 ^^@\OT1/cmr/m/n/6 14\OML/cmm/m/it/6 :\OT1/cmr/m/n/6 02%$| 
 []


Overfull \hbox (6.38445pt too wide) in paragraph at lines 311--311
[]|$\OT1/cmr/m/n/6 0\OML/cmm/m/it/6 :\OT1/cmr/m/n/6 5392$| 
 []


Overfull \hbox (2.20569pt too wide) in paragraph at lines 311--311
[]|$\OT1/cmr/m/n/6 4\OML/cmm/m/it/6 :\OT1/cmr/m/n/6 75%$| 
 []


Overfull \hbox (6.38445pt too wide) in paragraph at lines 311--311
[]|$\OT1/cmr/m/n/6 0\OML/cmm/m/it/6 :\OT1/cmr/m/n/6 8365$| 
 []


Overfull \hbox (2.20569pt too wide) in paragraph at lines 311--311
[]|$\OT1/cmr/m/n/6 6\OML/cmm/m/it/6 :\OT1/cmr/m/n/6 91%$| 
 []


Overfull \hbox (6.38445pt too wide) in paragraph at lines 312--312
[]|$\OT1/cmr/m/n/6 0\OML/cmm/m/it/6 :\OT1/cmr/m/n/6 5970$| 
 []


Overfull \hbox (6.38445pt too wide) in paragraph at lines 312--312
[]|$\OT1/cmr/m/n/6 0\OML/cmm/m/it/6 :\OT1/cmr/m/n/6 4996$| 
 []


Overfull \hbox (6.38445pt too wide) in paragraph at lines 312--312
[]|$\OT1/cmr/m/n/6 0\OML/cmm/m/it/6 :\OT1/cmr/m/n/6 7490$| 
 []


Overfull \hbox (6.38445pt too wide) in paragraph at lines 313--313
[]|$\OT1/cmr/m/n/6 0\OML/cmm/m/it/6 :\OT1/cmr/m/n/6 7165$| 
 []


Overfull \hbox (5.8723pt too wide) in paragraph at lines 313--313
[]|$\OT1/cmr/m/n/6 20\OML/cmm/m/it/6 :\OT1/cmr/m/n/6 01%$| 
 []


Overfull \hbox (6.38445pt too wide) in paragraph at lines 313--313
[]|$\OT1/cmr/m/n/6 0\OML/cmm/m/it/6 :\OT1/cmr/m/n/6 5205$| 
 []


Overfull \hbox (2.20569pt too wide) in paragraph at lines 313--313
[]|$\OT1/cmr/m/n/6 4\OML/cmm/m/it/6 :\OT1/cmr/m/n/6 20%$| 
 []


Overfull \hbox (6.38445pt too wide) in paragraph at lines 313--313
[]|$\OT1/cmr/m/n/6 0\OML/cmm/m/it/6 :\OT1/cmr/m/n/6 7954$| 
 []


Overfull \hbox (2.20569pt too wide) in paragraph at lines 313--313
[]|$\OT1/cmr/m/n/6 6\OML/cmm/m/it/6 :\OT1/cmr/m/n/6 19%$| 
 []


Overfull \hbox (6.38445pt too wide) in paragraph at lines 314--314
[]|$\OT1/cmr/m/n/6 0\OML/cmm/m/it/6 :\OT1/cmr/m/n/6 5207$| 
 []


Overfull \hbox (6.38445pt too wide) in paragraph at lines 314--314
[]|$\OT1/cmr/m/n/6 0\OML/cmm/m/it/6 :\OT1/cmr/m/n/6 9020$| 
 []


Overfull \hbox (6.38445pt too wide) in paragraph at lines 314--314
[]|$\OT1/cmr/m/n/6 0\OML/cmm/m/it/6 :\OT1/cmr/m/n/6 7336$| 
 []


Overfull \hbox (6.38445pt too wide) in paragraph at lines 315--315
[]|$\OT1/cmr/m/n/6 0\OML/cmm/m/it/6 :\OT1/cmr/m/n/6 5262$| 
 []


Overfull \hbox (2.20569pt too wide) in paragraph at lines 315--315
[]|$\OT1/cmr/m/n/6 1\OML/cmm/m/it/6 :\OT1/cmr/m/n/6 06%$| 
 []


Overfull \hbox (6.38445pt too wide) in paragraph at lines 315--315
[]|$\OT1/cmr/m/n/6 0\OML/cmm/m/it/6 :\OT1/cmr/m/n/6 9056$| 
 []


Overfull \hbox (2.20569pt too wide) in paragraph at lines 315--315
[]|$\OT1/cmr/m/n/6 0\OML/cmm/m/it/6 :\OT1/cmr/m/n/6 40%$| 
 []


Overfull \hbox (6.38445pt too wide) in paragraph at lines 315--315
[]|$\OT1/cmr/m/n/6 0\OML/cmm/m/it/6 :\OT1/cmr/m/n/6 7533$| 
 []


Overfull \hbox (2.20569pt too wide) in paragraph at lines 315--315
[]|$\OT1/cmr/m/n/6 2\OML/cmm/m/it/6 :\OT1/cmr/m/n/6 69%$| 
 []


Overfull \hbox (1.37505pt too wide) in paragraph at lines 318--318
 []|[]| 
 []


Overfull \hbox (6.38445pt too wide) in paragraph at lines 318--318
[]|$\OT1/cmr/m/n/6 0\OML/cmm/m/it/6 :\OT1/cmr/m/n/6 6136$| 
 []


Overfull \hbox (6.38445pt too wide) in paragraph at lines 318--318
[]|$\OT1/cmr/m/n/6 0\OML/cmm/m/it/6 :\OT1/cmr/m/n/6 5203$| 
 []


Overfull \hbox (6.38445pt too wide) in paragraph at lines 318--318
[]|$\OT1/cmr/m/n/6 0\OML/cmm/m/it/6 :\OT1/cmr/m/n/6 8008$| 
 []


Overfull \hbox (6.38445pt too wide) in paragraph at lines 319--319
[]|$\OT1/cmr/m/n/6 0\OML/cmm/m/it/6 :\OT1/cmr/m/n/6 7892$| 
 []


Overfull \hbox (5.8723pt too wide) in paragraph at lines 319--319
[]|$\OT1/cmr/m/n/6 28\OML/cmm/m/it/6 :\OT1/cmr/m/n/6 62%$| 
 []


Overfull \hbox (6.38445pt too wide) in paragraph at lines 319--319
[]|$\OT1/cmr/m/n/6 0\OML/cmm/m/it/6 :\OT1/cmr/m/n/6 5857$| 
 []


Overfull \hbox (5.8723pt too wide) in paragraph at lines 319--319
[]|$\OT1/cmr/m/n/6 11\OML/cmm/m/it/6 :\OT1/cmr/m/n/6 99%$| 
 []


Overfull \hbox (6.38445pt too wide) in paragraph at lines 319--319
[]|$\OT1/cmr/m/n/6 0\OML/cmm/m/it/6 :\OT1/cmr/m/n/6 9393$| 
 []


Overfull \hbox (5.8723pt too wide) in paragraph at lines 319--319
[]|$\OT1/cmr/m/n/6 17\OML/cmm/m/it/6 :\OT1/cmr/m/n/6 30%$| 
 []


Overfull \hbox (6.38445pt too wide) in paragraph at lines 320--320
[]|$\OT1/cmr/m/n/6 0\OML/cmm/m/it/6 :\OT1/cmr/m/n/6 6380$| 
 []


Overfull \hbox (6.38445pt too wide) in paragraph at lines 320--320
[]|$\OT1/cmr/m/n/6 0\OML/cmm/m/it/6 :\OT1/cmr/m/n/6 4883$| 
 []


Overfull \hbox (6.38445pt too wide) in paragraph at lines 320--320
[]|$\OT1/cmr/m/n/6 0\OML/cmm/m/it/6 :\OT1/cmr/m/n/6 7240$| 
 []


Overfull \hbox (6.38445pt too wide) in paragraph at lines 321--321
[]|$\OT1/cmr/m/n/6 0\OML/cmm/m/it/6 :\OT1/cmr/m/n/6 8982$| 
 []


Overfull \hbox (5.8723pt too wide) in paragraph at lines 321--321
[]|$\OT1/cmr/m/n/6 40\OML/cmm/m/it/6 :\OT1/cmr/m/n/6 78%$| 
 []


Overfull \hbox (6.38445pt too wide) in paragraph at lines 321--321
[]|$\OT1/cmr/m/n/6 0\OML/cmm/m/it/6 :\OT1/cmr/m/n/6 5922$| 
 []


Overfull \hbox (5.8723pt too wide) in paragraph at lines 321--321
[]|$\OT1/cmr/m/n/6 21\OML/cmm/m/it/6 :\OT1/cmr/m/n/6 28%$| 
 []


Overfull \hbox (6.38445pt too wide) in paragraph at lines 321--321
[]|$\OT1/cmr/m/n/6 0\OML/cmm/m/it/6 :\OT1/cmr/m/n/6 9537$| 
 []


Overfull \hbox (5.8723pt too wide) in paragraph at lines 321--321
[]|$\OT1/cmr/m/n/6 31\OML/cmm/m/it/6 :\OT1/cmr/m/n/6 71%$| 
 []


Overfull \hbox (6.38445pt too wide) in paragraph at lines 322--322
[]|$\OT1/cmr/m/n/6 0\OML/cmm/m/it/6 :\OT1/cmr/m/n/6 6003$| 
 []


Overfull \hbox (6.38445pt too wide) in paragraph at lines 322--322
[]|$\OT1/cmr/m/n/6 0\OML/cmm/m/it/6 :\OT1/cmr/m/n/6 5001$| 
 []


Overfull \hbox (6.38445pt too wide) in paragraph at lines 322--322
[]|$\OT1/cmr/m/n/6 0\OML/cmm/m/it/6 :\OT1/cmr/m/n/6 7502$| 
 []


Overfull \hbox (6.38445pt too wide) in paragraph at lines 323--323
[]|$\OT1/cmr/m/n/6 0\OML/cmm/m/it/6 :\OT1/cmr/m/n/6 6589$| 
 []


Overfull \hbox (2.20569pt too wide) in paragraph at lines 323--323
[]|$\OT1/cmr/m/n/6 9\OML/cmm/m/it/6 :\OT1/cmr/m/n/6 76%$| 
 []


Overfull \hbox (6.38445pt too wide) in paragraph at lines 323--323
[]|$\OT1/cmr/m/n/6 0\OML/cmm/m/it/6 :\OT1/cmr/m/n/6 5637$| 
 []


Overfull \hbox (5.8723pt too wide) in paragraph at lines 323--323
[]|$\OT1/cmr/m/n/6 12\OML/cmm/m/it/6 :\OT1/cmr/m/n/6 72%$| 
 []


Overfull \hbox (6.38445pt too wide) in paragraph at lines 323--323
[]|$\OT1/cmr/m/n/6 0\OML/cmm/m/it/6 :\OT1/cmr/m/n/6 8908$| 
 []


Overfull \hbox (5.8723pt too wide) in paragraph at lines 323--323
[]|$\OT1/cmr/m/n/6 18\OML/cmm/m/it/6 :\OT1/cmr/m/n/6 73%$| 
 []


Overfull \hbox (6.38445pt too wide) in paragraph at lines 324--324
[]|$\OT1/cmr/m/n/6 0\OML/cmm/m/it/6 :\OT1/cmr/m/n/6 6931$| 
 []


Overfull \hbox (6.38445pt too wide) in paragraph at lines 324--324
[]|$\OT1/cmr/m/n/6 0\OML/cmm/m/it/6 :\OT1/cmr/m/n/6 9380$| 
 []


Overfull \hbox (6.38445pt too wide) in paragraph at lines 324--324
[]|$\OT1/cmr/m/n/6 0\OML/cmm/m/it/6 :\OT1/cmr/m/n/6 8122$| 
 []


Overfull \hbox (6.38445pt too wide) in paragraph at lines 325--325
[]|$\OT1/cmr/m/n/6 0\OML/cmm/m/it/6 :\OT1/cmr/m/n/6 7001$| 
 []


Overfull \hbox (2.20569pt too wide) in paragraph at lines 325--325
[]|$\OT1/cmr/m/n/6 1\OML/cmm/m/it/6 :\OT1/cmr/m/n/6 01%$| 
 []


Overfull \hbox (6.38445pt too wide) in paragraph at lines 325--325
[]|$\OT1/cmr/m/n/6 0\OML/cmm/m/it/6 :\OT1/cmr/m/n/6 9513$| 
 []


Overfull \hbox (2.20569pt too wide) in paragraph at lines 325--325
[]|$\OT1/cmr/m/n/6 1\OML/cmm/m/it/6 :\OT1/cmr/m/n/6 42%$| 
 []


Overfull \hbox (6.38445pt too wide) in paragraph at lines 325--325
[]|$\OT1/cmr/m/n/6 0\OML/cmm/m/it/6 :\OT1/cmr/m/n/6 8248$| 
 []


Overfull \hbox (2.20569pt too wide) in paragraph at lines 325--325
[]|$\OT1/cmr/m/n/6 1\OML/cmm/m/it/6 :\OT1/cmr/m/n/6 55%$| 
 []


Underfull \hbox (badness 3679) in paragraph at lines 332--333
[]\OT1/ptm/m/n/10 A gen-eral ob-ser-va-tion from Ta-ble 5[] is that non-
 []


Underfull \hbox (badness 10000) in paragraph at lines 354--354
[][]\OT1/ptm/m/n/9 https://ijcai-15.org/index.php/repeat-buyers-prediction-
 []


Overfull \hbox (3.07611pt too wide) in paragraph at lines 364--364
[]|\OT1/ptm/m/n/6 Improve| 
 []


Overfull \hbox (2.7715pt too wide) in paragraph at lines 364--364
[]|\OT1/ptm/m/n/6 NDCG| 
 []


Overfull \hbox (3.07611pt too wide) in paragraph at lines 364--364
[]|\OT1/ptm/m/n/6 Improve| 
 []


Overfull \hbox (3.07611pt too wide) in paragraph at lines 364--364
[]|\OT1/ptm/m/n/6 Improve| 
 []


Overfull \hbox (3.07611pt too wide) in paragraph at lines 364--364
[]|\OT1/ptm/m/n/6 Improve| 
 []


Overfull \hbox (3.07611pt too wide) in paragraph at lines 364--364
[]|\OT1/ptm/m/n/6 Improve| 
 []


Overfull \hbox (6.38445pt too wide) in paragraph at lines 365--365
[]|$\OT1/cmr/m/n/6 0\OML/cmm/m/it/6 :\OT1/cmr/m/n/6 7253$| 
 []


Overfull \hbox (6.38445pt too wide) in paragraph at lines 365--365
[]|$\OT1/cmr/m/n/6 0\OML/cmm/m/it/6 :\OT1/cmr/m/n/6 2814$| 
 []


Overfull \hbox (6.38445pt too wide) in paragraph at lines 365--365
[]|$\OT1/cmr/m/n/6 0\OML/cmm/m/it/6 :\OT1/cmr/m/n/6 4890$| 
 []


Overfull \hbox (6.38445pt too wide) in paragraph at lines 365--365
[]|$\OT1/cmr/m/n/6 0\OML/cmm/m/it/6 :\OT1/cmr/m/n/6 4348$| 
 []


Overfull \hbox (6.38445pt too wide) in paragraph at lines 365--365
[]|$\OT1/cmr/m/n/6 0\OML/cmm/m/it/6 :\OT1/cmr/m/n/6 2787$| 
 []


Overfull \hbox (6.38445pt too wide) in paragraph at lines 367--367
[]|$\OT1/cmr/m/n/6 0\OML/cmm/m/it/6 :\OT1/cmr/m/n/6 7308$| 
 []


Overfull \hbox (2.20569pt too wide) in paragraph at lines 367--367
[]|$\OT1/cmr/m/n/6 0\OML/cmm/m/it/6 :\OT1/cmr/m/n/6 76%$| 
 []


Overfull \hbox (6.38445pt too wide) in paragraph at lines 367--367
[]|$\OT1/cmr/m/n/6 0\OML/cmm/m/it/6 :\OT1/cmr/m/n/6 2853$| 
 []


Overfull \hbox (2.20569pt too wide) in paragraph at lines 367--367
[]|$\OT1/cmr/m/n/6 1\OML/cmm/m/it/6 :\OT1/cmr/m/n/6 36%$| 
 []


Overfull \hbox (6.38445pt too wide) in paragraph at lines 367--367
[]|$\OT1/cmr/m/n/6 0\OML/cmm/m/it/6 :\OT1/cmr/m/n/6 4973$| 
 []


Overfull \hbox (2.20569pt too wide) in paragraph at lines 367--367
[]|$\OT1/cmr/m/n/6 1\OML/cmm/m/it/6 :\OT1/cmr/m/n/6 70%$| 
 []


Overfull \hbox (6.38445pt too wide) in paragraph at lines 367--367
[]|$\OT1/cmr/m/n/6 0\OML/cmm/m/it/6 :\OT1/cmr/m/n/6 4408$| 
 []


Overfull \hbox (2.20569pt too wide) in paragraph at lines 367--367
[]|$\OT1/cmr/m/n/6 1\OML/cmm/m/it/6 :\OT1/cmr/m/n/6 38%$| 
 []


Overfull \hbox (6.38445pt too wide) in paragraph at lines 367--367
[]|$\OT1/cmr/m/n/6 0\OML/cmm/m/it/6 :\OT1/cmr/m/n/6 2810$| 
 []


Overfull \hbox (2.20569pt too wide) in paragraph at lines 367--369
[]|$\OT1/cmr/m/n/6 0\OML/cmm/m/it/6 :\OT1/cmr/m/n/6 81%$| 
 []


Overfull \hbox (6.38445pt too wide) in paragraph at lines 369--369
[]|$\OT1/cmr/m/n/6 0\OML/cmm/m/it/6 :\OT1/cmr/m/n/6 7252$| 
 []


Overfull \hbox (6.38445pt too wide) in paragraph at lines 369--369
[]|$\OT1/cmr/m/n/6 0\OML/cmm/m/it/6 :\OT1/cmr/m/n/6 2826$| 
 []


Overfull \hbox (6.38445pt too wide) in paragraph at lines 369--369
[]|$\OT1/cmr/m/n/6 0\OML/cmm/m/it/6 :\OT1/cmr/m/n/6 4932$| 
 []


Overfull \hbox (6.38445pt too wide) in paragraph at lines 369--369
[]|$\OT1/cmr/m/n/6 0\OML/cmm/m/it/6 :\OT1/cmr/m/n/6 4359$| 
 []


Overfull \hbox (6.38445pt too wide) in paragraph at lines 369--369
[]|$\OT1/cmr/m/n/6 0\OML/cmm/m/it/6 :\OT1/cmr/m/n/6 2789$| 
 []


Overfull \hbox (6.38445pt too wide) in paragraph at lines 371--371
[]|$\OT1/cmr/m/n/6 0\OML/cmm/m/it/6 :\OT1/cmr/m/n/6 7305$| 
 []


Overfull \hbox (2.20569pt too wide) in paragraph at lines 371--371
[]|$\OT1/cmr/m/n/6 0\OML/cmm/m/it/6 :\OT1/cmr/m/n/6 73%$| 
 []


Overfull \hbox (6.38445pt too wide) in paragraph at lines 371--371
[]|$\OT1/cmr/m/n/6 0\OML/cmm/m/it/6 :\OT1/cmr/m/n/6 2854$| 
 []


Overfull \hbox (2.20569pt too wide) in paragraph at lines 371--371
[]|$\OT1/cmr/m/n/6 0\OML/cmm/m/it/6 :\OT1/cmr/m/n/6 99%$| 
 []


Overfull \hbox (6.38445pt too wide) in paragraph at lines 371--371
[]|$\OT1/cmr/m/n/6 0\OML/cmm/m/it/6 :\OT1/cmr/m/n/6 4977$| 
 []


Overfull \hbox (2.20569pt too wide) in paragraph at lines 371--371
[]|$\OT1/cmr/m/n/6 0\OML/cmm/m/it/6 :\OT1/cmr/m/n/6 91%$| 
 []


Overfull \hbox (6.38445pt too wide) in paragraph at lines 371--371
[]|$\OT1/cmr/m/n/6 0\OML/cmm/m/it/6 :\OT1/cmr/m/n/6 4410$| 
 []


Overfull \hbox (2.20569pt too wide) in paragraph at lines 371--371
[]|$\OT1/cmr/m/n/6 1\OML/cmm/m/it/6 :\OT1/cmr/m/n/6 17%$| 
 []


Overfull \hbox (6.38445pt too wide) in paragraph at lines 371--371
[]|$\OT1/cmr/m/n/6 0\OML/cmm/m/it/6 :\OT1/cmr/m/n/6 2810$| 
 []


Overfull \hbox (2.20569pt too wide) in paragraph at lines 371--373
[]|$\OT1/cmr/m/n/6 0\OML/cmm/m/it/6 :\OT1/cmr/m/n/6 77%$| 
 []


Overfull \hbox (6.38445pt too wide) in paragraph at lines 373--373
[]|$\OT1/cmr/m/n/6 0\OML/cmm/m/it/6 :\OT1/cmr/m/n/6 7092$| 
 []


Overfull \hbox (6.38445pt too wide) in paragraph at lines 373--373
[]|$\OT1/cmr/m/n/6 0\OML/cmm/m/it/6 :\OT1/cmr/m/n/6 2732$| 
 []


Overfull \hbox (6.38445pt too wide) in paragraph at lines 373--373
[]|$\OT1/cmr/m/n/6 0\OML/cmm/m/it/6 :\OT1/cmr/m/n/6 4717$| 
 []


Overfull \hbox (6.38445pt too wide) in paragraph at lines 373--373
[]|$\OT1/cmr/m/n/6 0\OML/cmm/m/it/6 :\OT1/cmr/m/n/6 4163$| 
 []


Overfull \hbox (6.38445pt too wide) in paragraph at lines 373--373
[]|$\OT1/cmr/m/n/6 0\OML/cmm/m/it/6 :\OT1/cmr/m/n/6 2734$| 
 []


Overfull \hbox (6.38445pt too wide) in paragraph at lines 375--375
[]|$\OT1/cmr/m/n/6 0\OML/cmm/m/it/6 :\OT1/cmr/m/n/6 7130$| 
 []


Overfull \hbox (2.20569pt too wide) in paragraph at lines 375--375
[]|$\OT1/cmr/m/n/6 0\OML/cmm/m/it/6 :\OT1/cmr/m/n/6 53%$| 
 []


Overfull \hbox (6.38445pt too wide) in paragraph at lines 375--375
[]|$\OT1/cmr/m/n/6 0\OML/cmm/m/it/6 :\OT1/cmr/m/n/6 2747$| 
 []


Overfull \hbox (2.20569pt too wide) in paragraph at lines 375--375
[]|$\OT1/cmr/m/n/6 0\OML/cmm/m/it/6 :\OT1/cmr/m/n/6 57%$| 
 []


Overfull \hbox (6.38445pt too wide) in paragraph at lines 375--375
[]|$\OT1/cmr/m/n/6 0\OML/cmm/m/it/6 :\OT1/cmr/m/n/6 4740$| 
 []


Overfull \hbox (2.20569pt too wide) in paragraph at lines 375--375
[]|$\OT1/cmr/m/n/6 0\OML/cmm/m/it/6 :\OT1/cmr/m/n/6 48%$| 
 []


Overfull \hbox (6.38445pt too wide) in paragraph at lines 375--375
[]|$\OT1/cmr/m/n/6 0\OML/cmm/m/it/6 :\OT1/cmr/m/n/6 4193$| 
 []


Overfull \hbox (2.20569pt too wide) in paragraph at lines 375--375
[]|$\OT1/cmr/m/n/6 0\OML/cmm/m/it/6 :\OT1/cmr/m/n/6 72%$| 
 []


Overfull \hbox (6.38445pt too wide) in paragraph at lines 375--375
[]|$\OT1/cmr/m/n/6 0\OML/cmm/m/it/6 :\OT1/cmr/m/n/6 2747$| 
 []


Overfull \hbox (2.20569pt too wide) in paragraph at lines 375--377
[]|$\OT1/cmr/m/n/6 0\OML/cmm/m/it/6 :\OT1/cmr/m/n/6 48%$| 
 []


Overfull \hbox (6.38445pt too wide) in paragraph at lines 377--377
[]|$\OT1/cmr/m/n/6 0\OML/cmm/m/it/6 :\OT1/cmr/m/n/6 5231$| 
 []


Overfull \hbox (6.38445pt too wide) in paragraph at lines 377--377
[]|$\OT1/cmr/m/n/6 0\OML/cmm/m/it/6 :\OT1/cmr/m/n/6 8116$| 
 []


Overfull \hbox (6.38445pt too wide) in paragraph at lines 377--377
[]|$\OT1/cmr/m/n/6 0\OML/cmm/m/it/6 :\OT1/cmr/m/n/6 4093$| 
 []


Overfull \hbox (6.38445pt too wide) in paragraph at lines 377--377
[]|$\OT1/cmr/m/n/6 0\OML/cmm/m/it/6 :\OT1/cmr/m/n/6 3407$| 
 []


Overfull \hbox (6.38445pt too wide) in paragraph at lines 377--377
[]|$\OT1/cmr/m/n/6 0\OML/cmm/m/it/6 :\OT1/cmr/m/n/6 2430$| 
 []


Overfull \hbox (6.38445pt too wide) in paragraph at lines 379--379
[]|$\OT1/cmr/m/n/6 0\OML/cmm/m/it/6 :\OT1/cmr/m/n/6 5263$| 
 []


Overfull \hbox (2.20569pt too wide) in paragraph at lines 379--379
[]|$\OT1/cmr/m/n/6 0\OML/cmm/m/it/6 :\OT1/cmr/m/n/6 61%$| 
 []


Overfull \hbox (6.38445pt too wide) in paragraph at lines 379--379
[]|$\OT1/cmr/m/n/6 0\OML/cmm/m/it/6 :\OT1/cmr/m/n/6 8141$| 
 []


Overfull \hbox (2.20569pt too wide) in paragraph at lines 379--379
[]|$\OT1/cmr/m/n/6 0\OML/cmm/m/it/6 :\OT1/cmr/m/n/6 31%$| 
 []


Overfull \hbox (6.38445pt too wide) in paragraph at lines 379--379
[]|$\OT1/cmr/m/n/6 0\OML/cmm/m/it/6 :\OT1/cmr/m/n/6 4126$| 
 []


Overfull \hbox (2.20569pt too wide) in paragraph at lines 379--379
[]|$\OT1/cmr/m/n/6 0\OML/cmm/m/it/6 :\OT1/cmr/m/n/6 81%$| 
 []


Overfull \hbox (6.38445pt too wide) in paragraph at lines 379--379
[]|$\OT1/cmr/m/n/6 0\OML/cmm/m/it/6 :\OT1/cmr/m/n/6 3436$| 
 []


Overfull \hbox (2.20569pt too wide) in paragraph at lines 379--379
[]|$\OT1/cmr/m/n/6 0\OML/cmm/m/it/6 :\OT1/cmr/m/n/6 85%$| 
 []


Overfull \hbox (6.38445pt too wide) in paragraph at lines 379--379
[]|$\OT1/cmr/m/n/6 0\OML/cmm/m/it/6 :\OT1/cmr/m/n/6 2462$| 
 []


Overfull \hbox (2.20569pt too wide) in paragraph at lines 379--380
[]|$\OT1/cmr/m/n/6 1\OML/cmm/m/it/6 :\OT1/cmr/m/n/6 32%$| 
 []


Overfull \hbox (6.38445pt too wide) in paragraph at lines 382--382
[]|$\OT1/cmr/m/n/6 0\OML/cmm/m/it/6 :\OT1/cmr/m/n/6 7931$| 
 []


Overfull \hbox (6.38445pt too wide) in paragraph at lines 382--382
[]|$\OT1/cmr/m/n/6 0\OML/cmm/m/it/6 :\OT1/cmr/m/n/6 3056$| 
 []


Overfull \hbox (6.38445pt too wide) in paragraph at lines 382--382
[]|$\OT1/cmr/m/n/6 0\OML/cmm/m/it/6 :\OT1/cmr/m/n/6 5458$| 
 []


Overfull \hbox (6.38445pt too wide) in paragraph at lines 382--382
[]|$\OT1/cmr/m/n/6 0\OML/cmm/m/it/6 :\OT1/cmr/m/n/6 5015$| 
 []


Overfull \hbox (6.38445pt too wide) in paragraph at lines 382--382
[]|$\OT1/cmr/m/n/6 0\OML/cmm/m/it/6 :\OT1/cmr/m/n/6 2934$| 
 []


Overfull \hbox (6.38445pt too wide) in paragraph at lines 384--384
[]|$\OT1/cmr/m/n/6 0\OML/cmm/m/it/6 :\OT1/cmr/m/n/6 8249$| 
 []


Overfull \hbox (2.20569pt too wide) in paragraph at lines 384--384
[]|$\OT1/cmr/m/n/6 4\OML/cmm/m/it/6 :\OT1/cmr/m/n/6 01%$| 
 []


Overfull \hbox (6.38445pt too wide) in paragraph at lines 384--384
[]|$\OT1/cmr/m/n/6 0\OML/cmm/m/it/6 :\OT1/cmr/m/n/6 3305$| 
 []


Overfull \hbox (2.20569pt too wide) in paragraph at lines 384--384
[]|$\OT1/cmr/m/n/6 8\OML/cmm/m/it/6 :\OT1/cmr/m/n/6 15%$| 
 []


Overfull \hbox (6.38445pt too wide) in paragraph at lines 384--384
[]|$\OT1/cmr/m/n/6 0\OML/cmm/m/it/6 :\OT1/cmr/m/n/6 6063$| 
 []


Overfull \hbox (5.8723pt too wide) in paragraph at lines 384--384
[]|$\OT1/cmr/m/n/6 11\OML/cmm/m/it/6 :\OT1/cmr/m/n/6 09%$| 
 []


Overfull \hbox (6.38445pt too wide) in paragraph at lines 384--384
[]|$\OT1/cmr/m/n/6 0\OML/cmm/m/it/6 :\OT1/cmr/m/n/6 5592$| 
 []


Overfull \hbox (5.8723pt too wide) in paragraph at lines 384--384
[]|$\OT1/cmr/m/n/6 11\OML/cmm/m/it/6 :\OT1/cmr/m/n/6 50%$| 
 []


Overfull \hbox (6.38445pt too wide) in paragraph at lines 384--384
[]|$\OT1/cmr/m/n/6 0\OML/cmm/m/it/6 :\OT1/cmr/m/n/6 3044$| 
 []


Overfull \hbox (2.20569pt too wide) in paragraph at lines 384--386
[]|$\OT1/cmr/m/n/6 3\OML/cmm/m/it/6 :\OT1/cmr/m/n/6 75%$| 
 []


Overfull \hbox (6.38445pt too wide) in paragraph at lines 386--386
[]|$\OT1/cmr/m/n/6 0\OML/cmm/m/it/6 :\OT1/cmr/m/n/6 8132$| 
 []


Overfull \hbox (6.38445pt too wide) in paragraph at lines 386--386
[]|$\OT1/cmr/m/n/6 0\OML/cmm/m/it/6 :\OT1/cmr/m/n/6 3248$| 
 []


Overfull \hbox (6.38445pt too wide) in paragraph at lines 386--386
[]|$\OT1/cmr/m/n/6 0\OML/cmm/m/it/6 :\OT1/cmr/m/n/6 5950$| 
 []


Overfull \hbox (6.38445pt too wide) in paragraph at lines 386--386
[]|$\OT1/cmr/m/n/6 0\OML/cmm/m/it/6 :\OT1/cmr/m/n/6 5463$| 
 []


Overfull \hbox (6.38445pt too wide) in paragraph at lines 386--386
[]|$\OT1/cmr/m/n/6 0\OML/cmm/m/it/6 :\OT1/cmr/m/n/6 3006$| 
 []


Overfull \hbox (6.38445pt too wide) in paragraph at lines 388--388
[]|$\OT1/cmr/m/n/6 0\OML/cmm/m/it/6 :\OT1/cmr/m/n/6 8267$| 
 []


Overfull \hbox (2.20569pt too wide) in paragraph at lines 388--388
[]|$\OT1/cmr/m/n/6 1\OML/cmm/m/it/6 :\OT1/cmr/m/n/6 66%$| 
 []


Overfull \hbox (6.38445pt too wide) in paragraph at lines 388--388
[]|$\OT1/cmr/m/n/6 0\OML/cmm/m/it/6 :\OT1/cmr/m/n/6 3324$| 
 []


Overfull \hbox (2.20569pt too wide) in paragraph at lines 388--388
[]|$\OT1/cmr/m/n/6 2\OML/cmm/m/it/6 :\OT1/cmr/m/n/6 33%$| 
 []


Overfull \hbox (6.38445pt too wide) in paragraph at lines 388--388
[]|$\OT1/cmr/m/n/6 0\OML/cmm/m/it/6 :\OT1/cmr/m/n/6 6112$| 
 []


Overfull \hbox (2.20569pt too wide) in paragraph at lines 388--388
[]|$\OT1/cmr/m/n/6 2\OML/cmm/m/it/6 :\OT1/cmr/m/n/6 72%$| 
 []


Overfull \hbox (6.38445pt too wide) in paragraph at lines 388--388
[]|$\OT1/cmr/m/n/6 0\OML/cmm/m/it/6 :\OT1/cmr/m/n/6 5635$| 
 []


Overfull \hbox (2.20569pt too wide) in paragraph at lines 388--388
[]|$\OT1/cmr/m/n/6 3\OML/cmm/m/it/6 :\OT1/cmr/m/n/6 15%$| 
 []


Overfull \hbox (6.38445pt too wide) in paragraph at lines 388--388
[]|$\OT1/cmr/m/n/6 0\OML/cmm/m/it/6 :\OT1/cmr/m/n/6 3050$| 
 []


Overfull \hbox (2.20569pt too wide) in paragraph at lines 388--390
[]|$\OT1/cmr/m/n/6 1\OML/cmm/m/it/6 :\OT1/cmr/m/n/6 45%$| 
 []


Overfull \hbox (6.38445pt too wide) in paragraph at lines 390--390
[]|$\OT1/cmr/m/n/6 0\OML/cmm/m/it/6 :\OT1/cmr/m/n/6 7431$| 
 []


Overfull \hbox (6.38445pt too wide) in paragraph at lines 390--390
[]|$\OT1/cmr/m/n/6 0\OML/cmm/m/it/6 :\OT1/cmr/m/n/6 2770$| 
 []


Overfull \hbox (6.38445pt too wide) in paragraph at lines 390--390
[]|$\OT1/cmr/m/n/6 0\OML/cmm/m/it/6 :\OT1/cmr/m/n/6 4817$| 
 []


Overfull \hbox (6.38445pt too wide) in paragraph at lines 390--390
[]|$\OT1/cmr/m/n/6 0\OML/cmm/m/it/6 :\OT1/cmr/m/n/6 4398$| 
 []


Overfull \hbox (6.38445pt too wide) in paragraph at lines 390--390
[]|$\OT1/cmr/m/n/6 0\OML/cmm/m/it/6 :\OT1/cmr/m/n/6 2768$| 
 []


Overfull \hbox (6.38445pt too wide) in paragraph at lines 392--392
[]|$\OT1/cmr/m/n/6 0\OML/cmm/m/it/6 :\OT1/cmr/m/n/6 7624$| 
 []


Overfull \hbox (2.20569pt too wide) in paragraph at lines 392--392
[]|$\OT1/cmr/m/n/6 2\OML/cmm/m/it/6 :\OT1/cmr/m/n/6 60%$| 
 []


Overfull \hbox (6.38445pt too wide) in paragraph at lines 392--392
[]|$\OT1/cmr/m/n/6 0\OML/cmm/m/it/6 :\OT1/cmr/m/n/6 2865$| 
 []


Overfull \hbox (2.20569pt too wide) in paragraph at lines 392--392
[]|$\OT1/cmr/m/n/6 3\OML/cmm/m/it/6 :\OT1/cmr/m/n/6 44%$| 
 []


Overfull \hbox (6.38445pt too wide) in paragraph at lines 392--392
[]|$\OT1/cmr/m/n/6 0\OML/cmm/m/it/6 :\OT1/cmr/m/n/6 5007$| 
 []


Overfull \hbox (2.20569pt too wide) in paragraph at lines 392--392
[]|$\OT1/cmr/m/n/6 3\OML/cmm/m/it/6 :\OT1/cmr/m/n/6 95%$| 
 []


Overfull \hbox (6.38445pt too wide) in paragraph at lines 392--392
[]|$\OT1/cmr/m/n/6 0\OML/cmm/m/it/6 :\OT1/cmr/m/n/6 4597$| 
 []


Overfull \hbox (2.20569pt too wide) in paragraph at lines 392--392
[]|$\OT1/cmr/m/n/6 4\OML/cmm/m/it/6 :\OT1/cmr/m/n/6 53%$| 
 []


Overfull \hbox (6.38445pt too wide) in paragraph at lines 392--392
[]|$\OT1/cmr/m/n/6 0\OML/cmm/m/it/6 :\OT1/cmr/m/n/6 2831$| 
 []


Overfull \hbox (2.20569pt too wide) in paragraph at lines 392--394
[]|$\OT1/cmr/m/n/6 2\OML/cmm/m/it/6 :\OT1/cmr/m/n/6 24%$| 
 []


Overfull \hbox (6.38445pt too wide) in paragraph at lines 394--394
[]|$\OT1/cmr/m/n/6 0\OML/cmm/m/it/6 :\OT1/cmr/m/n/6 5395$| 
 []


Overfull \hbox (6.38445pt too wide) in paragraph at lines 394--394
[]|$\OT1/cmr/m/n/6 0\OML/cmm/m/it/6 :\OT1/cmr/m/n/6 6778$| 
 []


Overfull \hbox (6.38445pt too wide) in paragraph at lines 394--394
[]|$\OT1/cmr/m/n/6 0\OML/cmm/m/it/6 :\OT1/cmr/m/n/6 4826$| 
 []


Overfull \hbox (6.38445pt too wide) in paragraph at lines 394--394
[]|$\OT1/cmr/m/n/6 0\OML/cmm/m/it/6 :\OT1/cmr/m/n/6 3975$| 
 []


Overfull \hbox (6.38445pt too wide) in paragraph at lines 394--394
[]|$\OT1/cmr/m/n/6 0\OML/cmm/m/it/6 :\OT1/cmr/m/n/6 2717$| 
 []


Overfull \hbox (6.38445pt too wide) in paragraph at lines 396--396
[]|$\OT1/cmr/m/n/6 0\OML/cmm/m/it/6 :\OT1/cmr/m/n/6 5636$| 
 []


Overfull \hbox (2.20569pt too wide) in paragraph at lines 396--396
[]|$\OT1/cmr/m/n/6 4\OML/cmm/m/it/6 :\OT1/cmr/m/n/6 47%$| 
 []


Overfull \hbox (6.38445pt too wide) in paragraph at lines 396--396
[]|$\OT1/cmr/m/n/6 0\OML/cmm/m/it/6 :\OT1/cmr/m/n/6 6933$| 
 []


Overfull \hbox (2.20569pt too wide) in paragraph at lines 396--396
[]|$\OT1/cmr/m/n/6 2\OML/cmm/m/it/6 :\OT1/cmr/m/n/6 29%$| 
 []


Overfull \hbox (6.38445pt too wide) in paragraph at lines 396--396
[]|$\OT1/cmr/m/n/6 0\OML/cmm/m/it/6 :\OT1/cmr/m/n/6 5140$| 
 []


Overfull \hbox (2.20569pt too wide) in paragraph at lines 396--396
[]|$\OT1/cmr/m/n/6 6\OML/cmm/m/it/6 :\OT1/cmr/m/n/6 51%$| 
 []


Overfull \hbox (6.38445pt too wide) in paragraph at lines 396--396
[]|$\OT1/cmr/m/n/6 0\OML/cmm/m/it/6 :\OT1/cmr/m/n/6 4242$| 
 []


Overfull \hbox (2.20569pt too wide) in paragraph at lines 396--396
[]|$\OT1/cmr/m/n/6 6\OML/cmm/m/it/6 :\OT1/cmr/m/n/6 72%$| 
 []


Overfull \hbox (6.38445pt too wide) in paragraph at lines 396--396
[]|$\OT1/cmr/m/n/6 0\OML/cmm/m/it/6 :\OT1/cmr/m/n/6 2858$| 
 []


Overfull \hbox (2.20569pt too wide) in paragraph at lines 396--397
[]|$\OT1/cmr/m/n/6 5\OML/cmm/m/it/6 :\OT1/cmr/m/n/6 19%$| 
 []


Overfull \hbox (6.38445pt too wide) in paragraph at lines 399--399
[]|$\OT1/cmr/m/n/6 0\OML/cmm/m/it/6 :\OT1/cmr/m/n/6 8732$| 
 []


Overfull \hbox (6.38445pt too wide) in paragraph at lines 399--399
[]|$\OT1/cmr/m/n/6 0\OML/cmm/m/it/6 :\OT1/cmr/m/n/6 4742$| 
 []


Overfull \hbox (6.38445pt too wide) in paragraph at lines 399--399
[]|$\OT1/cmr/m/n/6 0\OML/cmm/m/it/6 :\OT1/cmr/m/n/6 7156$| 
 []


Overfull \hbox (6.38445pt too wide) in paragraph at lines 399--399
[]|$\OT1/cmr/m/n/6 0\OML/cmm/m/it/6 :\OT1/cmr/m/n/6 6368$| 
 []


Overfull \hbox (6.38445pt too wide) in paragraph at lines 399--399
[]|$\OT1/cmr/m/n/6 0\OML/cmm/m/it/6 :\OT1/cmr/m/n/6 4569$| 
 []


Overfull \hbox (6.38445pt too wide) in paragraph at lines 401--401
[]|$\OT1/cmr/m/n/6 0\OML/cmm/m/it/6 :\OT1/cmr/m/n/6 8966$| 
 []


Overfull \hbox (2.20569pt too wide) in paragraph at lines 401--401
[]|$\OT1/cmr/m/n/6 2\OML/cmm/m/it/6 :\OT1/cmr/m/n/6 67%$| 
 []


Overfull \hbox (6.38445pt too wide) in paragraph at lines 401--401
[]|$\OT1/cmr/m/n/6 0\OML/cmm/m/it/6 :\OT1/cmr/m/n/6 5166$| 
 []


Overfull \hbox (2.20569pt too wide) in paragraph at lines 401--401
[]|$\OT1/cmr/m/n/6 8\OML/cmm/m/it/6 :\OT1/cmr/m/n/6 94%$| 
 []


Overfull \hbox (6.38445pt too wide) in paragraph at lines 401--401
[]|$\OT1/cmr/m/n/6 0\OML/cmm/m/it/6 :\OT1/cmr/m/n/6 7882$| 
 []


Overfull \hbox (5.8723pt too wide) in paragraph at lines 401--401
[]|$\OT1/cmr/m/n/6 10\OML/cmm/m/it/6 :\OT1/cmr/m/n/6 14%$| 
 []


Overfull \hbox (6.38445pt too wide) in paragraph at lines 401--401
[]|$\OT1/cmr/m/n/6 0\OML/cmm/m/it/6 :\OT1/cmr/m/n/6 7112$| 
 []


Overfull \hbox (5.8723pt too wide) in paragraph at lines 401--401
[]|$\OT1/cmr/m/n/6 11\OML/cmm/m/it/6 :\OT1/cmr/m/n/6 69%$| 
 []


Overfull \hbox (6.38445pt too wide) in paragraph at lines 401--401
[]|$\OT1/cmr/m/n/6 0\OML/cmm/m/it/6 :\OT1/cmr/m/n/6 4786$| 
 []


Overfull \hbox (2.20569pt too wide) in paragraph at lines 401--403
[]|$\OT1/cmr/m/n/6 4\OML/cmm/m/it/6 :\OT1/cmr/m/n/6 76%$| 
 []


Overfull \hbox (6.38445pt too wide) in paragraph at lines 403--403
[]|$\OT1/cmr/m/n/6 0\OML/cmm/m/it/6 :\OT1/cmr/m/n/6 8934$| 
 []


Overfull \hbox (6.38445pt too wide) in paragraph at lines 403--403
[]|$\OT1/cmr/m/n/6 0\OML/cmm/m/it/6 :\OT1/cmr/m/n/6 5019$| 
 []


Overfull \hbox (6.38445pt too wide) in paragraph at lines 403--403
[]|$\OT1/cmr/m/n/6 0\OML/cmm/m/it/6 :\OT1/cmr/m/n/6 7639$| 
 []


Overfull \hbox (6.38445pt too wide) in paragraph at lines 403--403
[]|$\OT1/cmr/m/n/6 0\OML/cmm/m/it/6 :\OT1/cmr/m/n/6 6821$| 
 []


Overfull \hbox (6.38445pt too wide) in paragraph at lines 403--403
[]|$\OT1/cmr/m/n/6 0\OML/cmm/m/it/6 :\OT1/cmr/m/n/6 4711$| 
 []


Overfull \hbox (6.38445pt too wide) in paragraph at lines 405--405
[]|$\OT1/cmr/m/n/6 0\OML/cmm/m/it/6 :\OT1/cmr/m/n/6 9034$| 
 []


Overfull \hbox (2.20569pt too wide) in paragraph at lines 405--405
[]|$\OT1/cmr/m/n/6 1\OML/cmm/m/it/6 :\OT1/cmr/m/n/6 12%$| 
 []


Overfull \hbox (6.38445pt too wide) in paragraph at lines 405--405
[]|$\OT1/cmr/m/n/6 0\OML/cmm/m/it/6 :\OT1/cmr/m/n/6 5149$| 
 []


Overfull \hbox (2.20569pt too wide) in paragraph at lines 405--405
[]|$\OT1/cmr/m/n/6 2\OML/cmm/m/it/6 :\OT1/cmr/m/n/6 59%$| 
 []


Overfull \hbox (6.38445pt too wide) in paragraph at lines 405--405
[]|$\OT1/cmr/m/n/6 0\OML/cmm/m/it/6 :\OT1/cmr/m/n/6 7854$| 
 []


Overfull \hbox (2.20569pt too wide) in paragraph at lines 405--405
[]|$\OT1/cmr/m/n/6 2\OML/cmm/m/it/6 :\OT1/cmr/m/n/6 82%$| 
 []


Overfull \hbox (6.38445pt too wide) in paragraph at lines 405--405
[]|$\OT1/cmr/m/n/6 0\OML/cmm/m/it/6 :\OT1/cmr/m/n/6 7057$| 
 []


Overfull \hbox (2.20569pt too wide) in paragraph at lines 405--405
[]|$\OT1/cmr/m/n/6 3\OML/cmm/m/it/6 :\OT1/cmr/m/n/6 46%$| 
 []


Overfull \hbox (6.38445pt too wide) in paragraph at lines 405--405
[]|$\OT1/cmr/m/n/6 0\OML/cmm/m/it/6 :\OT1/cmr/m/n/6 4777$| 
 []


Overfull \hbox (2.20569pt too wide) in paragraph at lines 405--407
[]|$\OT1/cmr/m/n/6 1\OML/cmm/m/it/6 :\OT1/cmr/m/n/6 39%$| 
 []


Overfull \hbox (6.38445pt too wide) in paragraph at lines 407--407
[]|$\OT1/cmr/m/n/6 0\OML/cmm/m/it/6 :\OT1/cmr/m/n/6 8405$| 
 []


Overfull \hbox (6.38445pt too wide) in paragraph at lines 407--407
[]|$\OT1/cmr/m/n/6 0\OML/cmm/m/it/6 :\OT1/cmr/m/n/6 4379$| 
 []


Overfull \hbox (6.38445pt too wide) in paragraph at lines 407--407
[]|$\OT1/cmr/m/n/6 0\OML/cmm/m/it/6 :\OT1/cmr/m/n/6 6541$| 
 []


Overfull \hbox (6.38445pt too wide) in paragraph at lines 407--407
[]|$\OT1/cmr/m/n/6 0\OML/cmm/m/it/6 :\OT1/cmr/m/n/6 5685$| 
 []


Overfull \hbox (6.38445pt too wide) in paragraph at lines 407--407
[]|$\OT1/cmr/m/n/6 0\OML/cmm/m/it/6 :\OT1/cmr/m/n/6 4374$| 
 []


Overfull \hbox (6.38445pt too wide) in paragraph at lines 409--409
[]|$\OT1/cmr/m/n/6 0\OML/cmm/m/it/6 :\OT1/cmr/m/n/6 8839$| 
 []


Overfull \hbox (2.20569pt too wide) in paragraph at lines 409--409
[]|$\OT1/cmr/m/n/6 5\OML/cmm/m/it/6 :\OT1/cmr/m/n/6 15%$| 
 []


Overfull \hbox (6.38445pt too wide) in paragraph at lines 409--409
[]|$\OT1/cmr/m/n/6 0\OML/cmm/m/it/6 :\OT1/cmr/m/n/6 5445$| 
 []


Overfull \hbox (5.8723pt too wide) in paragraph at lines 409--409
[]|$\OT1/cmr/m/n/6 24\OML/cmm/m/it/6 :\OT1/cmr/m/n/6 34%$| 
 []


Overfull \hbox (6.38445pt too wide) in paragraph at lines 409--409
[]|$\OT1/cmr/m/n/6 0\OML/cmm/m/it/6 :\OT1/cmr/m/n/6 7987$| 
 []


Overfull \hbox (5.8723pt too wide) in paragraph at lines 409--409
[]|$\OT1/cmr/m/n/6 22\OML/cmm/m/it/6 :\OT1/cmr/m/n/6 11%$| 
 []


Overfull \hbox (6.38445pt too wide) in paragraph at lines 409--409
[]|$\OT1/cmr/m/n/6 0\OML/cmm/m/it/6 :\OT1/cmr/m/n/6 6825$| 
 []


Overfull \hbox (5.8723pt too wide) in paragraph at lines 409--409
[]|$\OT1/cmr/m/n/6 20\OML/cmm/m/it/6 :\OT1/cmr/m/n/6 06%$| 
 []


Overfull \hbox (6.38445pt too wide) in paragraph at lines 409--409
[]|$\OT1/cmr/m/n/6 0\OML/cmm/m/it/6 :\OT1/cmr/m/n/6 5362$| 
 []


Overfull \hbox (5.8723pt too wide) in paragraph at lines 409--411
[]|$\OT1/cmr/m/n/6 22\OML/cmm/m/it/6 :\OT1/cmr/m/n/6 59%$| 
 []


Overfull \hbox (6.38445pt too wide) in paragraph at lines 411--411
[]|$\OT1/cmr/m/n/6 0\OML/cmm/m/it/6 :\OT1/cmr/m/n/6 7933$| 
 []


Overfull \hbox (6.38445pt too wide) in paragraph at lines 411--411
[]|$\OT1/cmr/m/n/6 0\OML/cmm/m/it/6 :\OT1/cmr/m/n/6 9748$| 
 []


Overfull \hbox (6.38445pt too wide) in paragraph at lines 411--411
[]|$\OT1/cmr/m/n/6 0\OML/cmm/m/it/6 :\OT1/cmr/m/n/6 8177$| 
 []


Overfull \hbox (6.38445pt too wide) in paragraph at lines 411--411
[]|$\OT1/cmr/m/n/6 0\OML/cmm/m/it/6 :\OT1/cmr/m/n/6 8104$| 
 []


Overfull \hbox (6.38445pt too wide) in paragraph at lines 411--411
[]|$\OT1/cmr/m/n/6 0\OML/cmm/m/it/6 :\OT1/cmr/m/n/6 7834$| 
 []


Overfull \hbox (6.38445pt too wide) in paragraph at lines 413--413
[]|$\OT1/cmr/m/n/6 0\OML/cmm/m/it/6 :\OT1/cmr/m/n/6 8012$| 
 []


Overfull \hbox (2.20569pt too wide) in paragraph at lines 413--413
[]|$\OT1/cmr/m/n/6 1\OML/cmm/m/it/6 :\OT1/cmr/m/n/6 00%$| 
 []


Overfull \hbox (6.38445pt too wide) in paragraph at lines 413--413
[]|$\OT1/cmr/m/n/6 0\OML/cmm/m/it/6 :\OT1/cmr/m/n/6 9768$| 
 []


Overfull \hbox (2.20569pt too wide) in paragraph at lines 413--413
[]|$\OT1/cmr/m/n/6 0\OML/cmm/m/it/6 :\OT1/cmr/m/n/6 21%$| 
 []


Overfull \hbox (6.38445pt too wide) in paragraph at lines 413--413
[]|$\OT1/cmr/m/n/6 0\OML/cmm/m/it/6 :\OT1/cmr/m/n/6 8334$| 
 []


Overfull \hbox (2.20569pt too wide) in paragraph at lines 413--413
[]|$\OT1/cmr/m/n/6 1\OML/cmm/m/it/6 :\OT1/cmr/m/n/6 92%$| 
 []


Overfull \hbox (6.38445pt too wide) in paragraph at lines 413--413
[]|$\OT1/cmr/m/n/6 0\OML/cmm/m/it/6 :\OT1/cmr/m/n/6 8264$| 
 []


Overfull \hbox (2.20569pt too wide) in paragraph at lines 413--413
[]|$\OT1/cmr/m/n/6 1\OML/cmm/m/it/6 :\OT1/cmr/m/n/6 97%$| 
 []


Overfull \hbox (6.38445pt too wide) in paragraph at lines 413--413
[]|$\OT1/cmr/m/n/6 0\OML/cmm/m/it/6 :\OT1/cmr/m/n/6 7975$| 
 []


Overfull \hbox (2.20569pt too wide) in paragraph at lines 413--414
[]|$\OT1/cmr/m/n/6 1\OML/cmm/m/it/6 :\OT1/cmr/m/n/6 80%$| 
 []


Underfull \hbox (badness 10000) in paragraph at lines 420--421
[]\OT1/ptm/b/n/10 Comparative Meth-ods\OT1/ptm/m/n/10 . We com-pare the non-
 []


Underfull \hbox (badness 4013) in paragraph at lines 420--421
\OT1/ptm/m/n/10 compensatory ver-sions with the orig-i-nal ver-sions on
 []


Underfull \hbox (badness 1389) in paragraph at lines 420--421
\OT1/ptm/m/n/10 In our model the promi-nent as-pect is as-so-ci-ated with
 []

[6]
Underfull \hbox (badness 3503) in paragraph at lines 430--431
\OT1/ptm/m/n/10 not af-fect rank-ing aware mod-els, we im-ple-ment the
 []


Underfull \vbox (badness 1292) has occurred while \output is active []


(./AAAIsubmission.bbl [7]) [8] (./AAAIsubmission.aux) ) 
Here is how much of TeX's memory you used:
 2612 strings out of 493013
 35166 string characters out of 6136992
 174509 words of memory out of 5000000
 6075 multiletter control sequences out of 15000+600000
 31829 words of font info for 75 fonts, out of 8000000 for 9000
 1141 hyphenation exceptions out of 8191
 40i,15n,25p,1127b,304s stack positions out of 5000i,500n,10000p,200000b,80000s
{f:/texlive/2016/texmf-d
ist/fonts/enc/dvips/base/8r.enc}<f:/texlive/2016/texmf-dist/fonts/type1/public/
amsfonts/cm/cmbx10.pfb><f:/texlive/2016/texmf-dist/fonts/type1/public/amsfonts/
cm/cmbx12.pfb><f:/texlive/2016/texmf-dist/fonts/type1/public/amsfonts/cm/cmbx5.
pfb><f:/texlive/2016/texmf-dist/fonts/type1/public/amsfonts/cm/cmbx6.pfb><f:/te
xlive/2016/texmf-dist/fonts/type1/public/amsfonts/cm/cmbx7.pfb><f:/texlive/2016
/texmf-dist/fonts/type1/public/amsfonts/cm/cmex10.pfb><f:/texlive/2016/texmf-di
st/fonts/type1/public/amsfonts/cmextra/cmex7.pfb><f:/texlive/2016/texmf-dist/fo
nts/type1/public/amsfonts/cm/cmmi10.pfb><f:/texlive/2016/texmf-dist/fonts/type1
/public/amsfonts/cm/cmmi12.pfb><f:/texlive/2016/texmf-dist/fonts/type1/public/a
msfonts/cm/cmmi5.pfb><f:/texlive/2016/texmf-dist/fonts/type1/public/amsfonts/cm
/cmmi6.pfb><f:/texlive/2016/texmf-dist/fonts/type1/public/amsfonts/cm/cmmi7.pfb
><f:/texlive/2016/texmf-dist/fonts/type1/public/amsfonts/cm/cmmi9.pfb><f:/texli
ve/2016/texmf-dist/fonts/type1/public/amsfonts/cm/cmr10.pfb><f:/texlive/2016/te
xmf-dist/fonts/type1/public/amsfonts/cm/cmr5.pfb><f:/texlive/2016/texmf-dist/fo
nts/type1/public/amsfonts/cm/cmr6.pfb><f:/texlive/2016/texmf-dist/fonts/type1/p
ublic/amsfonts/cm/cmr7.pfb><f:/texlive/2016/texmf-dist/fonts/type1/public/amsfo
nts/cm/cmssbx10.pfb><f:/texlive/2016/texmf-dist/fonts/type1/public/amsfonts/cm/
cmssi12.pfb><f:/texlive/2016/texmf-dist/fonts/type1/public/amsfonts/cm/cmsy10.p
fb><f:/texlive/2016/texmf-dist/fonts/type1/public/amsfonts/cm/cmsy5.pfb><f:/tex
live/2016/texmf-dist/fonts/type1/public/amsfonts/cm/cmsy6.pfb><f:/texlive/2016/
texmf-dist/fonts/type1/public/amsfonts/cm/cmsy7.pfb><f:/texlive/2016/texmf-dist
/fonts/type1/public/amsfonts/cm/cmsy9.pfb><f:/texlive/2016/texmf-dist/fonts/typ
e1/urw/times/utmb8a.pfb><f:/texlive/2016/texmf-dist/fonts/type1/urw/times/utmr8
a.pfb><f:/texlive/2016/texmf-dist/fonts/type1/urw/times/utmri8a.pfb>
Output written on AAAIsubmission.pdf (8 pages, 309561 bytes).
PDF statistics:
 155 PDF objects out of 1000 (max. 8388607)
 115 compressed objects within 2 object streams
 0 named destinations out of 1000 (max. 500000)
 6 words of extra memory for PDF output out of 10000 (max. 10000000)

